\BOOKMARK [0][-]{section*.2}{\376\377\000N\000o\000t\000a\000t\000i\000o\000n}{}% 1
\BOOKMARK [0][-]{chapter*.4}{\376\377\000P\000r\000e\000f\000a\000c\000e}{}% 2
\BOOKMARK [-1][-]{part.1}{\376\377\000I\000\040\000L\000o\000g\000i\000c\000\040\000a\000n\000d\000\040\000S\000e\000t\000\040\000T\000h\000e\000o\000r\000y}{}% 3
\BOOKMARK [0][-]{section.0.1}{\376\377\000T\000o\000\040\000D\000o}{part.1}% 4
\BOOKMARK [0][-]{chapter.1}{\376\377\000I\000n\000t\000r\000o\000d\000u\000c\000t\000i\000o\000n\000\040\000t\000o\000\040\000L\000o\000g\000i\000c}{part.1}% 5
\BOOKMARK [1][-]{subsection.1.0.1}{\376\377\000Q\000u\000a\000n\000t\000i\000f\000i\000c\000a\000t\000i\000o\000n}{chapter.1}% 6
\BOOKMARK [0][-]{chapter.2}{\376\377\000I\000n\000t\000r\000o\000d\000u\000c\000t\000i\000o\000n\000\040\000t\000o\000\040\000S\000e\000t\000\040\000T\000h\000e\000o\000r\000y}{part.1}% 7
\BOOKMARK [1][-]{section.2.1}{\376\377\000S\000e\000t\000s}{chapter.2}% 8
\BOOKMARK [1][-]{section.2.2}{\376\377\000R\000e\000l\000a\000t\000i\000o\000n\000s}{chapter.2}% 9
\BOOKMARK [1][-]{section.2.3}{\376\377\000F\000u\000n\000c\000t\000i\000o\000n\000s}{chapter.2}% 10
\BOOKMARK [2][-]{subsection.2.3.1}{\376\377\000I\000n\000t\000r\000o\000d\000u\000c\000t\000i\000o\000n}{section.2.3}% 11
\BOOKMARK [2][-]{subsection.2.3.2}{\376\377\000A\000x\000i\000o\000m\000\040\000o\000f\000\040\000C\000h\000o\000i\000c\000e}{section.2.3}% 12
\BOOKMARK [2][-]{subsection.2.3.3}{\376\377\000C\000o\000m\000p\000o\000s\000i\000t\000i\000o\000n}{section.2.3}% 13
\BOOKMARK [3][-]{section*.5}{\376\377\000C\000o\000m\000p\000o\000s\000i\000t\000i\000o\000n\000\040\000a\000n\000d\000\040\000X\000-\000j\000e\000c\000t\000i\000v\000i\000t\000y}{subsection.2.3.3}% 14
\BOOKMARK [2][-]{subsection.2.3.4}{\376\377\000S\000c\000h\000r\000o\000d\000e\000r\000-\000B\000e\000r\000n\000s\000t\000e\000i\000n\000\040\000T\000h\000e\000o\000r\000e\000m\000:}{section.2.3}% 15
\BOOKMARK [1][-]{section.2.4}{\376\377\000E\000q\000u\000i\000v\000a\000l\000e\000n\000c\000e\000\040\000R\000e\000l\000a\000t\000i\000o\000n\000s}{chapter.2}% 16
\BOOKMARK [0][-]{chapter.3}{\376\377\000A\000r\000i\000t\000h\000m\000e\000t\000i\000c}{part.1}% 17
\BOOKMARK [1][-]{subsection.3.0.1}{\376\377\000C\000o\000n\000s\000t\000r\000u\000c\000t\000i\000o\000n\000\040\000o\000f\000\040\000N\000a\000t\000u\000r\000a\000l\000\040\000N\000u\000m\000b\000e\000r\000s}{chapter.3}% 18
\BOOKMARK [-1][-]{part.2}{\376\377\000I\000I\000\040\000A\000l\000g\000e\000b\000r\000a}{}% 19
\BOOKMARK [0][-]{chapter.4}{\376\377\000G\000r\000o\000u\000p\000s}{part.2}% 20
\BOOKMARK [0][-]{chapter.5}{\376\377\000R\000i\000n\000g\000s}{part.2}% 21
\BOOKMARK [0][-]{chapter.6}{\376\377\000V\000e\000c\000t\000o\000r\000\040\000S\000p\000a\000c\000e\000s}{part.2}% 22
\BOOKMARK [-1][-]{part.3}{\376\377\000I\000I\000I\000\040\000A\000n\000a\000l\000y\000s\000i\000s}{}% 23
\BOOKMARK [0][-]{chapter.7}{\376\377\000R\000e\000a\000l\000\040\000N\000u\000m\000b\000e\000r\000s}{part.3}% 24
\BOOKMARK [1][-]{section.7.1}{\376\377\000C\000o\000n\000s\000t\000r\000u\000c\000t\000i\000o\000n\000\040\000a\000n\000d\000\040\000P\000r\000o\000p\000e\000r\000t\000i\000e\000s\000\040\000o\000f\000\040\000R}{chapter.7}% 25
\BOOKMARK [1][-]{section.7.2}{\376\377\000S\000e\000q\000u\000e\000n\000c\000e\000s}{chapter.7}% 26
\BOOKMARK [1][-]{section.7.3}{\376\377\000S\000e\000r\000i\000e\000s}{chapter.7}% 27
\BOOKMARK [1][-]{section.7.4}{\376\377\000L\000i\000m\000i\000t\000s\000\040\000o\000f\000\040\000F\000u\000n\000c\000t\000i\000o\000n\000s}{chapter.7}% 28
\BOOKMARK [0][-]{chapter.8}{\376\377\000D\000i\000f\000f\000e\000r\000e\000n\000t\000i\000a\000t\000i\000o\000n}{part.3}% 29
\BOOKMARK [1][-]{section.8.1}{\376\377\000L\000'\000H\000\364\000p\000i\000t\000a\000l\000'\000s\000\040\000R\000u\000l\000e}{chapter.8}% 30
\BOOKMARK [0][-]{chapter.9}{\376\377\000I\000n\000t\000e\000g\000r\000a\000t\000i\000o\000n}{part.3}% 31
\BOOKMARK [1][-]{section.9.1}{\376\377\000T\000h\000e\000\040\000D\000a\000r\000b\000o\000u\000x\000\040\000I\000n\000t\000e\000g\000r\000a\000l}{chapter.9}% 32
\BOOKMARK [1][-]{section.9.2}{\376\377\000T\000h\000e\000\040\000R\000i\000e\000m\000a\000n\000n\000\040\000I\000n\000t\000e\000g\000r\000a\000l}{chapter.9}% 33
\BOOKMARK [1][-]{section.9.3}{\376\377\000T\000h\000e\000\040\000D\000a\000r\000b\000o\000u\000x\000-\000S\000t\000i\000e\000l\000t\000j\000e\000s\000\040\000I\000n\000t\000e\000g\000r\000a\000l}{chapter.9}% 34
\BOOKMARK [1][-]{section.9.4}{\376\377\000F\000u\000n\000d\000a\000m\000e\000n\000t\000a\000l\000\040\000T\000h\000e\000o\000r\000e\000m\000\040\000o\000f\000\040\000C\000a\000l\000c\000u\000l\000u\000s}{chapter.9}% 35
\BOOKMARK [2][-]{subsection.9.4.1}{\376\377\000L\000o\000g\000a\000r\000i\000t\000h\000m\000i\000c\000\040\000a\000n\000d\000\040\000E\000x\000p\000o\000n\000e\000n\000t\000i\000a\000l\000\040\000F\000u\000n\000c\000t\000i\000o\000n\000s}{section.9.4}% 36
\BOOKMARK [2][-]{subsection.9.4.2}{\376\377\000L\000o\000g\000a\000r\000i\000t\000h\000m\000i\000c\000\040\000F\000u\000n\000c\000t\000i\000o\000n}{section.9.4}% 37
\BOOKMARK [2][-]{subsection.9.4.3}{\376\377\000E\000x\000p\000o\000n\000e\000n\000t\000i\000a\000l\000\040\000F\000u\000n\000c\000t\000i\000o\000n}{section.9.4}% 38
\BOOKMARK [-1][-]{part.4}{\376\377\000I\000V\000\040\000T\000o\000\040\000D\000o\000\040\000a\000n\000d\000\040\000I\000d\000e\000a\000s}{}% 39
\BOOKMARK [0][-]{chapter.10}{\376\377\000A\000n\000g\000l\000e}{part.4}% 40
