\BOOKMARK [0][-]{section*.2}{\376\377\000N\000o\000t\000a\000t\000i\000o\000n}{}% 1
\BOOKMARK [0][-]{chapter*.4}{\376\377\000P\000r\000e\000f\000a\000c\000e}{}% 2
\BOOKMARK [-1][-]{part.1}{\376\377\000I\000\040\000D\000e\000c\000i\000s\000i\000o\000n\000\040\000T\000h\000e\000o\000r\000y}{}% 3
\BOOKMARK [0][-]{chapter.1}{\376\377\000U\000t\000i\000l\000i\000t\000y\000\040\000T\000h\000e\000o\000r\000y}{part.1}% 4
\BOOKMARK [1][-]{section.1.1}{\376\377\000V\000o\000n\000\040\000N\000e\000u\000m\000a\000n\000n\000-\000M\000o\000r\000g\000e\000n\000s\000t\000e\000r\000n\000\040\000E\000x\000p\000e\000c\000t\000e\000d\000\040\000U\000t\000i\000l\000i\000t\000y\000\040\000T\000h\000e\000o\000r\000e\000m}{chapter.1}% 5
\BOOKMARK [1][-]{section.1.2}{\376\377\000I\000n\000t\000r\000o\000d\000u\000c\000t\000i\000o\000n}{chapter.1}% 6
\BOOKMARK [1][-]{section.1.3}{\376\377\000S\000a\000m\000p\000l\000i\000n\000g}{chapter.1}% 7
\BOOKMARK [2][-]{subsection.1.3.1}{\376\377\000I\000n\000v\000e\000r\000s\000e\000\040\000C\000D\000F\000\040\000S\000a\000m\000p\000l\000i\000n\000g}{section.1.3}% 8
\BOOKMARK [2][-]{subsection.1.3.2}{\376\377\000I\000m\000p\000o\000r\000t\000a\000n\000c\000e\000\040\000S\000a\000m\000p\000l\000i\000n\000g}{section.1.3}% 9
\BOOKMARK [2][-]{subsection.1.3.3}{\376\377\000R\000e\000j\000e\000c\000t\000i\000o\000n\000\040\000S\000a\000m\000p\000l\000i\000n\000g}{section.1.3}% 10
\BOOKMARK [1][-]{section.1.4}{\376\377\000D\000e\000c\000i\000s\000i\000o\000n\000\040\000T\000h\000e\000o\000r\000y}{chapter.1}% 11
\BOOKMARK [2][-]{subsection.1.4.1}{\376\377\000I\000n\000t\000r\000o\000d\000u\000c\000t\000i\000o\000n}{section.1.4}% 12
\BOOKMARK [2][-]{subsection.1.4.2}{\376\377\000B\000a\000y\000e\000s\000\040\000R\000i\000s\000k}{section.1.4}% 13
\BOOKMARK [2][-]{subsection.1.4.3}{\376\377\000M\000i\000n\000i\000m\000a\000x\000\040\000E\000s\000t\000i\000m\000a\000t\000i\000o\000n}{section.1.4}% 14
\BOOKMARK [1][-]{section.1.5}{\376\377\000P\000o\000s\000t\000e\000r\000i\000o\000r\000\040\000C\000o\000n\000s\000i\000s\000t\000e\000n\000c\000y}{chapter.1}% 15
\BOOKMARK [2][-]{subsection.1.5.1}{\376\377\000I\000n\000t\000r\000o\000d\000u\000c\000t\000i\000o\000n}{section.1.5}% 16
\BOOKMARK [0][-]{chapter.2}{\376\377\000F\000r\000e\000c\000h\000e\000t\000\040\000M\000e\000a\000n}{part.1}% 17
\BOOKMARK [1][-]{section.2.1}{\376\377\000I\000n\000t\000r\000o\000d\000u\000c\000t\000i\000o\000n}{chapter.2}% 18
\BOOKMARK [2][-]{subsection.2.1.1}{\376\377\000S\000a\000m\000p\000l\000e\000\040\000M\000e\000a\000n\000\040\000i\000n\000\040\000H\000i\000l\000b\000e\000r\000t\000\040\000S\000p\000a\000c\000e}{section.2.1}% 19
\BOOKMARK [2][-]{subsection.2.1.2}{\376\377\000G\000r\000a\000s\000s\000m\000a\000n\000\040\000M\000a\000n\000i\000f\000o\000l\000d}{section.2.1}% 20
