\BOOKMARK [0][-]{section*.2}{\376\377\000N\000o\000t\000a\000t\000i\000o\000n}{}% 1
\BOOKMARK [0][-]{chapter*.4}{\376\377\000P\000r\000e\000f\000a\000c\000e}{}% 2
\BOOKMARK [-1][-]{part.1}{\376\377\000I\000\040\000P\000r\000o\000b\000a\000b\000i\000l\000i\000t\000y}{}% 3
\BOOKMARK [0][-]{chapter.1}{\376\377\000B\000a\000s\000i\000c\000\040\000C\000o\000n\000c\000e\000p\000t\000s}{part.1}% 4
\BOOKMARK [1][-]{section.1.1}{\376\377\000P\000r\000o\000b\000a\000b\000i\000l\000i\000t\000y\000\040\000D\000i\000s\000t\000r\000i\000b\000u\000t\000i\000o\000n\000s}{chapter.1}% 5
\BOOKMARK [1][-]{section.1.2}{\376\377\000I\000n\000d\000e\000p\000e\000n\000d\000e\000n\000c\000e}{chapter.1}% 6
\BOOKMARK [1][-]{section.1.3}{\376\377\000L\000p\000\040\000S\000p\000a\000c\000e\000s\000\040\000f\000o\000r\000\040\000P\000r\000o\000b\000a\000b\000i\000l\000i\000t\000y}{chapter.1}% 7
\BOOKMARK [1][-]{section.1.4}{\376\377\000B\000o\000r\000e\000l\000\040\000C\000a\000n\000t\000e\000l\000l\000i\000\040\000L\000e\000m\000m\000a}{chapter.1}% 8
\BOOKMARK [0][-]{chapter.2}{\376\377\000P\000r\000o\000b\000a\000b\000i\000l\000i\000t\000y\000\040\000o\000n\000\040\000l\000o\000c\000a\000l\000l\000y\000\040\000c\000o\000m\000p\000a\000c\000t\000\040\000G\000r\000o\000u\000p\000s}{part.1}% 9
\BOOKMARK [1][-]{section.2.1}{\376\377\000A\000c\000t\000i\000o\000n\000\040\000o\000n\000\040\000P\000r\000o\000b\000a\000b\000i\000l\000i\000t\000y\000\040\000M\000e\000a\000s\000u\000r\000e\000s}{chapter.2}% 10
\BOOKMARK [0][-]{chapter.3}{\376\377\000G\000a\000u\000s\000s\000i\000a\000n\000\040\000M\000e\000a\000s\000u\000r\000e\000s}{part.1}% 11
\BOOKMARK [1][-]{section.3.1}{\376\377\000G\000a\000u\000s\000s\000i\000a\000n\000\040\000M\000e\000a\000s\000u\000r\000e\000s\000\040\000o\000n\000\040\000R}{chapter.3}% 12
\BOOKMARK [1][-]{section.3.2}{\376\377\000G\000a\000u\000s\000s\000i\000a\000n\000\040\000M\000e\000a\000s\000u\000r\000e\000s\000\040\000o\000n\000\040\000T\000o\000p\000o\000l\000o\000g\000i\000c\000a\000l\000\040\000V\000e\000c\000t\000o\000r\000\040\000S\000p\000a\000c\000e\000s}{chapter.3}% 13
\BOOKMARK [1][-]{section.3.3}{\376\377\000G\000a\000u\000s\000s\000i\000a\000n\000\040\000M\000e\000a\000s\000u\000r\000e\000s\000\040\000o\000n\000\040\000H\000i\000l\000b\000e\000r\000t\000\040\000S\000p\000a\000c\000e\000s}{chapter.3}% 14
\BOOKMARK [0][-]{chapter.4}{\376\377\000W\000e\000a\000k\000\040\000C\000o\000n\000v\000e\000r\000g\000e\000n\000c\000e\000\040\000o\000f\000\040\000M\000e\000a\000s\000u\000r\000e\000s}{part.1}% 15
\BOOKMARK [0][-]{chapter.5}{\376\377\000C\000o\000n\000c\000e\000n\000t\000r\000a\000t\000i\000o\000n\000\040\000I\000n\000e\000q\000u\000a\000l\000i\000t\000i\000e\000s}{part.1}% 16
\BOOKMARK [1][-]{section.5.1}{\376\377\000I\000n\000t\000r\000o\000d\000u\000c\000t\000i\000o\000n}{chapter.5}% 17
\BOOKMARK [1][-]{section.5.2}{\376\377\000S\000u\000b\000\040\000-\000E\000x\000p\000o\000n\000e\000n\000t\000i\000a\000l\000\040\000R\000a\000n\000d\000o\000m\000\040\000V\000a\000r\000i\000a\000b\000l\000e\000s}{chapter.5}% 18
\BOOKMARK [0][-]{chapter.6}{\376\377\000C\000o\000n\000d\000i\000t\000i\000o\000n\000a\000l\000\040\000E\000x\000p\000e\000c\000t\000a\000t\000i\000o\000n\000\040\000a\000n\000d\000\040\000P\000r\000o\000b\000a\000b\000i\000l\000i\000t\000y}{part.1}% 19
\BOOKMARK [1][-]{section.6.1}{\376\377\000C\000o\000n\000d\000i\000t\000i\000o\000n\000a\000l\000\040\000E\000x\000p\000e\000c\000t\000a\000t\000i\000o\000n}{chapter.6}% 20
\BOOKMARK [1][-]{section.6.2}{\376\377\000C\000o\000n\000d\000i\000t\000i\000o\000n\000a\000l\000\040\000P\000r\000o\000b\000a\000b\000i\000l\000i\000t\000y}{chapter.6}% 21
\BOOKMARK [0][-]{chapter.7}{\376\377\000M\000a\000r\000k\000o\000v\000\040\000C\000h\000a\000i\000n\000s}{part.1}% 22
\BOOKMARK [0][-]{chapter.8}{\376\377\000P\000r\000o\000b\000a\000b\000i\000l\000i\000t\000i\000e\000s\000\040\000I\000n\000d\000u\000c\000e\000d\000\040\000b\000y\000\040\000I\000s\000o\000m\000e\000t\000r\000i\000c\000\040\000G\000r\000o\000u\000p\000\040\000A\000c\000t\000i\000o\000n\000s}{part.1}% 23
\BOOKMARK [1][-]{section.8.1}{\376\377\000A\000p\000p\000l\000i\000c\000a\000t\000i\000o\000n\000s\000\040\000t\000o\000\040\000B\000a\000y\000e\000s\000i\000a\000n\000\040\000S\000t\000a\000t\000i\000s\000t\000i\000c\000s}{chapter.8}% 24
\BOOKMARK [0][-]{chapter.9}{\376\377\000P\000r\000o\000j\000e\000c\000t\000i\000v\000e\000\040\000S\000y\000s\000t\000e\000m\000s}{part.1}% 25
\BOOKMARK [-1][-]{part.2}{\376\377\000I\000I\000\040\000S\000t\000o\000c\000h\000a\000s\000t\000i\000c\000\040\000P\000r\000o\000c\000e\000s\000s\000e\000s}{}% 26
\BOOKMARK [0][-]{chapter.10}{\376\377\000B\000a\000s\000i\000c\000\040\000C\000o\000n\000c\000e\000p\000t\000s}{part.2}% 27
\BOOKMARK [1][-]{section.10.1}{\376\377\000F\000i\000l\000t\000r\000a\000t\000i\000o\000n\000s}{chapter.10}% 28
\BOOKMARK [1][-]{section.10.2}{\376\377\000S\000t\000o\000p\000p\000i\000n\000g\000\040\000T\000i\000m\000e\000s}{chapter.10}% 29
\BOOKMARK [1][-]{section.10.3}{\376\377\000S\000t\000o\000c\000h\000a\000s\000t\000i\000c\000\040\000P\000r\000o\000c\000e\000s\000s\000e\000s}{chapter.10}% 30
\BOOKMARK [0][-]{chapter.11}{\376\377\000M\000a\000r\000t\000i\000n\000g\000a\000l\000e\000s}{part.2}% 31
\BOOKMARK [0][-]{chapter.12}{\376\377\000I\000t\000o\000\040\000I\000n\000t\000e\000g\000r\000a\000t\000i\000o\000n}{part.2}% 32
\BOOKMARK [1][-]{section.12.1}{\376\377\000I\000n\000t\000r\000o\000d\000u\000c\000t\000i\000o\000n}{chapter.12}% 33
\BOOKMARK [0][-]{chapter.13}{\376\377\000S\000o\000m\000e\000\040\000T\000o\000y\000\040\000M\000o\000d\000e\000l\000s}{part.2}% 34
\BOOKMARK [1][-]{section.13.1}{\376\377\000T\000w\000o\000\040\000C\000l\000a\000s\000s\000\040\000M\000o\000d\000e\000l}{chapter.13}% 35
\BOOKMARK [1][-]{section.13.2}{\376\377\000E\000X\000T\000R\000A}{chapter.13}% 36
\BOOKMARK [0][-]{chapter.14}{\376\377\000T\000O\000D\000O}{part.2}% 37
\BOOKMARK [0][-]{appendix.A}{\376\377\000S\000u\000m\000m\000a\000t\000i\000o\000n}{part.2}% 38
\BOOKMARK [0][-]{appendix.B}{\376\377\000A\000s\000y\000m\000p\000t\000o\000t\000i\000c\000\040\000N\000o\000t\000a\000t\000i\000o\000n}{part.2}% 39
