\BOOKMARK [0][-]{section*.2}{\376\377\000N\000o\000t\000a\000t\000i\000o\000n}{}% 1
\BOOKMARK [0][-]{chapter*.4}{\376\377\000P\000r\000e\000f\000a\000c\000e}{}% 2
\BOOKMARK [-1][-]{part.1}{\376\377\000I\000\040\000S\000e\000t\000s\000\040\000a\000n\000d\000\040\000L\000o\000g\000i\000c}{}% 3
\BOOKMARK [0][-]{chapter.1}{\376\377\000R\000e\000l\000a\000t\000i\000o\000n\000s}{part.1}% 4
\BOOKMARK [1][-]{section.1.1}{\376\377\000I\000n\000t\000r\000o\000d\000u\000c\000t\000i\000o\000n}{chapter.1}% 5
\BOOKMARK [1][-]{section.1.2}{\376\377\000H\000o\000m\000o\000g\000e\000n\000e\000o\000u\000s\000\040\000R\000e\000l\000a\000t\000i\000o\000n\000s}{chapter.1}% 6
\BOOKMARK [2][-]{subsection.1.2.1}{\376\377\000S\000u\000b\000r\000e\000l\000a\000t\000i\000o\000n\000s}{section.1.2}% 7
\BOOKMARK [2][-]{subsection.1.2.2}{\376\377\000P\000r\000o\000d\000u\000c\000t\000\040\000R\000e\000l\000a\000t\000i\000o\000n\000s}{section.1.2}% 8
\BOOKMARK [1][-]{section.1.3}{\376\377\000B\000i\000n\000a\000r\000y\000\040\000R\000e\000l\000a\000t\000i\000o\000n\000s}{chapter.1}% 9
\BOOKMARK [2][-]{subsection.1.3.1}{\376\377\000S\000u\000b\000r\000e\000l\000a\000t\000i\000o\000n\000s}{section.1.3}% 10
\BOOKMARK [2][-]{subsection.1.3.2}{\376\377\000P\000r\000o\000d\000u\000c\000t\000s\000\040\000o\000f\000\040\000R\000e\000l\000a\000t\000i\000o\000n\000s}{section.1.3}% 11
\BOOKMARK [2][-]{subsection.1.3.3}{\376\377\000S\000u\000b\000r\000e\000l\000a\000t\000i\000o\000n\000s}{section.1.3}% 12
\BOOKMARK [0][-]{chapter.2}{\376\377\000O\000p\000e\000r\000a\000t\000i\000o\000n\000s}{part.1}% 13
\BOOKMARK [0][-]{chapter.3}{\376\377\000E\000q\000u\000i\000v\000a\000l\000e\000n\000c\000e\000\040\000R\000e\000l\000a\000t\000i\000o\000n\000s}{part.1}% 14
\BOOKMARK [1][-]{section.3.1}{\376\377\000I\000n\000t\000r\000o\000d\000u\000c\000t\000i\000o\000n}{chapter.3}% 15
\BOOKMARK [1][-]{section.3.2}{\376\377\000P\000r\000o\000d\000u\000c\000t\000s}{chapter.3}% 16
\BOOKMARK [1][-]{section.3.3}{\376\377\000Q\000u\000o\000t\000i\000e\000n\000t\000s}{chapter.3}% 17
\BOOKMARK [-1][-]{part.2}{\376\377\000I\000I\000\040\000A\000l\000g\000e\000b\000r\000a\000i\000c\000\040\000S\000t\000r\000u\000c\000t\000u\000r\000e\000s}{}% 18
\BOOKMARK [0][-]{chapter.4}{\376\377\000G\000r\000o\000u\000p\000s}{part.2}% 19
\BOOKMARK [1][-]{section.4.1}{\376\377\000S\000e\000m\000i\000g\000r\000o\000u\000p\000s}{chapter.4}% 20
\BOOKMARK [1][-]{section.4.2}{\376\377\000M\000o\000n\000o\000i\000d\000s}{chapter.4}% 21
\BOOKMARK [1][-]{section.4.3}{\376\377\000S\000u\000b\000g\000r\000o\000u\000p\000s}{chapter.4}% 22
\BOOKMARK [1][-]{section.4.4}{\376\377\000D\000i\000r\000e\000c\000t\000\040\000P\000r\000o\000d\000u\000c\000t\000s}{chapter.4}% 23
\BOOKMARK [1][-]{section.4.5}{\376\377\000Q\000u\000o\000t\000i\000e\000n\000t\000\040\000G\000r\000o\000u\000p\000s}{chapter.4}% 24
\BOOKMARK [0][-]{chapter.5}{\376\377\000R\000i\000n\000g\000s}{part.2}% 25
\BOOKMARK [1][-]{section.5.1}{\376\377\000I\000n\000t\000r\000o\000d\000u\000c\000t\000i\000o\000n}{chapter.5}% 26
\BOOKMARK [0][-]{chapter.6}{\376\377\000M\000o\000d\000u\000l\000e\000s}{part.2}% 27
\BOOKMARK [1][-]{section.6.1}{\376\377\000I\000n\000t\000r\000o\000d\000u\000c\000t\000i\000o\000n}{chapter.6}% 28
\BOOKMARK [0][-]{chapter.7}{\376\377\000V\000e\000c\000t\000o\000r\000\040\000S\000p\000a\000c\000e\000s}{part.2}% 29
\BOOKMARK [1][-]{section.7.1}{\376\377\000I\000n\000t\000r\000o\000d\000u\000c\000t\000i\000o\000n}{chapter.7}% 30
\BOOKMARK [1][-]{section.7.2}{\376\377\000S\000u\000b\000s\000p\000a\000c\000e\000s}{chapter.7}% 31
\BOOKMARK [1][-]{section.7.3}{\376\377\000D\000i\000r\000e\000c\000t\000\040\000S\000u\000m\000s}{chapter.7}% 32
\BOOKMARK [1][-]{section.7.4}{\376\377\000Q\000u\000o\000t\000i\000e\000n\000t\000s}{chapter.7}% 33
\BOOKMARK [1][-]{section.7.5}{\376\377\000B\000a\000s\000e\000s}{chapter.7}% 34
\BOOKMARK [1][-]{section.7.6}{\376\377\000D\000u\000a\000l\000i\000t\000y}{chapter.7}% 35
\BOOKMARK [1][-]{section.7.7}{\376\377\000M\000u\000l\000t\000i\000l\000i\000n\000e\000a\000r\000\040\000M\000a\000p\000s}{chapter.7}% 36
\BOOKMARK [1][-]{section.7.8}{\376\377\000T\000e\000n\000s\000o\000r\000\040\000P\000r\000o\000d\000u\000c\000t\000s}{chapter.7}% 37
\BOOKMARK [0][-]{chapter.8}{\376\377\000F\000i\000e\000l\000d\000s}{part.2}% 38
\BOOKMARK [0][-]{chapter.9}{\376\377\000Q\000u\000i\000v\000e\000r\000s}{part.2}% 39
\BOOKMARK [1][-]{section.9.1}{\376\377\000I\000n\000t\000r\000o\000d\000u\000c\000t\000i\000o\000n}{chapter.9}% 40
\BOOKMARK [1][-]{section.9.2}{\376\377\000S\000u\000b\000q\000u\000i\000v\000e\000r\000s}{chapter.9}% 41
\BOOKMARK [0][-]{chapter.10}{\376\377\000S\000o\000m\000e\000\040\000C\000h\000a\000p\000t\000e\000r}{part.2}% 42
\BOOKMARK [1][-]{section.10.1}{\376\377\000C\000l\000o\000s\000u\000r\000e\000\040\000O\000p\000e\000r\000a\000t\000o\000r\000s}{chapter.10}% 43
\BOOKMARK [0][-]{chapter.11}{\376\377\000U\000n\000i\000v\000e\000r\000s\000a\000l\000\040\000A\000l\000g\000e\000b\000r\000a}{part.2}% 44
\BOOKMARK [1][-]{section.11.1}{\376\377\000I\000n\000t\000r\000o\000d\000u\000c\000t\000i\000o\000n}{chapter.11}% 45
\BOOKMARK [1][-]{section.11.2}{\376\377\000S\000u\000b\000a\000l\000g\000e\000b\000r\000a\000s}{chapter.11}% 46
\BOOKMARK [1][-]{section.11.3}{\376\377\000C\000o\000n\000g\000r\000u\000e\000n\000c\000e\000s}{chapter.11}% 47
\BOOKMARK [0][-]{appendix.A}{\376\377\000S\000u\000m\000m\000a\000t\000i\000o\000n}{part.2}% 48
\BOOKMARK [0][-]{appendix.B}{\376\377\000A\000s\000y\000m\000p\000t\000o\000t\000i\000c\000\040\000N\000o\000t\000a\000t\000i\000o\000n}{part.2}% 49
\BOOKMARK [0][-]{appendix.C}{\376\377\000C\000a\000t\000e\000g\000o\000r\000i\000e\000s}{part.2}% 50
\BOOKMARK [0][-]{appendix.D}{\376\377\000V\000e\000c\000t\000o\000r\000\040\000S\000p\000a\000c\000e\000s}{part.2}% 51
\BOOKMARK [1][-]{section.D.1}{\376\377\000I\000n\000t\000r\000o\000d\000u\000c\000t\000i\000o\000n}{appendix.D}% 52
\BOOKMARK [1][-]{section.D.2}{\376\377\000B\000a\000s\000e\000s}{appendix.D}% 53
\BOOKMARK [1][-]{section.D.3}{\376\377\000M\000u\000l\000t\000i\000l\000i\000n\000e\000a\000r\000\040\000M\000a\000p\000s}{appendix.D}% 54
\BOOKMARK [1][-]{section.D.4}{\376\377\000T\000e\000n\000s\000o\000r\000\040\000P\000r\000o\000d\000u\000c\000t\000s}{appendix.D}% 55
