\BOOKMARK [1][-]{section.1}{1. Algebra and Analysis of Sets}{}% 1
\BOOKMARK [2][-]{subsection.1.1}{1.1. Limits}{section.1}% 2
\BOOKMARK [2][-]{subsection.1.2}{1.2. Classes of sets}{section.1}% 3
\BOOKMARK [1][-]{section.2}{2. Measures}{}% 4
\BOOKMARK [2][-]{subsection.2.1}{2.1. Measures}{section.2}% 5
\BOOKMARK [2][-]{subsection.2.2}{2.2. Outer Measures}{section.2}% 6
\BOOKMARK [2][-]{subsection.2.3}{2.3. Product Measures}{section.2}% 7
\BOOKMARK [1][-]{section.3}{3. Integration}{}% 8
\BOOKMARK [2][-]{subsection.3.1}{3.1. Measurable Functions}{section.3}% 9
\BOOKMARK [2][-]{subsection.3.2}{3.2. Integration of Nonnegative Functions}{section.3}% 10
\BOOKMARK [2][-]{subsection.3.3}{3.3. Integration of Complex Valued Functions}{section.3}% 11
\BOOKMARK [2][-]{subsection.3.4}{3.4. Integration on Product Spaces}{section.3}% 12
\BOOKMARK [2][-]{subsection.3.5}{3.5. Convergence}{section.3}% 13
\BOOKMARK [1][-]{section.4}{4. Differentiation}{}% 14
\BOOKMARK [2][-]{subsection.4.1}{4.1. Signed Measures}{section.4}% 15
\BOOKMARK [2][-]{subsection.4.2}{4.2. The Lebesgue-Radon-Nikodym Theorem}{section.4}% 16
\BOOKMARK [2][-]{subsection.4.3}{4.3. Complex Measures}{section.4}% 17
\BOOKMARK [2][-]{subsection.4.4}{4.4. Differentiation}{section.4}% 18
\BOOKMARK [2][-]{subsection.4.5}{4.5. Functions of Bounded Variation}{section.4}% 19
\BOOKMARK [1][-]{section.5}{5. Topology}{}% 20
\BOOKMARK [1][-]{section.6}{6. Lp Spaces}{}% 21
\BOOKMARK [1][-]{section.7}{7. Functional Analysis}{}% 22
\BOOKMARK [2][-]{subsection.7.1}{7.1. Normed Vector Spaces}{section.7}% 23
\BOOKMARK [2][-]{subsection.7.2}{7.2. Linear Functionals}{section.7}% 24
\BOOKMARK [2][-]{subsection.7.3}{7.3. The Baire Category Theorem and Consequences}{section.7}% 25
\BOOKMARK [2][-]{subsection.7.4}{7.4. Hilbert Spaces}{section.7}% 26
\BOOKMARK [1][-]{section.8}{8. Radon Measures}{}% 27
\BOOKMARK [1][-]{section.9}{9. Haar Measure}{}% 28
\BOOKMARK [2][-]{subsection.9.1}{9.1. Topological Groups}{section.9}% 29
\BOOKMARK [2][-]{subsection.9.2}{9.2. Haar Measure}{section.9}% 30
\BOOKMARK [2][-]{subsection.9.3}{9.3. Generalization}{section.9}% 31
\BOOKMARK [2][-]{subsection.9.4}{9.4. Fundamental Examples}{section.9}% 32
\BOOKMARK [1][-]{section.10}{10. Probability}{}% 33
\BOOKMARK [2][-]{subsection.10.1}{10.1. Distributions}{section.10}% 34
\BOOKMARK [2][-]{subsection.10.2}{10.2. Independence}{section.10}% 35
\BOOKMARK [2][-]{subsection.10.3}{10.3. Lp Spaces for Probability}{section.10}% 36
\BOOKMARK [2][-]{subsection.10.4}{10.4. Borel Cantelli Lemma}{section.10}% 37
\BOOKMARK [1][-]{section.11}{11. Appendix}{}% 38
\BOOKMARK [2][-]{subsection.11.1}{11.1. Summation}{section.11}% 39
