\BOOKMARK [0][-]{section*.2}{\376\377\000N\000o\000t\000a\000t\000i\000o\000n}{}% 1
\BOOKMARK [0][-]{chapter*.4}{\376\377\000P\000r\000e\000f\000a\000c\000e}{}% 2
\BOOKMARK [-1][-]{part.1}{\376\377\000I\000\040\000S\000e\000t\000s}{}% 3
\BOOKMARK [0][-]{chapter.1}{\376\377\000R\000e\000l\000a\000t\000i\000o\000n\000s}{part.1}% 4
\BOOKMARK [1][-]{section.1.1}{\376\377\000I\000n\000t\000r\000o\000d\000u\000c\000t\000i\000o\000n}{chapter.1}% 5
\BOOKMARK [1][-]{section.1.2}{\376\377\000H\000o\000m\000o\000g\000e\000n\000e\000o\000u\000s\000\040\000R\000e\000l\000a\000t\000i\000o\000n\000s}{chapter.1}% 6
\BOOKMARK [2][-]{subsection.1.2.1}{\376\377\000S\000u\000b\000r\000e\000l\000a\000t\000i\000o\000n\000s}{section.1.2}% 7
\BOOKMARK [2][-]{subsection.1.2.2}{\376\377\000P\000r\000o\000d\000u\000c\000t\000\040\000R\000e\000l\000a\000t\000i\000o\000n\000s}{section.1.2}% 8
\BOOKMARK [1][-]{section.1.3}{\376\377\000B\000i\000n\000a\000r\000y\000\040\000R\000e\000l\000a\000t\000i\000o\000n\000s}{chapter.1}% 9
\BOOKMARK [2][-]{subsection.1.3.1}{\376\377\000S\000u\000b\000r\000e\000l\000a\000t\000i\000o\000n\000s}{section.1.3}% 10
\BOOKMARK [2][-]{subsection.1.3.2}{\376\377\000P\000r\000o\000d\000u\000c\000t\000s\000\040\000o\000f\000\040\000R\000e\000l\000a\000t\000i\000o\000n\000s}{section.1.3}% 11
\BOOKMARK [2][-]{subsection.1.3.3}{\376\377\000S\000u\000b\000r\000e\000l\000a\000t\000i\000o\000n\000s}{section.1.3}% 12
\BOOKMARK [0][-]{chapter.2}{\376\377\000O\000p\000e\000r\000a\000t\000i\000o\000n\000s}{part.1}% 13
\BOOKMARK [0][-]{chapter.3}{\376\377\000E\000q\000u\000i\000v\000a\000l\000e\000n\000c\000e\000\040\000R\000e\000l\000a\000t\000i\000o\000n\000s}{part.1}% 14
\BOOKMARK [1][-]{section.3.1}{\376\377\000I\000n\000t\000r\000o\000d\000u\000c\000t\000i\000o\000n}{chapter.3}% 15
\BOOKMARK [1][-]{section.3.2}{\376\377\000P\000r\000o\000d\000u\000c\000t\000s}{chapter.3}% 16
\BOOKMARK [1][-]{section.3.3}{\376\377\000Q\000u\000o\000t\000i\000e\000n\000t\000s}{chapter.3}% 17
\BOOKMARK [-1][-]{part.2}{\376\377\000I\000I\000\040\000O\000r\000d\000e\000r\000e\000d\000\040\000S\000e\000t\000s}{}% 18
\BOOKMARK [0][-]{section.3.4}{\376\377\000T\000o\000\040\000D\000o}{part.2}% 19
\BOOKMARK [0][-]{chapter.4}{\376\377\000P\000r\000o\000s\000e\000t\000s}{part.2}% 20
\BOOKMARK [1][-]{section.4.1}{\376\377\000I\000n\000t\000r\000o\000d\000u\000c\000t\000i\000o\000n}{chapter.4}% 21
\BOOKMARK [1][-]{section.4.2}{\376\377\000S\000u\000b\000p\000r\000o\000s\000e\000t\000s}{chapter.4}% 22
\BOOKMARK [1][-]{section.4.3}{\376\377\000P\000r\000o\000d\000u\000c\000t\000s}{chapter.4}% 23
\BOOKMARK [1][-]{section.4.4}{\376\377\000Q\000u\000o\000t\000i\000e\000n\000t\000s}{chapter.4}% 24
\BOOKMARK [0][-]{chapter.5}{\376\377\000P\000o\000s\000e\000t\000s}{part.2}% 25
\BOOKMARK [1][-]{section.5.1}{\376\377\000I\000n\000t\000r\000o\000d\000u\000c\000t\000i\000o\000n}{chapter.5}% 26
\BOOKMARK [0][-]{chapter.6}{\376\377\000D\000i\000r\000e\000c\000t\000e\000d\000\040\000S\000e\000t\000s}{part.2}% 27
\BOOKMARK [1][-]{section.6.1}{\376\377\000I\000n\000t\000r\000o\000d\000u\000c\000t\000i\000o\000n}{chapter.6}% 28
\BOOKMARK [1][-]{section.6.2}{\376\377\000S\000u\000b\000d\000i\000r\000e\000c\000t\000e\000d\000\040\000S\000e\000t\000s}{chapter.6}% 29
\BOOKMARK [1][-]{section.6.3}{\376\377\000P\000r\000o\000d\000u\000c\000t\000s\000\040\000o\000f\000\040\000D\000i\000r\000e\000c\000t\000e\000d\000\040\000S\000e\000t\000s}{chapter.6}% 30
\BOOKMARK [0][-]{chapter.7}{\376\377\000M\000o\000n\000o\000t\000o\000n\000e\000\040\000M\000a\000p\000s}{part.2}% 31
\BOOKMARK [1][-]{section.7.1}{\376\377\000I\000n\000t\000r\000o\000d\000u\000c\000t\000i\000o\000n}{chapter.7}% 32
\BOOKMARK [1][-]{section.7.2}{\376\377\000G\000a\000l\000o\000i\000s\000\040\000C\000o\000n\000n\000e\000c\000t\000i\000o\000n\000s}{chapter.7}% 33
\BOOKMARK [0][-]{chapter.8}{\376\377\000U\000p\000p\000e\000r\000\040\000a\000n\000d\000\040\000L\000o\000w\000e\000r\000\040\000S\000e\000t\000s}{part.2}% 34
\BOOKMARK [1][-]{section.8.1}{\376\377\000I\000n\000t\000r\000o\000d\000u\000c\000t\000i\000o\000n}{chapter.8}% 35
\BOOKMARK [1][-]{section.8.2}{\376\377\000M\000a\000x\000i\000m\000a\000l\000\040\000E\000l\000e\000m\000e\000n\000t\000s}{chapter.8}% 36
\BOOKMARK [0][-]{chapter.9}{\376\377\000S\000u\000p\000r\000e\000m\000a\000\040\000a\000n\000d\000\040\000I\000n\000f\000i\000m\000a}{part.2}% 37
\BOOKMARK [1][-]{section.9.1}{\376\377\000U\000p\000p\000e\000r\000\040\000a\000n\000d\000\040\000L\000o\000w\000e\000r\000\040\000B\000o\000u\000n\000d\000s}{chapter.9}% 38
\BOOKMARK [1][-]{section.9.2}{\376\377\000S\000u\000p\000S\000e\000t\000s\000\040\000a\000n\000d\000\040\000I\000n\000f\000S\000e\000t\000s}{chapter.9}% 39
\BOOKMARK [1][-]{section.9.3}{\376\377\000S\000u\000p\000r\000e\000m\000a\000\040\000a\000n\000d\000\040\000I\000n\000f\000i\000m\000a}{chapter.9}% 40
\BOOKMARK [0][-]{chapter.10}{\376\377\000S\000t\000r\000u\000c\000t\000u\000r\000e\000s\000\040\000o\000n\000\040\000O\000r\000d\000e\000r\000e\000d\000\040\000S\000e\000t\000s}{part.2}% 41
\BOOKMARK [1][-]{section.10.1}{\376\377\000I\000d\000e\000a\000l\000s\000\040\000a\000n\000d\000\040\000F\000i\000l\000t\000e\000r\000s}{chapter.10}% 42
\BOOKMARK [-1][-]{part.3}{\376\377\000I\000I\000I\000\040\000L\000a\000t\000t\000i\000c\000e\000s}{}% 43
\BOOKMARK [0][-]{chapter.11}{\376\377\000L\000a\000t\000t\000i\000c\000e\000s}{part.3}% 44
\BOOKMARK [1][-]{section.11.1}{\376\377\000S\000e\000m\000i\000l\000a\000t\000t\000i\000c\000e\000s}{chapter.11}% 45
\BOOKMARK [2][-]{subsection.11.1.1}{\376\377\000S\000k\000e\000w\000\040\000S\000e\000m\000i\000l\000a\000t\000t\000i\000c\000e\000s}{section.11.1}% 46
\BOOKMARK [2][-]{subsection.11.1.2}{\376\377\000S\000k\000e\000w\000\040\000S\000e\000m\000i\000l\000a\000t\000t\000i\000c\000e\000\040\000H\000o\000m\000o\000m\000o\000r\000p\000h\000i\000s\000m\000s}{section.11.1}% 47
\BOOKMARK [2][-]{subsection.11.1.3}{\376\377\000S\000e\000m\000i\000l\000a\000t\000t\000i\000c\000e\000s}{section.11.1}% 48
\BOOKMARK [2][-]{subsection.11.1.4}{\376\377\000S\000e\000m\000i\000l\000a\000t\000t\000i\000c\000e\000\040\000H\000o\000m\000o\000m\000o\000r\000p\000h\000i\000s\000m\000s}{section.11.1}% 49
\BOOKMARK [2][-]{subsection.11.1.5}{\376\377\000S\000e\000m\000i\000l\000a\000t\000t\000i\000c\000e\000\040\000S\000t\000r\000u\000c\000t\000u\000r\000e\000s}{section.11.1}% 50
\BOOKMARK [1][-]{section.11.2}{\376\377\000L\000a\000t\000t\000i\000c\000e\000s}{chapter.11}% 51
\BOOKMARK [2][-]{subsection.11.2.1}{\376\377\000S\000k\000e\000w\000\040\000L\000a\000t\000t\000i\000c\000e\000s}{section.11.2}% 52
\BOOKMARK [2][-]{subsection.11.2.2}{\376\377\000L\000a\000t\000t\000i\000c\000e\000s}{section.11.2}% 53
\BOOKMARK [2][-]{subsection.11.2.3}{\376\377\000L\000a\000t\000t\000i\000c\000e\000\040\000H\000o\000m\000o\000m\000o\000r\000p\000h\000i\000s\000m\000s}{section.11.2}% 54
\BOOKMARK [1][-]{section.11.3}{\376\377\000F\000u\000n\000d\000a\000m\000e\000n\000t\000a\000l\000\040\000E\000x\000a\000m\000p\000l\000e\000s}{chapter.11}% 55
\BOOKMARK [2][-]{subsection.11.3.1}{\376\377\000B\000o\000u\000n\000d\000e\000d\000,\000\040\000M\000o\000d\000u\000l\000a\000r\000\040\000a\000n\000d\000\040\000D\000i\000s\000t\000r\000i\000b\000u\000t\000i\000v\000e\000\040\000L\000a\000t\000t\000i\000c\000e\000s}{section.11.3}% 56
\BOOKMARK [2][-]{subsection.11.3.2}{\376\377\000H\000e\000y\000t\000i\000n\000g\000\040\000A\000l\000g\000e\000b\000r\000a\000s}{section.11.3}% 57
\BOOKMARK [2][-]{subsection.11.3.3}{\376\377\000B\000o\000o\000l\000e\000a\000n\000\040\000A\000l\000g\000e\000b\000r\000a\000s}{section.11.3}% 58
\BOOKMARK [1][-]{section.11.4}{\376\377\000L\000a\000t\000t\000i\000c\000e\000\040\000S\000t\000r\000u\000c\000t\000u\000r\000e\000s}{chapter.11}% 59
\BOOKMARK [2][-]{subsection.11.4.1}{\376\377\000I\000r\000r\000e\000d\000u\000c\000i\000b\000i\000l\000i\000t\000y\000\040\000a\000n\000d\000\040\000P\000r\000i\000m\000a\000l\000i\000t\000y}{section.11.4}% 60
\BOOKMARK [2][-]{subsection.11.4.2}{\376\377\000I\000d\000e\000a\000l\000s\000\040\000a\000n\000d\000\040\000F\000i\000l\000t\000e\000r\000s}{section.11.4}% 61
\BOOKMARK [2][-]{subsection.11.4.3}{\376\377\000P\000r\000o\000p\000e\000r\000t\000i\000e\000s\000\040\000o\000f\000\040\000I\000d\000e\000a\000l\000s\000\040\000a\000n\000d\000\040\000F\000i\000l\000t\000e\000r\000s}{section.11.4}% 62
\BOOKMARK [1][-]{section.11.5}{\376\377\000C\000o\000n\000t\000r\000u\000c\000t\000i\000o\000n\000s\000\040\000w\000i\000t\000h\000\040\000L\000a\000t\000t\000i\000c\000e\000s}{chapter.11}% 63
\BOOKMARK [2][-]{subsection.11.5.1}{\376\377\000S\000u\000b\000l\000a\000t\000t\000i\000c\000e\000s}{section.11.5}% 64
\BOOKMARK [2][-]{subsection.11.5.2}{\376\377\000P\000r\000o\000d\000u\000c\000t\000\040\000L\000a\000t\000t\000i\000c\000e\000s}{section.11.5}% 65
\BOOKMARK [2][-]{subsection.11.5.3}{\376\377\000C\000o\000p\000r\000o\000d\000u\000c\000t\000\040\000L\000a\000t\000t\000i\000c\000e\000s}{section.11.5}% 66
\BOOKMARK [2][-]{subsection.11.5.4}{\376\377\000Q\000u\000o\000t\000i\000e\000n\000t\000\040\000L\000a\000t\000t\000i\000c\000e\000s}{section.11.5}% 67
\BOOKMARK [0][-]{chapter.12}{\376\377\000C\000o\000m\000p\000l\000e\000t\000e\000\040\000L\000a\000t\000t\000i\000c\000e\000s}{part.3}% 68
\BOOKMARK [1][-]{section.12.1}{\376\377\000I\000n\000t\000r\000o\000d\000u\000c\000t\000i\000o\000n}{chapter.12}% 69
\BOOKMARK [1][-]{section.12.2}{\376\377\000C\000o\000m\000p\000l\000e\000t\000e\000\040\000L\000a\000t\000t\000i\000c\000e\000\040\000H\000o\000m\000o\000m\000o\000r\000p\000h\000i\000s\000m\000s}{chapter.12}% 70
\BOOKMARK [1][-]{section.12.3}{\376\377\000P\000r\000o\000p\000e\000r\000t\000i\000e\000s\000\040\000o\000f\000\040\000I\000d\000e\000a\000l\000s\000\040\000a\000n\000d\000\040\000F\000i\000l\000t\000e\000r\000s}{chapter.12}% 71
\BOOKMARK [2][-]{subsection.12.3.1}{\376\377\000P\000r\000i\000m\000e\000\040\000I\000d\000e\000a\000l\000s\000\040\000a\000n\000d\000\040\000F\000i\000l\000t\000e\000r\000s\000\040\000i\000n\000\040\000C\000o\000m\000p\000l\000e\000t\000e\000\040\000L\000a\000t\000t\000i\000c\000e\000s}{section.12.3}% 72
\BOOKMARK [1][-]{section.12.4}{\376\377\000C\000o\000n\000s\000t\000r\000u\000c\000t\000i\000o\000n\000s\000\040\000w\000i\000t\000h\000\040\000C\000o\000m\000p\000l\000e\000t\000e\000\040\000L\000a\000t\000t\000i\000c\000e\000s}{chapter.12}% 73
\BOOKMARK [2][-]{subsection.12.4.1}{\376\377\000C\000o\000m\000p\000l\000e\000t\000e\000\040\000S\000u\000b\000l\000a\000t\000t\000i\000c\000e\000s}{section.12.4}% 74
\BOOKMARK [2][-]{subsection.12.4.2}{\376\377\000P\000r\000o\000d\000u\000c\000t\000s\000\040\000o\000f\000\040\000C\000o\000m\000p\000l\000e\000t\000e\000\040\000L\000a\000t\000t\000i\000c\000e\000s}{section.12.4}% 75
\BOOKMARK [2][-]{subsection.12.4.3}{\376\377\000C\000o\000p\000r\000o\000d\000u\000c\000t\000s\000\040\000o\000f\000\040\000C\000o\000m\000p\000l\000e\000t\000e\000\040\000L\000a\000t\000t\000i\000c\000e\000s}{section.12.4}% 76
\BOOKMARK [2][-]{subsection.12.4.4}{\376\377\000Q\000u\000o\000t\000i\000e\000n\000t\000s\000\040\000o\000f\000\040\000C\000o\000m\000p\000l\000e\000t\000e\000\040\000L\000a\000t\000t\000i\000c\000e\000s}{section.12.4}% 77
\BOOKMARK [1][-]{section.12.5}{\376\377\000F\000u\000n\000d\000a\000m\000e\000n\000t\000a\000l\000\040\000E\000x\000a\000m\000p\000l\000e\000s}{chapter.12}% 78
\BOOKMARK [2][-]{subsection.12.5.1}{\376\377\000I\000n\000t\000r\000o\000d\000u\000c\000t\000i\000o\000n}{section.12.5}% 79
\BOOKMARK [2][-]{subsection.12.5.2}{\376\377\000S\000e\000t\000s}{section.12.5}% 80
\BOOKMARK [2][-]{subsection.12.5.3}{\376\377\000E\000q\000u\000i\000v\000a\000l\000e\000n\000c\000e\000\040\000R\000e\000l\000a\000t\000i\000o\000n\000s}{section.12.5}% 81
\BOOKMARK [2][-]{subsection.12.5.4}{\376\377\000I\000d\000e\000a\000l\000\040\000a\000n\000d\000\040\000F\000i\000l\000t\000e\000r\000\040\000L\000a\000t\000t\000i\000c\000e\000s}{section.12.5}% 82
\BOOKMARK [2][-]{subsection.12.5.5}{\376\377\000T\000o\000p\000o\000l\000o\000g\000i\000c\000a\000l\000\040\000S\000p\000a\000c\000e\000s}{section.12.5}% 83
\BOOKMARK [1][-]{section.12.6}{\376\377\000L\000e\000a\000s\000t\000\040\000U\000p\000p\000e\000r\000\040\000B\000o\000u\000n\000d\000\040\000P\000r\000o\000p\000e\000r\000t\000y}{chapter.12}% 84
\BOOKMARK [1][-]{section.12.7}{\376\377\000C\000o\000m\000p\000l\000e\000t\000e\000\040\000L\000a\000t\000t\000i\000c\000e\000\040\000H\000o\000m\000o\000m\000o\000r\000p\000h\000i\000s\000m\000s}{chapter.12}% 85
\BOOKMARK [-1][-]{part.4}{\376\377\000I\000V\000\040\000C\000o\000n\000t\000i\000n\000u\000o\000u\000s\000\040\000L\000a\000t\000t\000i\000c\000e\000s}{}% 86
\BOOKMARK [0][-]{chapter.13}{\376\377\000S\000c\000o\000t\000t}{part.4}% 87
