\BOOKMARK [0][-]{section*.2}{\376\377\000N\000o\000t\000a\000t\000i\000o\000n}{}% 1
\BOOKMARK [0][-]{chapter*.4}{\376\377\000P\000r\000e\000f\000a\000c\000e}{}% 2
\BOOKMARK [0][-]{chapter.1}{\376\377\000R\000e\000l\000a\000t\000i\000o\000n\000s}{}% 3
\BOOKMARK [1][-]{section.1.1}{\376\377\000B\000i\000n\000a\000r\000y\000\040\000H\000e\000t\000e\000r\000o\000g\000e\000n\000e\000o\000u\000s\000\040\000R\000e\000l\000a\000t\000i\000o\000n\000s}{chapter.1}% 4
\BOOKMARK [2][-]{subsection.1.1.1}{\376\377\000I\000n\000t\000r\000o\000d\000u\000c\000t\000i\000o\000n}{section.1.1}% 5
\BOOKMARK [2][-]{subsection.1.1.2}{\376\377\000S\000u\000b\000r\000e\000l\000a\000t\000i\000o\000n\000s}{section.1.1}% 6
\BOOKMARK [2][-]{subsection.1.1.3}{\376\377\000P\000r\000o\000d\000u\000c\000t\000s\000\040\000o\000f\000\040\000R\000e\000l\000a\000t\000i\000o\000n\000s}{section.1.1}% 7
\BOOKMARK [1][-]{section.1.2}{\376\377\000n\000-\000a\000r\000y\000\040\000H\000e\000t\000e\000r\000o\000g\000e\000n\000e\000o\000u\000s\000\040\000R\000e\000l\000a\000t\000i\000o\000n\000s}{chapter.1}% 8
\BOOKMARK [2][-]{subsection.1.2.1}{\376\377\000I\000n\000t\000r\000o\000d\000u\000c\000t\000i\000o\000n}{section.1.2}% 9
\BOOKMARK [2][-]{subsection.1.2.2}{\376\377\000S\000u\000b\000r\000e\000l\000a\000t\000i\000o\000n\000s}{section.1.2}% 10
\BOOKMARK [2][-]{subsection.1.2.3}{\376\377\000P\000r\000o\000d\000u\000c\000t\000s\000\040\000o\000f\000\040\000R\000e\000l\000a\000t\000i\000o\000n\000s}{section.1.2}% 11
\BOOKMARK [1][-]{section.1.3}{\376\377\000n\000-\000a\000r\000y\000\040\000H\000o\000m\000o\000g\000e\000n\000e\000o\000u\000s\000\040\000R\000e\000l\000a\000t\000i\000o\000n\000s}{chapter.1}% 12
\BOOKMARK [2][-]{subsection.1.3.1}{\376\377\000I\000n\000t\000r\000o\000d\000u\000c\000t\000i\000o\000n}{section.1.3}% 13
\BOOKMARK [2][-]{subsection.1.3.2}{\376\377\000S\000u\000b\000r\000e\000l\000a\000t\000i\000o\000n\000s}{section.1.3}% 14
\BOOKMARK [2][-]{subsection.1.3.3}{\376\377\000P\000r\000o\000d\000u\000c\000t\000\040\000R\000e\000l\000a\000t\000i\000o\000n\000s}{section.1.3}% 15
\BOOKMARK [1][-]{section.1.4}{\376\377\000B\000i\000n\000a\000r\000y\000\040\000H\000o\000m\000o\000g\000e\000n\000e\000o\000u\000s\000\040\000R\000e\000l\000a\000t\000i\000o\000n\000s}{chapter.1}% 16
\BOOKMARK [2][-]{subsection.1.4.1}{\376\377\000S\000u\000b\000r\000e\000l\000a\000t\000i\000o\000n\000s}{section.1.4}% 17
\BOOKMARK [1][-]{section.1.5}{\376\377\000E\000q\000u\000i\000v\000a\000l\000e\000n\000c\000e\000\040\000R\000e\000l\000a\000t\000i\000o\000n\000s}{chapter.1}% 18
\BOOKMARK [1][-]{section.1.6}{\376\377\000P\000r\000o\000d\000u\000c\000t\000s}{chapter.1}% 19
\BOOKMARK [0][-]{chapter.2}{\376\377\000O\000p\000e\000r\000a\000t\000i\000o\000n\000s\000\040\000a\000n\000d\000\040\000R\000e\000l\000a\000t\000i\000o\000n\000s}{}% 20
\BOOKMARK [1][-]{subsection.2.0.1}{\376\377\000I\000n\000t\000r\000o\000d\000u\000c\000t\000i\000o\000n}{chapter.2}% 21
\BOOKMARK [0][-]{chapter.3}{\376\377\000P\000r\000o\000p\000o\000s\000i\000t\000i\000o\000n\000a\000l\000\040\000L\000o\000g\000i\000c}{}% 22
\BOOKMARK [0][-]{chapter.4}{\376\377\000I\000n\000t\000u\000i\000t\000i\000o\000n\000i\000s\000t\000i\000c\000\040\000L\000o\000g\000i\000c}{}% 23
\BOOKMARK [0][-]{chapter.5}{\376\377\000T\000y\000p\000e\000\040\000T\000h\000e\000o\000r\000y}{}% 24
\BOOKMARK [0][-]{chapter.6}{\376\377\000F\000i\000r\000s\000t\000\040\000O\000r\000d\000e\000r\000\040\000L\000o\000g\000i\000c}{}% 25
\BOOKMARK [-1][-]{part.1}{\376\377\000I\000\040\000M\000o\000d\000e\000l\000\040\000T\000h\000e\000o\000r\000y}{}% 26
\BOOKMARK [0][-]{section.6.1}{\376\377\000T\000o\000D\000o}{part.1}% 27
\BOOKMARK [0][-]{chapter.7}{\376\377\000I\000n\000t\000r\000o\000d\000u\000c\000t\000i\000o\000n}{part.1}% 28
\BOOKMARK [1][-]{section.7.1}{\376\377\000L\000a\000n\000g\000u\000a\000g\000e\000s}{chapter.7}% 29
\BOOKMARK [2][-]{subsection.7.1.1}{\376\377\000F\000i\000r\000s\000t\000-\000O\000r\000d\000e\000r\000\040\000L\000a\000n\000g\000u\000a\000g\000e\000s}{section.7.1}% 30
\BOOKMARK [1][-]{section.7.2}{\376\377\000S\000t\000r\000u\000c\000t\000u\000r\000e\000s}{chapter.7}% 31
\BOOKMARK [0][-]{chapter.8}{\376\377\000I\000d\000e\000a\000\040\000T\000o\000\040\000d\000o}{part.1}% 32
