This is pdfTeX, Version 3.141592653-2.6-1.40.25 (TeX Live 2023/Debian) (preloaded format=pdflatex 2025.7.9)  8 MAR 2026 16:13
entering extended mode
 restricted \write18 enabled.
 %&-line parsing enabled.
**"Introduction to Analysis.tex"
(./Introduction to Analysis.tex
LaTeX2e <2023-11-01> patch level 1
L3 programming layer <2024-01-22>
(/usr/share/texlive/texmf-dist/tex/latex/base/book.cls
Document Class: book 2023/05/17 v1.4n Standard LaTeX document class
(/usr/share/texlive/texmf-dist/tex/latex/base/bk10.clo
File: bk10.clo 2023/05/17 v1.4n Standard LaTeX file (size option)
)
\c@part=\count187
\c@chapter=\count188
\c@section=\count189
\c@subsection=\count190
\c@subsubsection=\count191
\c@paragraph=\count192
\c@subparagraph=\count193
\c@figure=\count194
\c@table=\count195
\abovecaptionskip=\skip48
\belowcaptionskip=\skip49
\bibindent=\dimen140
)
(../Book Preamble/Book Preamble.tex
(/usr/share/texlive/texmf-dist/tex/latex/geometry/geometry.sty
Package: geometry 2020/01/02 v5.9 Page Geometry

(/usr/share/texlive/texmf-dist/tex/latex/graphics/keyval.sty
Package: keyval 2022/05/29 v1.15 key=value parser (DPC)
\KV@toks@=\toks17
)
(/usr/share/texlive/texmf-dist/tex/generic/iftex/ifvtex.sty
Package: ifvtex 2019/10/25 v1.7 ifvtex legacy package. Use iftex instead.

(/usr/share/texlive/texmf-dist/tex/generic/iftex/iftex.sty
Package: iftex 2022/02/03 v1.0f TeX engine tests
))
\Gm@cnth=\count196
\Gm@cntv=\count197
\c@Gm@tempcnt=\count198
\Gm@bindingoffset=\dimen141
\Gm@wd@mp=\dimen142
\Gm@odd@mp=\dimen143
\Gm@even@mp=\dimen144
\Gm@layoutwidth=\dimen145
\Gm@layoutheight=\dimen146
\Gm@layouthoffset=\dimen147
\Gm@layoutvoffset=\dimen148
\Gm@dimlist=\toks18
)
(/usr/share/texlive/texmf-dist/tex/latex/amsmath/amsmath.sty
Package: amsmath 2023/05/13 v2.17o AMS math features
\@mathmargin=\skip50

For additional information on amsmath, use the `?' option.
(/usr/share/texlive/texmf-dist/tex/latex/amsmath/amstext.sty
Package: amstext 2021/08/26 v2.01 AMS text

(/usr/share/texlive/texmf-dist/tex/latex/amsmath/amsgen.sty
File: amsgen.sty 1999/11/30 v2.0 generic functions
\@emptytoks=\toks19
\ex@=\dimen149
))
(/usr/share/texlive/texmf-dist/tex/latex/amsmath/amsbsy.sty
Package: amsbsy 1999/11/29 v1.2d Bold Symbols
\pmbraise@=\dimen150
)
(/usr/share/texlive/texmf-dist/tex/latex/amsmath/amsopn.sty
Package: amsopn 2022/04/08 v2.04 operator names
)
\inf@bad=\count199
LaTeX Info: Redefining \frac on input line 234.
\uproot@=\count266
\leftroot@=\count267
LaTeX Info: Redefining \overline on input line 399.
LaTeX Info: Redefining \colon on input line 410.
\classnum@=\count268
\DOTSCASE@=\count269
LaTeX Info: Redefining \ldots on input line 496.
LaTeX Info: Redefining \dots on input line 499.
LaTeX Info: Redefining \cdots on input line 620.
\Mathstrutbox@=\box51
\strutbox@=\box52
LaTeX Info: Redefining \big on input line 722.
LaTeX Info: Redefining \Big on input line 723.
LaTeX Info: Redefining \bigg on input line 724.
LaTeX Info: Redefining \Bigg on input line 725.
\big@size=\dimen151
LaTeX Font Info:    Redeclaring font encoding OML on input line 743.
LaTeX Font Info:    Redeclaring font encoding OMS on input line 744.
\macc@depth=\count270
LaTeX Info: Redefining \bmod on input line 905.
LaTeX Info: Redefining \pmod on input line 910.
LaTeX Info: Redefining \smash on input line 940.
LaTeX Info: Redefining \relbar on input line 970.
LaTeX Info: Redefining \Relbar on input line 971.
\c@MaxMatrixCols=\count271
\dotsspace@=\muskip16
\c@parentequation=\count272
\dspbrk@lvl=\count273
\tag@help=\toks20
\row@=\count274
\column@=\count275
\maxfields@=\count276
\andhelp@=\toks21
\eqnshift@=\dimen152
\alignsep@=\dimen153
\tagshift@=\dimen154
\tagwidth@=\dimen155
\totwidth@=\dimen156
\lineht@=\dimen157
\@envbody=\toks22
\multlinegap=\skip51
\multlinetaggap=\skip52
\mathdisplay@stack=\toks23
LaTeX Info: Redefining \[ on input line 2953.
LaTeX Info: Redefining \] on input line 2954.
)
(/usr/share/texlive/texmf-dist/tex/latex/amscls/amsthm.sty
Package: amsthm 2020/05/29 v2.20.6
\thm@style=\toks24
\thm@bodyfont=\toks25
\thm@headfont=\toks26
\thm@notefont=\toks27
\thm@headpunct=\toks28
\thm@preskip=\skip53
\thm@postskip=\skip54
\thm@headsep=\skip55
\dth@everypar=\toks29
)
(/usr/share/texlive/texmf-dist/tex/latex/amsmath/amscd.sty
Package: amscd 2017/04/14 v2.1 AMS Commutative Diagrams
\athelp@=\toks30
\minaw@=\dimen158
\bigaw@=\dimen159
\minCDarrowwidth=\dimen160
)
(/usr/share/texlive/texmf-dist/tex/latex/amsfonts/amssymb.sty
Package: amssymb 2013/01/14 v3.01 AMS font symbols

(/usr/share/texlive/texmf-dist/tex/latex/amsfonts/amsfonts.sty
Package: amsfonts 2013/01/14 v3.01 Basic AMSFonts support
\symAMSa=\mathgroup4
\symAMSb=\mathgroup5
LaTeX Font Info:    Redeclaring math symbol \hbar on input line 98.
LaTeX Font Info:    Overwriting math alphabet `\mathfrak' in version `bold'
(Font)                  U/euf/m/n --> U/euf/b/n on input line 106.
))
(/usr/share/texlive/texmf-dist/tex/latex/setspace/setspace.sty
Package: setspace 2022/12/04 v6.7b set line spacing
)
(/usr/share/texlive/texmf-dist/tex/latex/mathtools/mathtools.sty
Package: mathtools 2022/06/29 v1.29 mathematical typesetting tools

(/usr/share/texlive/texmf-dist/tex/latex/tools/calc.sty
Package: calc 2023/07/08 v4.3 Infix arithmetic (KKT,FJ)
\calc@Acount=\count277
\calc@Bcount=\count278
\calc@Adimen=\dimen161
\calc@Bdimen=\dimen162
\calc@Askip=\skip56
\calc@Bskip=\skip57
LaTeX Info: Redefining \setlength on input line 80.
LaTeX Info: Redefining \addtolength on input line 81.
\calc@Ccount=\count279
\calc@Cskip=\skip58
)
(/usr/share/texlive/texmf-dist/tex/latex/mathtools/mhsetup.sty
Package: mhsetup 2021/03/18 v1.4 programming setup (MH)
)
\g_MT_multlinerow_int=\count280
\l_MT_multwidth_dim=\dimen163
\origjot=\skip59
\l_MT_shortvdotswithinadjustabove_dim=\dimen164
\l_MT_shortvdotswithinadjustbelow_dim=\dimen165
\l_MT_above_intertext_sep=\dimen166
\l_MT_below_intertext_sep=\dimen167
\l_MT_above_shortintertext_sep=\dimen168
\l_MT_below_shortintertext_sep=\dimen169
\xmathstrut@box=\box53
\xmathstrut@dim=\dimen170
)
(/usr/share/texlive/texmf-dist/tex/latex/pgf/frontendlayer/tikz.sty
(/usr/share/texlive/texmf-dist/tex/latex/pgf/basiclayer/pgf.sty
(/usr/share/texlive/texmf-dist/tex/latex/pgf/utilities/pgfrcs.sty
(/usr/share/texlive/texmf-dist/tex/generic/pgf/utilities/pgfutil-common.tex
\pgfutil@everybye=\toks31
\pgfutil@tempdima=\dimen171
\pgfutil@tempdimb=\dimen172
)
(/usr/share/texlive/texmf-dist/tex/generic/pgf/utilities/pgfutil-latex.def
\pgfutil@abb=\box54
)
(/usr/share/texlive/texmf-dist/tex/generic/pgf/utilities/pgfrcs.code.tex
(/usr/share/texlive/texmf-dist/tex/generic/pgf/pgf.revision.tex)
Package: pgfrcs 2023-01-15 v3.1.10 (3.1.10)
))
Package: pgf 2023-01-15 v3.1.10 (3.1.10)

(/usr/share/texlive/texmf-dist/tex/latex/pgf/basiclayer/pgfcore.sty
(/usr/share/texlive/texmf-dist/tex/latex/graphics/graphicx.sty
Package: graphicx 2021/09/16 v1.2d Enhanced LaTeX Graphics (DPC,SPQR)

(/usr/share/texlive/texmf-dist/tex/latex/graphics/graphics.sty
Package: graphics 2022/03/10 v1.4e Standard LaTeX Graphics (DPC,SPQR)

(/usr/share/texlive/texmf-dist/tex/latex/graphics/trig.sty
Package: trig 2021/08/11 v1.11 sin cos tan (DPC)
)
(/usr/share/texlive/texmf-dist/tex/latex/graphics-cfg/graphics.cfg
File: graphics.cfg 2016/06/04 v1.11 sample graphics configuration
)
Package graphics Info: Driver file: pdftex.def on input line 107.

(/usr/share/texlive/texmf-dist/tex/latex/graphics-def/pdftex.def
File: pdftex.def 2022/09/22 v1.2b Graphics/color driver for pdftex
))
\Gin@req@height=\dimen173
\Gin@req@width=\dimen174
)
(/usr/share/texlive/texmf-dist/tex/latex/pgf/systemlayer/pgfsys.sty
(/usr/share/texlive/texmf-dist/tex/generic/pgf/systemlayer/pgfsys.code.tex
Package: pgfsys 2023-01-15 v3.1.10 (3.1.10)

(/usr/share/texlive/texmf-dist/tex/generic/pgf/utilities/pgfkeys.code.tex
\pgfkeys@pathtoks=\toks32
\pgfkeys@temptoks=\toks33

(/usr/share/texlive/texmf-dist/tex/generic/pgf/utilities/pgfkeyslibraryfiltered
.code.tex
\pgfkeys@tmptoks=\toks34
))
\pgf@x=\dimen175
\pgf@y=\dimen176
\pgf@xa=\dimen177
\pgf@ya=\dimen178
\pgf@xb=\dimen179
\pgf@yb=\dimen180
\pgf@xc=\dimen181
\pgf@yc=\dimen182
\pgf@xd=\dimen183
\pgf@yd=\dimen184
\w@pgf@writea=\write3
\r@pgf@reada=\read2
\c@pgf@counta=\count281
\c@pgf@countb=\count282
\c@pgf@countc=\count283
\c@pgf@countd=\count284
\t@pgf@toka=\toks35
\t@pgf@tokb=\toks36
\t@pgf@tokc=\toks37
\pgf@sys@id@count=\count285
 (/usr/share/texlive/texmf-dist/tex/generic/pgf/systemlayer/pgf.cfg
File: pgf.cfg 2023-01-15 v3.1.10 (3.1.10)
)
Driver file for pgf: pgfsys-pdftex.def
(/usr/share/texlive/texmf-dist/tex/generic/pgf/systemlayer/pgfsys-pdftex.def
File: pgfsys-pdftex.def 2023-01-15 v3.1.10 (3.1.10)

(/usr/share/texlive/texmf-dist/tex/generic/pgf/systemlayer/pgfsys-common-pdf.de
f
File: pgfsys-common-pdf.def 2023-01-15 v3.1.10 (3.1.10)
)))
(/usr/share/texlive/texmf-dist/tex/generic/pgf/systemlayer/pgfsyssoftpath.code.
tex
File: pgfsyssoftpath.code.tex 2023-01-15 v3.1.10 (3.1.10)
\pgfsyssoftpath@smallbuffer@items=\count286
\pgfsyssoftpath@bigbuffer@items=\count287
)
(/usr/share/texlive/texmf-dist/tex/generic/pgf/systemlayer/pgfsysprotocol.code.
tex
File: pgfsysprotocol.code.tex 2023-01-15 v3.1.10 (3.1.10)
)) (/usr/share/texlive/texmf-dist/tex/latex/xcolor/xcolor.sty
Package: xcolor 2023/11/15 v3.01 LaTeX color extensions (UK)

(/usr/share/texlive/texmf-dist/tex/latex/graphics-cfg/color.cfg
File: color.cfg 2016/01/02 v1.6 sample color configuration
)
Package xcolor Info: Driver file: pdftex.def on input line 274.

(/usr/share/texlive/texmf-dist/tex/latex/graphics/mathcolor.ltx)
Package xcolor Info: Model `cmy' substituted by `cmy0' on input line 1350.
Package xcolor Info: Model `hsb' substituted by `rgb' on input line 1354.
Package xcolor Info: Model `RGB' extended on input line 1366.
Package xcolor Info: Model `HTML' substituted by `rgb' on input line 1368.
Package xcolor Info: Model `Hsb' substituted by `hsb' on input line 1369.
Package xcolor Info: Model `tHsb' substituted by `hsb' on input line 1370.
Package xcolor Info: Model `HSB' substituted by `hsb' on input line 1371.
Package xcolor Info: Model `Gray' substituted by `gray' on input line 1372.
Package xcolor Info: Model `wave' substituted by `hsb' on input line 1373.
)
(/usr/share/texlive/texmf-dist/tex/generic/pgf/basiclayer/pgfcore.code.tex
Package: pgfcore 2023-01-15 v3.1.10 (3.1.10)

(/usr/share/texlive/texmf-dist/tex/generic/pgf/math/pgfmath.code.tex
(/usr/share/texlive/texmf-dist/tex/generic/pgf/math/pgfmathutil.code.tex)
(/usr/share/texlive/texmf-dist/tex/generic/pgf/math/pgfmathparser.code.tex
\pgfmath@dimen=\dimen185
\pgfmath@count=\count288
\pgfmath@box=\box55
\pgfmath@toks=\toks38
\pgfmath@stack@operand=\toks39
\pgfmath@stack@operation=\toks40
)
(/usr/share/texlive/texmf-dist/tex/generic/pgf/math/pgfmathfunctions.code.tex)
(/usr/share/texlive/texmf-dist/tex/generic/pgf/math/pgfmathfunctions.basic.code
.tex)
(/usr/share/texlive/texmf-dist/tex/generic/pgf/math/pgfmathfunctions.trigonomet
ric.code.tex)
(/usr/share/texlive/texmf-dist/tex/generic/pgf/math/pgfmathfunctions.random.cod
e.tex)
(/usr/share/texlive/texmf-dist/tex/generic/pgf/math/pgfmathfunctions.comparison
.code.tex)
(/usr/share/texlive/texmf-dist/tex/generic/pgf/math/pgfmathfunctions.base.code.
tex)
(/usr/share/texlive/texmf-dist/tex/generic/pgf/math/pgfmathfunctions.round.code
.tex)
(/usr/share/texlive/texmf-dist/tex/generic/pgf/math/pgfmathfunctions.misc.code.
tex)
(/usr/share/texlive/texmf-dist/tex/generic/pgf/math/pgfmathfunctions.integerari
thmetics.code.tex)
(/usr/share/texlive/texmf-dist/tex/generic/pgf/math/pgfmathcalc.code.tex)
(/usr/share/texlive/texmf-dist/tex/generic/pgf/math/pgfmathfloat.code.tex
\c@pgfmathroundto@lastzeros=\count289
))
(/usr/share/texlive/texmf-dist/tex/generic/pgf/math/pgfint.code.tex)
(/usr/share/texlive/texmf-dist/tex/generic/pgf/basiclayer/pgfcorepoints.code.te
x
File: pgfcorepoints.code.tex 2023-01-15 v3.1.10 (3.1.10)
\pgf@picminx=\dimen186
\pgf@picmaxx=\dimen187
\pgf@picminy=\dimen188
\pgf@picmaxy=\dimen189
\pgf@pathminx=\dimen190
\pgf@pathmaxx=\dimen191
\pgf@pathminy=\dimen192
\pgf@pathmaxy=\dimen193
\pgf@xx=\dimen194
\pgf@xy=\dimen195
\pgf@yx=\dimen196
\pgf@yy=\dimen197
\pgf@zx=\dimen198
\pgf@zy=\dimen199
)
(/usr/share/texlive/texmf-dist/tex/generic/pgf/basiclayer/pgfcorepathconstruct.
code.tex
File: pgfcorepathconstruct.code.tex 2023-01-15 v3.1.10 (3.1.10)
\pgf@path@lastx=\dimen256
\pgf@path@lasty=\dimen257
)
(/usr/share/texlive/texmf-dist/tex/generic/pgf/basiclayer/pgfcorepathusage.code
.tex
File: pgfcorepathusage.code.tex 2023-01-15 v3.1.10 (3.1.10)
\pgf@shorten@end@additional=\dimen258
\pgf@shorten@start@additional=\dimen259
)
(/usr/share/texlive/texmf-dist/tex/generic/pgf/basiclayer/pgfcorescopes.code.te
x
File: pgfcorescopes.code.tex 2023-01-15 v3.1.10 (3.1.10)
\pgfpic=\box56
\pgf@hbox=\box57
\pgf@layerbox@main=\box58
\pgf@picture@serial@count=\count290
)
(/usr/share/texlive/texmf-dist/tex/generic/pgf/basiclayer/pgfcoregraphicstate.c
ode.tex
File: pgfcoregraphicstate.code.tex 2023-01-15 v3.1.10 (3.1.10)
\pgflinewidth=\dimen260
)
(/usr/share/texlive/texmf-dist/tex/generic/pgf/basiclayer/pgfcoretransformation
s.code.tex
File: pgfcoretransformations.code.tex 2023-01-15 v3.1.10 (3.1.10)
\pgf@pt@x=\dimen261
\pgf@pt@y=\dimen262
\pgf@pt@temp=\dimen263
)
(/usr/share/texlive/texmf-dist/tex/generic/pgf/basiclayer/pgfcorequick.code.tex
File: pgfcorequick.code.tex 2023-01-15 v3.1.10 (3.1.10)
)
(/usr/share/texlive/texmf-dist/tex/generic/pgf/basiclayer/pgfcoreobjects.code.t
ex
File: pgfcoreobjects.code.tex 2023-01-15 v3.1.10 (3.1.10)
)
(/usr/share/texlive/texmf-dist/tex/generic/pgf/basiclayer/pgfcorepathprocessing
.code.tex
File: pgfcorepathprocessing.code.tex 2023-01-15 v3.1.10 (3.1.10)
)
(/usr/share/texlive/texmf-dist/tex/generic/pgf/basiclayer/pgfcorearrows.code.te
x
File: pgfcorearrows.code.tex 2023-01-15 v3.1.10 (3.1.10)
\pgfarrowsep=\dimen264
)
(/usr/share/texlive/texmf-dist/tex/generic/pgf/basiclayer/pgfcoreshade.code.tex
File: pgfcoreshade.code.tex 2023-01-15 v3.1.10 (3.1.10)
\pgf@max=\dimen265
\pgf@sys@shading@range@num=\count291
\pgf@shadingcount=\count292
)
(/usr/share/texlive/texmf-dist/tex/generic/pgf/basiclayer/pgfcoreimage.code.tex
File: pgfcoreimage.code.tex 2023-01-15 v3.1.10 (3.1.10)
)
(/usr/share/texlive/texmf-dist/tex/generic/pgf/basiclayer/pgfcoreexternal.code.
tex
File: pgfcoreexternal.code.tex 2023-01-15 v3.1.10 (3.1.10)
\pgfexternal@startupbox=\box59
)
(/usr/share/texlive/texmf-dist/tex/generic/pgf/basiclayer/pgfcorelayers.code.te
x
File: pgfcorelayers.code.tex 2023-01-15 v3.1.10 (3.1.10)
)
(/usr/share/texlive/texmf-dist/tex/generic/pgf/basiclayer/pgfcoretransparency.c
ode.tex
File: pgfcoretransparency.code.tex 2023-01-15 v3.1.10 (3.1.10)
)
(/usr/share/texlive/texmf-dist/tex/generic/pgf/basiclayer/pgfcorepatterns.code.
tex
File: pgfcorepatterns.code.tex 2023-01-15 v3.1.10 (3.1.10)
)
(/usr/share/texlive/texmf-dist/tex/generic/pgf/basiclayer/pgfcorerdf.code.tex
File: pgfcorerdf.code.tex 2023-01-15 v3.1.10 (3.1.10)
)))
(/usr/share/texlive/texmf-dist/tex/generic/pgf/modules/pgfmoduleshapes.code.tex
File: pgfmoduleshapes.code.tex 2023-01-15 v3.1.10 (3.1.10)
\pgfnodeparttextbox=\box60
) (/usr/share/texlive/texmf-dist/tex/generic/pgf/modules/pgfmoduleplot.code.tex
File: pgfmoduleplot.code.tex 2023-01-15 v3.1.10 (3.1.10)
)
(/usr/share/texlive/texmf-dist/tex/latex/pgf/compatibility/pgfcomp-version-0-65
.sty
Package: pgfcomp-version-0-65 2023-01-15 v3.1.10 (3.1.10)
\pgf@nodesepstart=\dimen266
\pgf@nodesepend=\dimen267
)
(/usr/share/texlive/texmf-dist/tex/latex/pgf/compatibility/pgfcomp-version-1-18
.sty
Package: pgfcomp-version-1-18 2023-01-15 v3.1.10 (3.1.10)
)) (/usr/share/texlive/texmf-dist/tex/latex/pgf/utilities/pgffor.sty
(/usr/share/texlive/texmf-dist/tex/latex/pgf/utilities/pgfkeys.sty
(/usr/share/texlive/texmf-dist/tex/generic/pgf/utilities/pgfkeys.code.tex))
(/usr/share/texlive/texmf-dist/tex/latex/pgf/math/pgfmath.sty
(/usr/share/texlive/texmf-dist/tex/generic/pgf/math/pgfmath.code.tex))
(/usr/share/texlive/texmf-dist/tex/generic/pgf/utilities/pgffor.code.tex
Package: pgffor 2023-01-15 v3.1.10 (3.1.10)
\pgffor@iter=\dimen268
\pgffor@skip=\dimen269
\pgffor@stack=\toks41
\pgffor@toks=\toks42
))
(/usr/share/texlive/texmf-dist/tex/generic/pgf/frontendlayer/tikz/tikz.code.tex
Package: tikz 2023-01-15 v3.1.10 (3.1.10)

(/usr/share/texlive/texmf-dist/tex/generic/pgf/libraries/pgflibraryplothandlers
.code.tex
File: pgflibraryplothandlers.code.tex 2023-01-15 v3.1.10 (3.1.10)
\pgf@plot@mark@count=\count293
\pgfplotmarksize=\dimen270
)
\tikz@lastx=\dimen271
\tikz@lasty=\dimen272
\tikz@lastxsaved=\dimen273
\tikz@lastysaved=\dimen274
\tikz@lastmovetox=\dimen275
\tikz@lastmovetoy=\dimen276
\tikzleveldistance=\dimen277
\tikzsiblingdistance=\dimen278
\tikz@figbox=\box61
\tikz@figbox@bg=\box62
\tikz@tempbox=\box63
\tikz@tempbox@bg=\box64
\tikztreelevel=\count294
\tikznumberofchildren=\count295
\tikznumberofcurrentchild=\count296
\tikz@fig@count=\count297

(/usr/share/texlive/texmf-dist/tex/generic/pgf/modules/pgfmodulematrix.code.tex
File: pgfmodulematrix.code.tex 2023-01-15 v3.1.10 (3.1.10)
\pgfmatrixcurrentrow=\count298
\pgfmatrixcurrentcolumn=\count299
\pgf@matrix@numberofcolumns=\count300
)
\tikz@expandcount=\count301

(/usr/share/texlive/texmf-dist/tex/generic/pgf/frontendlayer/tikz/libraries/tik
zlibrarytopaths.code.tex
File: tikzlibrarytopaths.code.tex 2023-01-15 v3.1.10 (3.1.10)
)))
(/usr/share/texlive/texmf-dist/tex/latex/tikz-cd/tikz-cd.sty
Package: tikz-cd 2021/05/04 v1.0 Commutative diagrams with TikZ

(/usr/share/texlive/texmf-dist/tex/generic/tikz-cd/tikzlibrarycd.code.tex
(/usr/share/texlive/texmf-dist/tex/generic/pgf/frontendlayer/tikz/libraries/tik
zlibrarymatrix.code.tex
File: tikzlibrarymatrix.code.tex 2023-01-15 v3.1.10 (3.1.10)
)
(/usr/share/texlive/texmf-dist/tex/generic/pgf/frontendlayer/tikz/libraries/tik
zlibraryquotes.code.tex
File: tikzlibraryquotes.code.tex 2023-01-15 v3.1.10 (3.1.10)
)
(/usr/share/texlive/texmf-dist/tex/generic/pgf/libraries/pgflibraryarrows.meta.
code.tex
File: pgflibraryarrows.meta.code.tex 2023-01-15 v3.1.10 (3.1.10)
\pgfarrowinset=\dimen279
\pgfarrowlength=\dimen280
\pgfarrowwidth=\dimen281
\pgfarrowlinewidth=\dimen282
))) (/usr/share/texlive/texmf-dist/tex/latex/tkz-fct/tkz-fct.sty
2022/01/27 1.7c function tkz-fct
Package: tkz-fct 2022/01/27 1.7c function 
\tkz@tkzf@fct=\count302
(/usr/share/texlive/texmf-dist/tex/latex/tkz-base/tkz-base.sty
2024/01/16 4.21c tkz-base.sty
Package: tkz-base 2024/01/16 4.21c tkz-base

(/usr/share/texlive/texmf-dist/tex/generic/pgf/frontendlayer/tikz/libraries/tik
zlibraryangles.code.tex
File: tikzlibraryangles.code.tex 2023-01-15 v3.1.10 (3.1.10)
)
(/usr/share/texlive/texmf-dist/tex/generic/pgf/frontendlayer/tikz/libraries/tik
zlibraryarrows.code.tex
File: tikzlibraryarrows.code.tex 2023-01-15 v3.1.10 (3.1.10)

(/usr/share/texlive/texmf-dist/tex/generic/pgf/libraries/pgflibraryarrows.code.
tex
File: pgflibraryarrows.code.tex 2023-01-15 v3.1.10 (3.1.10)
\arrowsize=\dimen283
))
(/usr/share/texlive/texmf-dist/tex/generic/pgf/frontendlayer/tikz/libraries/tik
zlibrarybackgrounds.code.tex
File: tikzlibrarybackgrounds.code.tex 2023-01-15 v3.1.10 (3.1.10)
\pgf@layerbox@background=\box65
\pgf@layerboxsaved@background=\box66
)
(/usr/share/texlive/texmf-dist/tex/generic/pgf/frontendlayer/tikz/libraries/tik
zlibrarycalc.code.tex
File: tikzlibrarycalc.code.tex 2023-01-15 v3.1.10 (3.1.10)
)
(/usr/share/texlive/texmf-dist/tex/generic/pgf/frontendlayer/tikz/libraries/tik
zlibrarydecorations.code.tex
(/usr/share/texlive/texmf-dist/tex/generic/pgf/modules/pgfmoduledecorations.cod
e.tex
\pgfdecoratedcompleteddistance=\dimen284
\pgfdecoratedremainingdistance=\dimen285
\pgfdecoratedinputsegmentcompleteddistance=\dimen286
\pgfdecoratedinputsegmentremainingdistance=\dimen287
\pgf@decorate@distancetomove=\dimen288
\pgf@decorate@repeatstate=\count303
\pgfdecorationsegmentamplitude=\dimen289
\pgfdecorationsegmentlength=\dimen290
)
\tikz@lib@dec@box=\box67
)
(/usr/share/texlive/texmf-dist/tex/generic/pgf/frontendlayer/tikz/libraries/tik
zlibrarydecorations.markings.code.tex
(/usr/share/texlive/texmf-dist/tex/generic/pgf/libraries/decorations/pgflibrary
decorations.markings.code.tex))
(/usr/share/texlive/texmf-dist/tex/generic/pgf/frontendlayer/tikz/libraries/tik
zlibrarydecorations.pathreplacing.code.tex
(/usr/share/texlive/texmf-dist/tex/generic/pgf/libraries/decorations/pgflibrary
decorations.pathreplacing.code.tex))
(/usr/share/texlive/texmf-dist/tex/generic/pgf/frontendlayer/tikz/libraries/tik
zlibrarydecorations.shapes.code.tex
(/usr/share/texlive/texmf-dist/tex/generic/pgf/libraries/decorations/pgflibrary
decorations.shapes.code.tex))
(/usr/share/texlive/texmf-dist/tex/generic/pgf/frontendlayer/tikz/libraries/tik
zlibrarydecorations.text.code.tex
(/usr/share/texlive/texmf-dist/tex/generic/pgf/libraries/decorations/pgflibrary
decorations.text.code.tex
\pgf@lib@dec@text@box=\box68
)
\tikz@lib@dec@te@box=\box69
)
(/usr/share/texlive/texmf-dist/tex/generic/pgf/frontendlayer/tikz/libraries/tik
zlibrarydecorations.pathmorphing.code.tex
(/usr/share/texlive/texmf-dist/tex/generic/pgf/libraries/decorations/pgflibrary
decorations.pathmorphing.code.tex))
(/usr/share/texlive/texmf-dist/tex/generic/pgf/frontendlayer/tikz/libraries/tik
zlibraryintersections.code.tex
(/usr/share/texlive/texmf-dist/tex/generic/pgf/libraries/pgflibraryintersection
s.code.tex
(/usr/share/texlive/texmf-dist/tex/generic/pgf/libraries/pgflibraryfpu.code.tex
)
\pgf@intersect@solutions=\count304
))
(/usr/share/texlive/texmf-dist/tex/generic/pgf/frontendlayer/tikz/libraries/tik
zlibrarypatterns.code.tex
File: tikzlibrarypatterns.code.tex 2023-01-15 v3.1.10 (3.1.10)

(/usr/share/texlive/texmf-dist/tex/generic/pgf/libraries/pgflibrarypatterns.cod
e.tex
File: pgflibrarypatterns.code.tex 2023-01-15 v3.1.10 (3.1.10)
))
(/usr/share/texlive/texmf-dist/tex/generic/pgf/frontendlayer/tikz/libraries/tik
zlibraryplotmarks.code.tex
File: tikzlibraryplotmarks.code.tex 2023-01-15 v3.1.10 (3.1.10)

(/usr/share/texlive/texmf-dist/tex/generic/pgf/libraries/pgflibraryplotmarks.co
de.tex
File: pgflibraryplotmarks.code.tex 2023-01-15 v3.1.10 (3.1.10)
))
(/usr/share/texlive/texmf-dist/tex/generic/pgf/frontendlayer/tikz/libraries/tik
zlibrarypositioning.code.tex
File: tikzlibrarypositioning.code.tex 2023-01-15 v3.1.10 (3.1.10)
)
(/usr/share/texlive/texmf-dist/tex/generic/pgf/frontendlayer/tikz/libraries/tik
zlibraryshapes.misc.code.tex
File: tikzlibraryshapes.misc.code.tex 2023-01-15 v3.1.10 (3.1.10)

(/usr/share/texlive/texmf-dist/tex/generic/pgf/libraries/shapes/pgflibraryshape
s.misc.code.tex
File: pgflibraryshapes.misc.code.tex 2023-01-15 v3.1.10 (3.1.10)
))
(/usr/share/texlive/texmf-dist/tex/generic/pgf/frontendlayer/tikz/libraries/tik
zlibraryshadows.code.tex
File: tikzlibraryshadows.code.tex 2023-01-15 v3.1.10 (3.1.10)

(/usr/share/texlive/texmf-dist/tex/generic/pgf/frontendlayer/tikz/libraries/tik
zlibraryfadings.code.tex
File: tikzlibraryfadings.code.tex 2023-01-15 v3.1.10 (3.1.10)

(/usr/share/texlive/texmf-dist/tex/generic/pgf/libraries/pgflibraryfadings.code
.tex
File: pgflibraryfadings.code.tex 2023-01-15 v3.1.10 (3.1.10)
)))
(/usr/share/texlive/texmf-dist/tex/generic/pgf/frontendlayer/tikz/libraries/tik
zlibrarythrough.code.tex
File: tikzlibrarythrough.code.tex 2023-01-15 v3.1.10 (3.1.10)
)
(/usr/share/texlive/texmf-dist/tex/latex/numprint/numprint.sty
Package: numprint 2012/08/20 v1.39 Print numbers (HH)

(/usr/share/texlive/texmf-dist/tex/latex/tools/array.sty
Package: array 2023/10/16 v2.5g Tabular extension package (FMi)
\col@sep=\dimen291
\ar@mcellbox=\box70
\extrarowheight=\dimen292
\NC@list=\toks43
\extratabsurround=\skip60
\backup@length=\skip61
\ar@cellbox=\box71
)
\c@nprt@mantissa@digitsbefore=\count305
\c@nprt@mantissa@digitsafter=\count306
\c@nprt@exponent@digitsbefore=\count307
\c@nprt@exponent@digitsafter=\count308
\nprt@digitwidth=\skip62
\nprt@sepwidth=\skip63
\nprt@decimalwidth=\skip64
\nprt@blockwidth=\skip65
\nprt@digittoks=\toks44
\nprt@pretoks=\toks45
\nprt@posttoks=\toks46
\nprt@thisdigit=\count309
\nprt@curpos=\count310
\nprt@rndpos=\count311
\c@nprt@digitsfirstblock=\count312
\c@nprt@blockcnt=\count313
\c@nprt@cntprint=\count314

No configuration file `numprint.cfg' found.)
(/usr/share/texlive/texmf-dist/tex/latex/l3packages/xfp/xfp.sty
(/usr/share/texlive/texmf-dist/tex/latex/l3kernel/expl3.sty
Package: expl3 2024-01-22 L3 programming layer (loader) 

(/usr/share/texlive/texmf-dist/tex/latex/l3backend/l3backend-pdftex.def
File: l3backend-pdftex.def 2024-01-04 L3 backend support: PDF output (pdfTeX)
\l__color_backend_stack_int=\count315
\l__pdf_internal_box=\box72
))
Package: xfp 2023-10-10 L3 Floating point unit
)
(/usr/share/texlive/texmf-dist/tex/latex/fp/fp.sty
Package: fp 1995/04/02

`Fixed Point Package', Version 0.8, April 2, 1995 (C) Michael Mehlich
(/usr/share/texlive/texmf-dist/tex/latex/fp/defpattern.sty
Package: defpattern 1994/10/12
\actioncount=\count316
)
(/usr/share/texlive/texmf-dist/tex/latex/fp/fp-basic.sty
Package: fp-basic 1996/05/13
\FP@xs=\count317
\FP@xia=\count318
\FP@xib=\count319
\FP@xfa=\count320
\FP@xfb=\count321
\FP@rega=\count322
\FP@regb=\count323
\FP@regs=\count324
\FP@times=\count325
)
(/usr/share/texlive/texmf-dist/tex/latex/fp/fp-addons.sty
Package: fp-addons 1995/03/15
)
(/usr/share/texlive/texmf-dist/tex/latex/fp/fp-snap.sty
Package: fp-snap 1995/04/05
)
(/usr/share/texlive/texmf-dist/tex/latex/fp/fp-exp.sty
Package: fp-exp 1995/04/03
)
(/usr/share/texlive/texmf-dist/tex/latex/fp/fp-trigo.sty
Package: fp-trigo 1995/04/14
)
(/usr/share/texlive/texmf-dist/tex/latex/fp/fp-pas.sty
Package: fp-pas 1994/08/29
)
(/usr/share/texlive/texmf-dist/tex/latex/fp/fp-random.sty
Package: fp-random 1995/02/23
\FPseed=\count326
)
(/usr/share/texlive/texmf-dist/tex/latex/fp/fp-eqn.sty
Package: fp-eqn 1995/04/03
)
(/usr/share/texlive/texmf-dist/tex/latex/fp/fp-upn.sty
Package: fp-upn 1996/10/21
)
(/usr/share/texlive/texmf-dist/tex/latex/fp/fp-eval.sty
Package: fp-eval 1995/04/03
))
\tkz@ax=\dimen293
\tkz@ay=\dimen294
\tkz@bx=\dimen295
\tkz@by=\dimen296
\tkz@cx=\dimen297
\tkz@cy=\dimen298
\tkz@dx=\dimen299
\tkz@dy=\dimen300
\tkz@tax=\dimen301
\tkz@tay=\dimen302
\tkz@tbx=\dimen303
\tkz@tby=\dimen304
\tkz@tcx=\dimen305
\tkz@tcy=\dimen306
\tkz@tdx=\dimen307
\tkz@tdy=\dimen308
\tkz@cntmk=\count327

Local configuration file tkz-base.cfg found and used
(/usr/share/texlive/texmf-dist/tex/latex/tkz-base/tkz-base.cfg
2024/01/16 4.21c tkz-base.cfg
) (/usr/share/texlive/texmf-dist/tex/latex/tkz-base/tkz-tools-modules.tex
2024/01/16 4.21c tkz-tools-modules.tex
) (/usr/share/texlive/texmf-dist/tex/latex/tkz-base/tkz-lib-marks.tex
2024/01/16 4.21c tkz-lib-marks.tex
) (/usr/share/texlive/texmf-dist/tex/latex/tkz-base/tkz-lib-shape.tex
2024/01/16 4.21c tkz-lib-shape.tex
) (/usr/share/texlive/texmf-dist/tex/latex/tkz-base/tkz-tools-base.tex
2024/01/16 4.21c tkz-tools-base.tex
) (/usr/share/texlive/texmf-dist/tex/latex/tkz-base/tkz-tools-utilities.tex
2024/01/16 4.21c tkz-tools-utilities.tex
) (/usr/share/texlive/texmf-dist/tex/latex/tkz-base/tkz-tools-colors.tex
2024/01/16 4.21c tkz-tools-colors
) (/usr/share/texlive/texmf-dist/tex/latex/tkz-base/tkz-tools-text.tex
2024/01/16 4.21c tkz-tools-text.tex
) (/usr/share/texlive/texmf-dist/tex/latex/tkz-base/tkz-tools-BB.tex
2024/01/16 4.21c tkz-obj-BB.tex
) (/usr/share/texlive/texmf-dist/tex/latex/tkz-base/tkz-tools-arith.tex
2024/01/16 4.21c tkz-tools-arith.tex
File: tkz-tool-arith.tex tkz-tool-arith 3.02 c
) (/usr/share/texlive/texmf-dist/tex/latex/tkz-base/tkz-tools-print.tex
2024/01/16 4.21c tkz-tools-print
) (/usr/share/texlive/texmf-dist/tex/latex/tkz-base/tkz-tools-misc.tex
2024/01/16 4.21c tkz-tools-misc.tex
) (/usr/share/texlive/texmf-dist/tex/latex/tkz-base/tkz-obj-axes.tex
2024/01/16 4.21c tkz-obj-axes
) (/usr/share/texlive/texmf-dist/tex/latex/tkz-base/tkz-obj-grids.tex
2024/01/16 4.21c tkz-obj-grids.tex
) (/usr/share/texlive/texmf-dist/tex/latex/tkz-base/tkz-obj-marks.tex
2024/01/16 4.21c tkz-obj-marks.tex
) (/usr/share/texlive/texmf-dist/tex/latex/tkz-base/tkz-obj-points.tex
2024/01/16 4.21c tkz-obj-points.tex
) (/usr/share/texlive/texmf-dist/tex/latex/tkz-base/tkz-obj-rep.tex
2024/01/16 4.21c tkz-obj-rep.tex
)) ( FP-EVAL ( FP-UPN ) ) ( FP-EVAL ( FP-UPN ) ) ( FP-EVAL ( FP-UPN ( FP-SUB )
) ) ( FP-EVAL ( FP-UPN ) ) ( FP-EVAL ( FP-UPN ( FP-SUB ) ) ) ( FP-EVAL
( FP-UPN ) )) (/usr/share/texlive/texmf-dist/tex/latex/amsrefs/amsrefs.sty
Package: amsrefs 2013/03/07 v2.14

(/usr/share/texlive/texmf-dist/tex/latex/url/url.sty
\Urlmuskip=\muskip17
Package: url 2013/09/16  ver 3.4  Verb mode for urls, etc.
)
(/usr/share/texlive/texmf-dist/tex/latex/amsrefs/pcatcode.sty
Package: pcatcode 2002/04/16 v1.04
)
(/usr/share/texlive/texmf-dist/tex/latex/amsrefs/ifoption.sty
Package: ifoption 2002/03/04 v1.02
)
(/usr/share/texlive/texmf-dist/tex/latex/amsrefs/rkeyval.sty
Package: rkeyval 2004/05/05 v1.08
\@temptokenb=\toks47
\rsk@toks=\toks48
)
(/usr/share/texlive/texmf-dist/tex/latex/amsrefs/textcmds.sty
Package: textcmds 2012/08/02 v2.00
)
(/usr/share/texlive/texmf-dist/tex/latex/amsrefs/mathscinet.sty
Package: mathscinet 2002/04/17 v1.05
)
\c@bib=\count328
\@maxlabelwidth=\dimen309
\c@bib@env=\count329
\bib@dbfile=\read3
\alpha@suffix=\count330
\series@index=\count331
)
(/usr/share/texlive/texmf-dist/tex/latex/pgfplots/pgfplots.sty
(/usr/share/texlive/texmf-dist/tex/generic/pgfplots/pgfplots.revision.tex)
Package: pgfplots 2021/05/15 v1.18.1 Data Visualization (1.18.1)

(/usr/share/texlive/texmf-dist/tex/generic/pgfplots/pgfplots.code.tex
(/usr/share/texlive/texmf-dist/tex/generic/pgfplots/pgfplotscore.code.tex
\t@pgfplots@toka=\toks49
\t@pgfplots@tokb=\toks50
\t@pgfplots@tokc=\toks51
\pgfplots@tmpa=\dimen310
\c@pgfplots@coordindex=\count332
\c@pgfplots@scanlineindex=\count333

(/usr/share/texlive/texmf-dist/tex/generic/pgfplots/sys/pgfplotssysgeneric.code
.tex))
(/usr/share/texlive/texmf-dist/tex/generic/pgfplots/libs/pgfplotslibrary.code.t
ex)
(/usr/share/texlive/texmf-dist/tex/generic/pgfplots/oldpgfcompatib/pgfplotsoldp
gfsupp_loader.code.tex
Package pgfplots: loading complementary utilities for your pgf version...
\t@pgf@toka=\toks52
\t@pgf@tokb=\toks53
\t@pgf@tokc=\toks54

(/usr/share/texlive/texmf-dist/tex/generic/pgfplots/oldpgfcompatib/pgfplotsoldp
gfsupp_pgfutil-common-lists.tex))
(/usr/share/texlive/texmf-dist/tex/generic/pgfplots/util/pgfplotsutil.code.tex
(/usr/share/texlive/texmf-dist/tex/generic/pgfplots/liststructure/pgfplotslists
tructure.code.tex)
(/usr/share/texlive/texmf-dist/tex/generic/pgfplots/liststructure/pgfplotslists
tructureext.code.tex)
(/usr/share/texlive/texmf-dist/tex/generic/pgfplots/liststructure/pgfplotsarray
.code.tex
\c@pgfplotsarray@tmp=\count334
)
(/usr/share/texlive/texmf-dist/tex/generic/pgfplots/liststructure/pgfplotsmatri
x.code.tex)
(/usr/share/texlive/texmf-dist/tex/generic/pgfplots/numtable/pgfplotstableshare
d.code.tex
\c@pgfplotstable@counta=\count335
\t@pgfplotstable@a=\toks55
)
(/usr/share/texlive/texmf-dist/tex/generic/pgfplots/liststructure/pgfplotsdeque
.code.tex)
(/usr/share/texlive/texmf-dist/tex/generic/pgfplots/util/pgfplotsbinary.code.te
x
(/usr/share/texlive/texmf-dist/tex/generic/pgfplots/util/pgfplotsbinary.data.co
de.tex))
(/usr/share/texlive/texmf-dist/tex/generic/pgfplots/util/pgfplotsutil.verb.code
.tex)
(/usr/share/texlive/texmf-dist/tex/generic/pgfplots/libs/pgflibrarypgfplots.sur
fshading.code.tex
\c@pgfplotslibrarysurf@no=\count336

(/usr/share/texlive/texmf-dist/tex/generic/pgfplots/sys/pgflibrarypgfplots.surf
shading.pgfsys-pdftex.def)))
(/usr/share/texlive/texmf-dist/tex/generic/pgfplots/util/pgfplotscolormap.code.
tex
(/usr/share/texlive/texmf-dist/tex/generic/pgfplots/util/pgfplotscolor.code.tex
))
(/usr/share/texlive/texmf-dist/tex/generic/pgfplots/pgfplotsstackedplots.code.t
ex)
(/usr/share/texlive/texmf-dist/tex/generic/pgfplots/pgfplotsplothandlers.code.t
ex
(/usr/share/texlive/texmf-dist/tex/generic/pgfplots/pgfplotsmeshplothandler.cod
e.tex
(/usr/share/texlive/texmf-dist/tex/generic/pgfplots/pgfplotsmeshplotimage.code.
tex)))
(/usr/share/texlive/texmf-dist/tex/generic/pgfplots/pgfplots.scaling.code.tex)
(/usr/share/texlive/texmf-dist/tex/generic/pgfplots/pgfplotscoordprocessing.cod
e.tex)
(/usr/share/texlive/texmf-dist/tex/generic/pgfplots/pgfplots.errorbars.code.tex
) (/usr/share/texlive/texmf-dist/tex/generic/pgfplots/pgfplots.markers.code.tex
) (/usr/share/texlive/texmf-dist/tex/generic/pgfplots/pgfplotsticks.code.tex)
(/usr/share/texlive/texmf-dist/tex/generic/pgfplots/pgfplots.paths.code.tex)
(/usr/share/texlive/texmf-dist/tex/generic/pgfplots/libs/tikzlibrarypgfplots.co
ntourlua.code.tex)
\pgfplots@numplots=\count337
\pgfplots@xmin@reg=\dimen311
\pgfplots@xmax@reg=\dimen312
\pgfplots@ymin@reg=\dimen313
\pgfplots@ymax@reg=\dimen314
\pgfplots@zmin@reg=\dimen315
\pgfplots@zmax@reg=\dimen316
))
(/usr/share/texlive/texmf-dist/tex/latex/environ/environ.sty
Package: environ 2014/05/04 v0.3 A new way to define environments

(/usr/share/texlive/texmf-dist/tex/latex/trimspaces/trimspaces.sty
Package: trimspaces 2009/09/17 v1.1 Trim spaces around a token list
))
(/usr/share/texlive/texmf-dist/tex/latex/enumitem/enumitem.sty
Package: enumitem 2019/06/20 v3.9 Customized lists
\labelindent=\skip66
\enit@outerparindent=\dimen317
\enit@toks=\toks56
\enit@inbox=\box73
\enit@count@id=\count338
\enitdp@description=\count339
)
(/usr/share/texlive/texmf-dist/tex/latex/hyperref/hyperref.sty
Package: hyperref 2024-01-20 v7.01h Hypertext links for LaTeX

(/usr/share/texlive/texmf-dist/tex/latex/kvsetkeys/kvsetkeys.sty
Package: kvsetkeys 2022-10-05 v1.19 Key value parser (HO)
)
(/usr/share/texlive/texmf-dist/tex/generic/kvdefinekeys/kvdefinekeys.sty
Package: kvdefinekeys 2019-12-19 v1.6 Define keys (HO)
)
(/usr/share/texlive/texmf-dist/tex/generic/pdfescape/pdfescape.sty
Package: pdfescape 2019/12/09 v1.15 Implements pdfTeX's escape features (HO)

(/usr/share/texlive/texmf-dist/tex/generic/ltxcmds/ltxcmds.sty
Package: ltxcmds 2023-12-04 v1.26 LaTeX kernel commands for general use (HO)
)
(/usr/share/texlive/texmf-dist/tex/generic/pdftexcmds/pdftexcmds.sty
Package: pdftexcmds 2020-06-27 v0.33 Utility functions of pdfTeX for LuaTeX (HO
)

(/usr/share/texlive/texmf-dist/tex/generic/infwarerr/infwarerr.sty
Package: infwarerr 2019/12/03 v1.5 Providing info/warning/error messages (HO)
)
Package pdftexcmds Info: \pdf@primitive is available.
Package pdftexcmds Info: \pdf@ifprimitive is available.
Package pdftexcmds Info: \pdfdraftmode found.
))
(/usr/share/texlive/texmf-dist/tex/latex/hycolor/hycolor.sty
Package: hycolor 2020-01-27 v1.10 Color options for hyperref/bookmark (HO)
)
(/usr/share/texlive/texmf-dist/tex/latex/auxhook/auxhook.sty
Package: auxhook 2019-12-17 v1.6 Hooks for auxiliary files (HO)
)
(/usr/share/texlive/texmf-dist/tex/latex/hyperref/nameref.sty
Package: nameref 2023-11-26 v2.56 Cross-referencing by name of section

(/usr/share/texlive/texmf-dist/tex/latex/refcount/refcount.sty
Package: refcount 2019/12/15 v3.6 Data extraction from label references (HO)
)
(/usr/share/texlive/texmf-dist/tex/generic/gettitlestring/gettitlestring.sty
Package: gettitlestring 2019/12/15 v1.6 Cleanup title references (HO)

(/usr/share/texlive/texmf-dist/tex/latex/kvoptions/kvoptions.sty
Package: kvoptions 2022-06-15 v3.15 Key value format for package options (HO)
))
\c@section@level=\count340
)
(/usr/share/texlive/texmf-dist/tex/latex/etoolbox/etoolbox.sty
Package: etoolbox 2020/10/05 v2.5k e-TeX tools for LaTeX (JAW)
\etb@tempcnta=\count341
)
\@linkdim=\dimen318
\Hy@linkcounter=\count342
\Hy@pagecounter=\count343

(/usr/share/texlive/texmf-dist/tex/latex/hyperref/pd1enc.def
File: pd1enc.def 2024-01-20 v7.01h Hyperref: PDFDocEncoding definition (HO)
Now handling font encoding PD1 ...
... no UTF-8 mapping file for font encoding PD1
)
(/usr/share/texlive/texmf-dist/tex/generic/intcalc/intcalc.sty
Package: intcalc 2019/12/15 v1.3 Expandable calculations with integers (HO)
)
\Hy@SavedSpaceFactor=\count344

(/usr/share/texlive/texmf-dist/tex/latex/hyperref/puenc.def
File: puenc.def 2024-01-20 v7.01h Hyperref: PDF Unicode definition (HO)
Now handling font encoding PU ...
... no UTF-8 mapping file for font encoding PU
)
Package hyperref Info: Hyper figures OFF on input line 4179.
Package hyperref Info: Link nesting OFF on input line 4184.
Package hyperref Info: Hyper index ON on input line 4187.
Package hyperref Info: Plain pages OFF on input line 4194.
Package hyperref Info: Backreferencing OFF on input line 4199.
Package hyperref Info: Implicit mode ON; LaTeX internals redefined.
Package hyperref Info: Bookmarks ON on input line 4446.
\c@Hy@tempcnt=\count345
LaTeX Info: Redefining \url on input line 4784.
\XeTeXLinkMargin=\dimen319

(/usr/share/texlive/texmf-dist/tex/generic/bitset/bitset.sty
Package: bitset 2019/12/09 v1.3 Handle bit-vector datatype (HO)

(/usr/share/texlive/texmf-dist/tex/generic/bigintcalc/bigintcalc.sty
Package: bigintcalc 2019/12/15 v1.5 Expandable calculations on big integers (HO
)
))
\Fld@menulength=\count346
\Field@Width=\dimen320
\Fld@charsize=\dimen321
Package hyperref Info: Hyper figures OFF on input line 6063.
Package hyperref Info: Link nesting OFF on input line 6068.
Package hyperref Info: Hyper index ON on input line 6071.
Package hyperref Info: backreferencing OFF on input line 6078.
Package hyperref Info: Link coloring OFF on input line 6083.
Package hyperref Info: Link coloring with OCG OFF on input line 6088.
Package hyperref Info: PDF/A mode OFF on input line 6093.

(/usr/share/texlive/texmf-dist/tex/latex/base/atbegshi-ltx.sty
Package: atbegshi-ltx 2021/01/10 v1.0c Emulation of the original atbegshi
package with kernel methods
)
\Hy@abspage=\count347
\c@Item=\count348
\c@Hfootnote=\count349
)
Package hyperref Info: Driver (autodetected): hpdftex.

(/usr/share/texlive/texmf-dist/tex/latex/hyperref/hpdftex.def
File: hpdftex.def 2024-01-20 v7.01h Hyperref driver for pdfTeX

(/usr/share/texlive/texmf-dist/tex/latex/base/atveryend-ltx.sty
Package: atveryend-ltx 2020/08/19 v1.0a Emulation of the original atveryend pac
kage
with kernel methods
)
\Fld@listcount=\count350
\c@bookmark@seq@number=\count351

(/usr/share/texlive/texmf-dist/tex/latex/rerunfilecheck/rerunfilecheck.sty
Package: rerunfilecheck 2022-07-10 v1.10 Rerun checks for auxiliary files (HO)

(/usr/share/texlive/texmf-dist/tex/generic/uniquecounter/uniquecounter.sty
Package: uniquecounter 2019/12/15 v1.4 Provide unlimited unique counter (HO)
)
Package uniquecounter Info: New unique counter `rerunfilecheck' on input line 2
85.
)
\Hy@SectionHShift=\skip67
)
Package hyperref Info: Option `colorlinks' set `true' on input line 32.

(/usr/share/texlive/texmf-dist/tex/latex/glossaries-extra/glossaries-extra.sty
Package: glossaries-extra 2023/09/29 v1.53 (NLCT)

(/usr/share/texlive/texmf-dist/tex/latex/xkeyval/xkeyval.sty
Package: xkeyval 2022/06/16 v2.9 package option processing (HA)

(/usr/share/texlive/texmf-dist/tex/generic/xkeyval/xkeyval.tex
(/usr/share/texlive/texmf-dist/tex/generic/xkeyval/xkvutils.tex
\XKV@toks=\toks57
\XKV@tempa@toks=\toks58
)
\XKV@depth=\count352
File: xkeyval.tex 2014/12/03 v2.7a key=value parser (HA)
))
(/usr/share/texlive/texmf-dist/tex/latex/glossaries/base/glossaries.sty
Package: glossaries 2023/09/29 v4.53 (NLCT)

(/usr/share/texlive/texmf-dist/tex/latex/base/ifthen.sty
Package: ifthen 2022/04/13 v1.1d Standard LaTeX ifthen package (DPC)
)
(/usr/share/texlive/texmf-dist/tex/latex/mfirstuc/mfirstuc.sty
Package: mfirstuc 2022/10/14 v2.08 (NLCT)
\@glsmfirst=\toks59
\@glsmrest=\toks60
)
(/usr/share/texlive/texmf-dist/tex/latex/xfor/xfor.sty
Package: xfor 2009/02/05 v1.05 (NLCT)
)
(/usr/share/texlive/texmf-dist/tex/latex/datatool/datatool-base.sty
Package: datatool-base 2019/09/27 v2.32 (NLCT)

(/usr/share/texlive/texmf-dist/tex/latex/substr/substr.sty
Package: substr 2009/10/20 v1.2 Handle substrings
\c@su@anzahl=\count353
)
(/usr/share/texlive/texmf-dist/tex/latex/datatool/datatool-fp.sty
Package: datatool-fp 2019/09/27 v2.32 (NLCT)
)
\@dtl@toks=\toks61
\@dtl@tmpcount=\count354
\dtl@tmplength=\skip68
\dtl@sortresult=\count355
\@dtl@numgrpsepcount=\count356
\@dtl@datatype=\count357
\dtl@codeA=\count358
\dtl@codeB=\count359
\@dtl@foreach@level=\count360
)
\gls@level=\count361
\@gls@tmpb=\toks62
\gls@tmplen=\skip69
\glskeylisttok=\toks63
\glslabeltok=\toks64
\glsshorttok=\toks65
\glslongtok=\toks66

(/usr/share/texlive/texmf-dist/tex/latex/glossaries/styles/glossary-hypernav.st
y
Package: glossary-hypernav 2023/09/29 v4.53 (NLCT)
) (/usr/share/texlive/texmf-dist/tex/latex/glossaries/styles/glossary-list.sty
Package: glossary-list 2023/09/29 v4.53 (NLCT)
\glslistdottedwidth=\skip70
) (/usr/share/texlive/texmf-dist/tex/latex/glossaries/styles/glossary-long.sty
Package: glossary-long 2023/09/29 v4.53 (NLCT)

(/usr/share/texlive/texmf-dist/tex/latex/tools/longtable.sty
Package: longtable 2023-11-01 v4.19 Multi-page Table package (DPC)
\LTleft=\skip71
\LTright=\skip72
\LTpre=\skip73
\LTpost=\skip74
\LTchunksize=\count362
\LTcapwidth=\dimen322
\LT@head=\box74
\LT@firsthead=\box75
\LT@foot=\box76
\LT@lastfoot=\box77
\LT@gbox=\box78
\LT@cols=\count363
\LT@rows=\count364
\c@LT@tables=\count365
\c@LT@chunks=\count366
\LT@p@ftn=\toks67
)
\glsdescwidth=\skip75
\glspagelistwidth=\skip76
)
(/usr/share/texlive/texmf-dist/tex/latex/glossaries/styles/glossary-super.sty
Package: glossary-super 2023/09/29 v4.53 (NLCT)

(/usr/share/texlive/texmf-dist/tex/latex/supertabular/supertabular.sty
Package: supertabular 2020/02/02 v4.1g the supertabular environment
\c@tracingst=\count367
\ST@wd=\dimen323
\ST@rightskip=\skip77
\ST@leftskip=\skip78
\ST@parfillskip=\skip79
\ST@pageleft=\dimen324
\ST@headht=\dimen325
\ST@tailht=\dimen326
\ST@pagesofar=\dimen327
\ST@pboxht=\dimen328
\ST@lineht=\dimen329
\ST@prevht=\dimen330
\ST@toadd=\dimen331
\ST@dimen=\dimen332
\ST@pbox=\box79
))
(/usr/share/texlive/texmf-dist/tex/latex/glossaries/styles/glossary-tree.sty
Package: glossary-tree 2023/09/29 v4.53 (NLCT)
\glstreeindent=\skip80
))
\@glsxtr@leveloffset=\count368
\glsxtrresourcecount=\count369
\@glsxtrnewgls@inner=\count370
\glsshortpltok=\toks68
\glslongpltok=\toks69

(/usr/share/texlive/texmf-dist/tex/latex/glossaries-extra/glossaries-extra-abbr
styles.def
File: glossaries-extra-abbrstyles.def 2023/06/28 v1.52 (NLCT)
)
\mglselementindex=\count371
)
\c@definition=\count372
LaTeX Info: Redefining \Man0 on input line 485.
)
\@indexfile=\write4
\openout4 = `"Introduction to Analysis.idx"'.


Writing index file "Introduction to Analysis".idx
(./Introduction to Analysis.aux

LaTeX Warning: Label `defn:def:orderings:prosets:0002' multiply defined.


LaTeX Warning: Label `defn:def:orderings:directed_sets:0001' multiply defined.


LaTeX Warning: Label `defn:def:orderings:posets:0003' multiply defined.


LaTeX Warning: Label `defn:' multiply defined.


LaTeX Warning: Label `ex:' multiply defined.


LaTeX Warning: Label `ex:ex:metric_spaces:introduction:0024.4' multiply defined
.


LaTeX Warning: Label `defn:' multiply defined.


LaTeX Warning: Label `defn:' multiply defined.


LaTeX Warning: Label `ex:' multiply defined.


LaTeX Warning: Label `defn:' multiply defined.


LaTeX Warning: Label `defn:' multiply defined.


LaTeX Warning: Label `defn:' multiply defined.


LaTeX Warning: Label `ex:' multiply defined.


LaTeX Warning: Label `defn:' multiply defined.


LaTeX Warning: Label `ex:' multiply defined.


LaTeX Warning: Label `defn:' multiply defined.


LaTeX Warning: Label `defn:' multiply defined.


LaTeX Warning: Label `ex:' multiply defined.


LaTeX Warning: Label `ex:' multiply defined.


LaTeX Warning: Label `ex:' multiply defined.


LaTeX Warning: Label `ex:' multiply defined.


LaTeX Warning: Label `defn:' multiply defined.


LaTeX Warning: Label `ex:' multiply defined.


LaTeX Warning: Label `ex:' multiply defined.


LaTeX Warning: Label `defn:' multiply defined.


LaTeX Warning: Label `ex:' multiply defined.


LaTeX Warning: Label `ex:' multiply defined.


LaTeX Warning: Label `ex:' multiply defined.


LaTeX Warning: Label `ex:' multiply defined.


LaTeX Warning: Label `ex:' multiply defined.


LaTeX Warning: Label `ex:42006' multiply defined.


LaTeX Warning: Label `ex:' multiply defined.


LaTeX Warning: Label `ex:' multiply defined.


LaTeX Warning: Label `defn:' multiply defined.


LaTeX Warning: Label `ex:' multiply defined.


LaTeX Warning: Label `defn:' multiply defined.


LaTeX Warning: Label `ex:' multiply defined.


LaTeX Warning: Label `defn:' multiply defined.


LaTeX Warning: Label `ex:' multiply defined.


LaTeX Warning: Label `defn:' multiply defined.


LaTeX Warning: Label `defn:' multiply defined.


LaTeX Warning: Label `ex:' multiply defined.


LaTeX Warning: Label `ex:' multiply defined.


LaTeX Warning: Label `ex:' multiply defined.


LaTeX Warning: Label `ex:' multiply defined.


LaTeX Warning: Label `ex:' multiply defined.


LaTeX Warning: Label `ex:' multiply defined.


LaTeX Warning: Label `ex:' multiply defined.


LaTeX Warning: Label `ex:' multiply defined.


LaTeX Warning: Label `ex:' multiply defined.


LaTeX Warning: Label `defn:' multiply defined.


LaTeX Warning: Label `ex:' multiply defined.


LaTeX Warning: Label `ex:' multiply defined.


LaTeX Warning: Label `defn:' multiply defined.


LaTeX Warning: Label `ex:' multiply defined.


LaTeX Warning: Label `ex:' multiply defined.


LaTeX Warning: Label `ex:' multiply defined.


LaTeX Warning: Label `ex:' multiply defined.


LaTeX Warning: Label `ex:' multiply defined.


LaTeX Warning: Label `ex:' multiply defined.


LaTeX Warning: Label `ex:' multiply defined.


LaTeX Warning: Label `defn:' multiply defined.


LaTeX Warning: Label `ex:' multiply defined.


LaTeX Warning: Label `ex:' multiply defined.


LaTeX Warning: Label `ex:' multiply defined.


LaTeX Warning: Label `ex:' multiply defined.


LaTeX Warning: Label `ex:' multiply defined.


LaTeX Warning: Label `defn:' multiply defined.


LaTeX Warning: Label `ex:' multiply defined.


LaTeX Warning: Label `ex:' multiply defined.


LaTeX Warning: Label `ex:' multiply defined.


LaTeX Warning: Label `defn:' multiply defined.


LaTeX Warning: Label `defn:' multiply defined.


LaTeX Warning: Label `ex:' multiply defined.


LaTeX Warning: Label `defn:00000' multiply defined.


LaTeX Warning: Label `defn:00000' multiply defined.


LaTeX Warning: Label `defn:00000' multiply defined.


LaTeX Warning: Label `ex:00000' multiply defined.


LaTeX Warning: Label `defn:00000' multiply defined.


LaTeX Warning: Label `ex:00000' multiply defined.


LaTeX Warning: Label `ex:00000' multiply defined.


LaTeX Warning: Label `ex:00000' multiply defined.


LaTeX Warning: Label `defn:00000' multiply defined.


LaTeX Warning: Label `ex:00000' multiply defined.


LaTeX Warning: Label `ex:00000' multiply defined.


LaTeX Warning: Label `ex:00000' multiply defined.


LaTeX Warning: Label `ex:00000' multiply defined.


LaTeX Warning: Label `ex:00000' multiply defined.


LaTeX Warning: Label `defn:00000' multiply defined.


LaTeX Warning: Label `defn:' multiply defined.


LaTeX Warning: Label `ex:' multiply defined.


LaTeX Warning: Label `defn:' multiply defined.


LaTeX Warning: Label `ex:' multiply defined.


LaTeX Warning: Label `defn:' multiply defined.


LaTeX Warning: Label `ex:' multiply defined.


LaTeX Warning: Label `defn:' multiply defined.


LaTeX Warning: Label `ex:' multiply defined.


LaTeX Warning: Label `defn:00000' multiply defined.


LaTeX Warning: Label `defn:' multiply defined.


LaTeX Warning: Label `defn:' multiply defined.


LaTeX Warning: Label `ex:' multiply defined.


LaTeX Warning: Label `ex:' multiply defined.


LaTeX Warning: Label `ex:' multiply defined.


LaTeX Warning: Label `ex:' multiply defined.


LaTeX Warning: Label `ex:' multiply defined.


LaTeX Warning: Label `ex:' multiply defined.


LaTeX Warning: Label `ex:' multiply defined.


LaTeX Warning: Label `ex:' multiply defined.


LaTeX Warning: Label `ex:' multiply defined.


LaTeX Warning: Label `ex:' multiply defined.


LaTeX Warning: Label `ex:' multiply defined.


LaTeX Warning: Label `ex:' multiply defined.


LaTeX Warning: Label `ex:' multiply defined.


LaTeX Warning: Label `defn:' multiply defined.


LaTeX Warning: Label `defn:' multiply defined.

)
\openout1 = `"Introduction to Analysis.aux"'.

LaTeX Font Info:    Checking defaults for OML/cmm/m/it on input line 52.
LaTeX Font Info:    ... okay on input line 52.
LaTeX Font Info:    Checking defaults for OMS/cmsy/m/n on input line 52.
LaTeX Font Info:    ... okay on input line 52.
LaTeX Font Info:    Checking defaults for OT1/cmr/m/n on input line 52.
LaTeX Font Info:    ... okay on input line 52.
LaTeX Font Info:    Checking defaults for T1/cmr/m/n on input line 52.
LaTeX Font Info:    ... okay on input line 52.
LaTeX Font Info:    Checking defaults for TS1/cmr/m/n on input line 52.
LaTeX Font Info:    ... okay on input line 52.
LaTeX Font Info:    Checking defaults for OMX/cmex/m/n on input line 52.
LaTeX Font Info:    ... okay on input line 52.
LaTeX Font Info:    Checking defaults for U/cmr/m/n on input line 52.
LaTeX Font Info:    ... okay on input line 52.
LaTeX Font Info:    Checking defaults for PD1/pdf/m/n on input line 52.
LaTeX Font Info:    ... okay on input line 52.
LaTeX Font Info:    Checking defaults for PU/pdf/m/n on input line 52.
LaTeX Font Info:    ... okay on input line 52.

*geometry* driver: auto-detecting
*geometry* detected driver: pdftex
*geometry* verbose mode - [ preamble ] result:
* driver: pdftex
* paper: <default>
* layout: <same size as paper>
* layoutoffset:(h,v)=(0.0pt,0.0pt)
* modes: twoside 
* h-part:(L,W,R)=(18.06749pt, 578.16002pt, 18.06749pt)
* v-part:(T,H,B)=(72.26999pt, 650.43001pt, 72.26999pt)
* \paperwidth=614.295pt
* \paperheight=794.96999pt
* \textwidth=578.16002pt
* \textheight=650.43001pt
* \oddsidemargin=-54.2025pt
* \evensidemargin=-54.2025pt
* \topmargin=-30.06749pt
* \headheight=12.0pt
* \headsep=18.06749pt
* \topskip=10.0pt
* \footskip=25.29494pt
* \marginparwidth=125.0pt
* \marginparsep=7.0pt
* \columnsep=10.0pt
* \skip\footins=9.0pt plus 4.0pt minus 2.0pt
* \hoffset=0.0pt
* \voffset=0.0pt
* \mag=1000
* \@twocolumnfalse
* \@twosidetrue
* \@mparswitchtrue
* \@reversemarginfalse
* (1in=72.27pt=25.4mm, 1cm=28.453pt)

(/usr/share/texlive/texmf-dist/tex/context/base/mkii/supp-pdf.mkii
[Loading MPS to PDF converter (version 2006.09.02).]
\scratchcounter=\count373
\scratchdimen=\dimen333
\scratchbox=\box80
\nofMPsegments=\count374
\nofMParguments=\count375
\everyMPshowfont=\toks70
\MPscratchCnt=\count376
\MPscratchDim=\dimen334
\MPnumerator=\count377
\makeMPintoPDFobject=\count378
\everyMPtoPDFconversion=\toks71
) (/usr/share/texlive/texmf-dist/tex/latex/epstopdf-pkg/epstopdf-base.sty
Package: epstopdf-base 2020-01-24 v2.11 Base part for package epstopdf
Package epstopdf-base Info: Redefining graphics rule for `.eps' on input line 4
85.

(/usr/share/texlive/texmf-dist/tex/latex/latexconfig/epstopdf-sys.cfg
File: epstopdf-sys.cfg 2010/07/13 v1.3 Configuration of (r)epstopdf for TeX Liv
e
))
Package pgfplots notification 'compat/show suggested version=true': document ha
s been generated with the most recent feature set (\pgfplotsset{compat=1.18}).

Package hyperref Info: Link coloring ON on input line 52.
(./Introduction to Analysis.out) (./Introduction to Analysis.out)
\@outlinefile=\write5
\openout5 = `"Introduction to Analysis.out"'.

LaTeX Font Info:    Trying to load font information for U+msa on input line 62.


(/usr/share/texlive/texmf-dist/tex/latex/amsfonts/umsa.fd
File: umsa.fd 2013/01/14 v3.01 AMS symbols A
)
LaTeX Font Info:    Trying to load font information for U+msb on input line 62.


(/usr/share/texlive/texmf-dist/tex/latex/amsfonts/umsb.fd
File: umsb.fd 2013/01/14 v3.01 AMS symbols B
) [1{/var/lib/texmf/fonts/map/pdftex/updmap/pdftex.map}


] [2

]
pdfTeX warning (ext4): destination with the same identifier (name{page.i}) has 
been already used, duplicate ignored
<to be read again> 
                   \relax 
l.67 
      [1] [4

] (./Introduction to Analysis.toc [5] [6] [7] [8])
\tf@toc=\write6
\openout6 = `"Introduction to Analysis.toc"'.

 [9] [10

]
[11

] [12

] [1

] [2

]
Chapter 1.
[3{/usr/share/texmf/fonts/enc/dvips/cm-super/cm-super-ts1.enc}] [4] [5]
[6] [7] [8] [9] [10] [11] [12] [13] [14] [15] [16] [17] [18] [19] [20] [21]
[22

]
Chapter 2.
[23] [24] [25] [26]
Chapter 3.
[27

] [28]
Chapter 4.
[29

] [30] [31] [32] [33] [34] [35] [36] [37] [38] [39]
Underfull \hbox (badness 10000) in paragraph at lines 2677--2679

 []


Underfull \hbox (badness 10000) in paragraph at lines 2721--2723

 []

[40] [41] [42] [43]
Underfull \hbox (badness 10000) in paragraph at lines 2961--2964

 []


Underfull \hbox (badness 10000) in paragraph at lines 2968--2969

 []

[44]
Underfull \hbox (badness 10000) in paragraph at lines 3003--3004

 []


Underfull \hbox (badness 10000) in paragraph at lines 3005--3008

 []


Underfull \hbox (badness 10000) in paragraph at lines 3022--3025

 []

[45]
Underfull \hbox (badness 10000) in paragraph at lines 3039--3040

 []

[46] [47] [48] [49]
Underfull \hbox (badness 10000) in paragraph at lines 3353--3355

 []

[50]
Underfull \hbox (badness 10000) in paragraph at lines 3399--3401

 []

[51] [52] [53] [54] [55] [56]
Underfull \hbox (badness 10000) in paragraph at lines 3861--3863

 []

[57] [58] [59] [60] [61] [62] [63] [64] [65] [66] [67] [68] [69] [70] [71]
Underfull \hbox (badness 10000) in paragraph at lines 4892--4894

 []

[72]
Underfull \hbox (badness 10000) in paragraph at lines 4939--4941

 []

[73] [74] [75]
Overfull \hbox (20.80247pt too wide) in paragraph at lines 5150--5151
[][]\OT1/cmr/bx/n/10 Exercise 4.8.1.7. [][]\OT1/cmr/m/n/10 Re-state the last ex
-er-cise cat-e-gor-i-cally: Let $\OML/cmm/m/it/10 U \OT1/cmr/m/n/10 : [] \OMS/c
msy/m/n/10 ! []$ \OT1/cmr/m/n/10 be the for-get-ful func-tor. If $\OML/cmm/m/it
/10 ^^^ \OMS/cmsy/m/n/10 2 [][]\OT1/cmr/m/n/10 (\OML/cmm/m/it/10 U\OT1/cmr/m/n/
10 (\OML/cmm/m/it/10 f[]\OT1/cmr/m/n/10 )\OML/cmm/m/it/10 ; U\OT1/cmr/m/n/10 (\
OML/cmm/m/it/10 f[]\OT1/cmr/m/n/10 ))$,
 []


Underfull \hbox (badness 10000) in paragraph at lines 5163--5166

 []


Underfull \hbox (badness 10000) in paragraph at lines 5184--5187

 []

[76]
Underfull \hbox (badness 10000) in paragraph at lines 5193--5196

 []

[77] [78] [79]
Overfull \hbox (45.53233pt too wide) in paragraph at lines 5441--5442
[]\OT1/cmr/m/n/10 Let $(\OML/cmm/m/it/10 X; \OMS/cmsy/m/n/10 ^^X[]\OT1/cmr/m/n/
10 )$, $(\OML/cmm/m/it/10 Y; \OMS/cmsy/m/n/10 ^^X[]\OT1/cmr/m/n/10 ) \OMS/cmsy/
m/n/10 2 []$ \OT1/cmr/m/n/10 and $\OML/cmm/m/it/10 f \OMS/cmsy/m/n/10 2 [][]\OT
1/cmr/m/n/10 ((\OML/cmm/m/it/10 X; \OMS/cmsy/m/n/10 ^^X[]\OT1/cmr/m/n/10 )\OML/
cmm/m/it/10 ; \OT1/cmr/m/n/10 (\OML/cmm/m/it/10 Y; \OMS/cmsy/m/n/10 ^^X[]\OT1/c
mr/m/n/10 ))$. The pre-vi-ous ex-er-cise im-plies that $\OML/cmm/m/it/10 F\OT1/
cmr/m/n/10 (\OML/cmm/m/it/10 f\OT1/cmr/m/n/10 ) \OMS/cmsy/m/n/10 2 [][]\OT1/cmr
/m/n/10 (\OML/cmm/m/it/10 X=[]; Y=[]\OT1/cmr/m/n/10 )$. 
 []

[80] [81] [82] [83] [84]
Overfull \hbox (14.15582pt too wide) in paragraph at lines 5695--5697
[][]\OT1/cmr/bx/n/10 Exercise 4.10.0.7. []\OT1/cmr/m/n/10 Let $(\OML/cmm/m/it/1
0 J; []\OT1/cmr/m/n/10 )$ be a di-rected poset $((\OML/cmm/m/it/10 X[]\OT1/cmr/
m/n/10 )[]\OML/cmm/m/it/10 ; \OT1/cmr/m/n/10 (\OML/cmm/m/it/10 ^^Y[]\OT1/cmr/m/
n/10 )[])$ be a pro-jec-tive sys-tem of topo-log-i-cal spaces. Set $(\OML/cmm/m
/it/10 X; \OT1/cmr/m/n/10 (\OML/cmm/m/it/10 ^^Y[]\OT1/cmr/m/n/10 )[]) []=
 []

[85]

LaTeX Warning: Reference `ex:ex:topology:proj_limits:0006' on page 86 undefined
 on input line 5794.


LaTeX Warning: Reference `ex:ex:topology:proj_limits:0008' on page 86 undefined
 on input line 5794.


LaTeX Warning: Reference `ex:arg1' on page 86 undefined on input line 5794.

[86]

LaTeX Warning: Reference `ex:arg1' on page 87 undefined on input line 5801.

[87] [88]
Underfull \hbox (badness 10000) in paragraph at lines 6051--6053

 []

[89] [90] [91] [92] [93]
Overfull \hbox (1.72731pt too wide) in paragraph at lines 6399--6401
\OT1/cmr/m/n/10 Suppose that $\OML/cmm/m/it/10 x \OMS/cmsy/m/n/10 ^^X[] \OML/cm
m/m/it/10 y$\OT1/cmr/m/n/10 . De-fine $[] \OML/cmm/m/it/10 x []\OT1/cmr/m/n/10 
= \OMS/cmsy/m/n/10 f\OML/cmm/m/it/10 C \OMS/cmsy/m/n/10 ^^Z \OML/cmm/m/it/10 X 
\OT1/cmr/m/n/10 : []\OMS/cmsy/m/n/10 g$ \OT1/cmr/m/n/10 and $[] \OML/cmm/m/it/1
0 y []\OT1/cmr/m/n/10 = \OMS/cmsy/m/n/10 f\OML/cmm/m/it/10 C \OMS/cmsy/m/n/10 ^
^Z \OML/cmm/m/it/10 X \OT1/cmr/m/n/10 : []\OMS/cmsy/m/n/10 g$\OT1/cmr/m/n/10 .
 []

[94]
Underfull \hbox (badness 10000) in paragraph at lines 6490--6492

 []

[95] [96]
Underfull \hbox (badness 10000) in paragraph at lines 6623--6625

 []

[97] [98] [99] [100] [101] [102] [103]

LaTeX Warning: Reference `defn:def:topology:open_covers:intro:0001' on page 104
 undefined on input line 7192.

[104] [105] [106] [107] [108] [109] [110]
Underfull \hbox (badness 10000) in paragraph at lines 7520--7521

 []

[111] [112] [113] [114]
Underfull \vbox (badness 2707) has occurred while \output is active []

 [115]
Overfull \hbox (14.15582pt too wide) in paragraph at lines 8023--8024
[][]\OT1/cmr/bx/n/10 Exercise 4.14.6.3. []\OT1/cmr/m/n/10 Let $(\OML/cmm/m/it/1
0 J; []\OT1/cmr/m/n/10 )$ be a di-rected poset $((\OML/cmm/m/it/10 X[]\OT1/cmr/
m/n/10 )[]\OML/cmm/m/it/10 ; \OT1/cmr/m/n/10 (\OML/cmm/m/it/10 ^^Y[]\OT1/cmr/m/
n/10 )[])$ be a pro-jec-tive sys-tem of topo-log-i-cal spaces. Set $(\OML/cmm/m
/it/10 X; \OT1/cmr/m/n/10 (\OML/cmm/m/it/10 ^^Y[]\OT1/cmr/m/n/10 )[]) []=
 []

[116] [117] [118] [119] [120] [121] [122] [123] [124] [125] [126] [127]
[128

]
Chapter 5.
[129] [130] [131] [132] [133] [134]
Chapter 6.
[135

] [136] [137] [138] [139] [140]
Underfull \hbox (badness 10000) in paragraph at lines 10013--10014

 []

[141] [142] [143]
Underfull \hbox (badness 10000) in paragraph at lines 10163--10164

 []

[144] [145] [146] [147] [148] [149] [150] [151] [152] [153] [154] [155]

Package hyperref Warning: Token not allowed in a PDF string (Unicode):
(hyperref)                removing `math shift' on input line 11104.


Package hyperref Warning: Token not allowed in a PDF string (Unicode):
(hyperref)                removing `\mathop' on input line 11104.


Package hyperref Warning: Token not allowed in a PDF string (Unicode):
(hyperref)                removing `\mathcode' on input line 11104.


Package hyperref Warning: Token not allowed in a PDF string (Unicode):
(hyperref)                removing `\mathcode' on input line 11104.


Package hyperref Warning: Token not allowed in a PDF string (Unicode):
(hyperref)                removing `\mathcode' on input line 11104.


Package hyperref Warning: Token not allowed in a PDF string (Unicode):
(hyperref)                removing `\mathchardef' on input line 11104.


Package hyperref Warning: Token not allowed in a PDF string (Unicode):
(hyperref)                removing `\std@minus' on input line 11104.


Package hyperref Warning: Token not allowed in a PDF string (Unicode):
(hyperref)                removing `\mathcode' on input line 11104.


Package hyperref Warning: Token not allowed in a PDF string (Unicode):
(hyperref)                removing `\mathcode' on input line 11104.


Package hyperref Warning: Token not allowed in a PDF string (Unicode):
(hyperref)                removing `\mathcode' on input line 11104.


Package hyperref Warning: Token not allowed in a PDF string (Unicode):
(hyperref)                removing `\mathcode' on input line 11104.


Package hyperref Warning: Token not allowed in a PDF string (Unicode):
(hyperref)                removing `\leavevmode@ifvmode' on input line 11104.


Package hyperref Warning: Token not allowed in a PDF string (Unicode):
(hyperref)                \kern 2.22198pt
(hyperref)                removed on input line 11104.


Package hyperref Warning: Token not allowed in a PDF string (Unicode):
(hyperref)                removing `\mathgroup' on input line 11104.


Package hyperref Warning: Token not allowed in a PDF string (Unicode):
(hyperref)                removing `\symoperators' on input line 11104.


Package hyperref Warning: Token not allowed in a PDF string (Unicode):
(hyperref)                removing `\nmlimits@' on input line 11104.


Package hyperref Warning: Token not allowed in a PDF string (Unicode):
(hyperref)                removing `math shift' on input line 11104.


Package hyperref Warning: Token not allowed in a PDF string (Unicode):
(hyperref)                removing `math shift' on input line 11133.


Package hyperref Warning: Token not allowed in a PDF string (Unicode):
(hyperref)                removing `\mathop' on input line 11133.


Package hyperref Warning: Token not allowed in a PDF string (Unicode):
(hyperref)                removing `\mathcode' on input line 11133.


Package hyperref Warning: Token not allowed in a PDF string (Unicode):
(hyperref)                removing `\mathcode' on input line 11133.


Package hyperref Warning: Token not allowed in a PDF string (Unicode):
(hyperref)                removing `\mathcode' on input line 11133.


Package hyperref Warning: Token not allowed in a PDF string (Unicode):
(hyperref)                removing `\mathchardef' on input line 11133.


Package hyperref Warning: Token not allowed in a PDF string (Unicode):
(hyperref)                removing `\std@minus' on input line 11133.


Package hyperref Warning: Token not allowed in a PDF string (Unicode):
(hyperref)                removing `\mathcode' on input line 11133.


Package hyperref Warning: Token not allowed in a PDF string (Unicode):
(hyperref)                removing `\mathcode' on input line 11133.


Package hyperref Warning: Token not allowed in a PDF string (Unicode):
(hyperref)                removing `\mathcode' on input line 11133.


Package hyperref Warning: Token not allowed in a PDF string (Unicode):
(hyperref)                removing `\mathcode' on input line 11133.


Package hyperref Warning: Token not allowed in a PDF string (Unicode):
(hyperref)                removing `\leavevmode@ifvmode' on input line 11133.


Package hyperref Warning: Token not allowed in a PDF string (Unicode):
(hyperref)                \kern 2.22198pt
(hyperref)                removed on input line 11133.


Package hyperref Warning: Token not allowed in a PDF string (Unicode):
(hyperref)                removing `\mathgroup' on input line 11133.


Package hyperref Warning: Token not allowed in a PDF string (Unicode):
(hyperref)                removing `\symoperators' on input line 11133.


Package hyperref Warning: Token not allowed in a PDF string (Unicode):
(hyperref)                removing `\nmlimits@' on input line 11133.


Package hyperref Warning: Token not allowed in a PDF string (Unicode):
(hyperref)                removing `math shift' on input line 11133.


Underfull \hbox (badness 10000) in paragraph at lines 11169--11171

 []

[156] [157] [158] [159] [160] [161]
Underfull \hbox (badness 10000) in paragraph at lines 11578--11580

 []

[162] [163] [164] [165]
Overfull \hbox (50.30084pt too wide) in paragraph at lines 11922--11923
\OT1/cmr/m/n/10 Since $(\OML/cmm/m/it/10 []; x[]\OT1/cmr/m/n/10 )\OML/cmm/m/it
/10 ; \OT1/cmr/m/n/10 (\OML/cmm/m/it/10 []; x[]\OT1/cmr/m/n/10 )\OML/cmm/m/it/
10 ; \OT1/cmr/m/n/10 (\OML/cmm/m/it/10 []; x[]\OT1/cmr/m/n/10 ) \OMS/cmsy/m/n/
10 2 \OML/cmm/m/it/10 X$ \OT1/cmr/m/n/10 are ar-bi-trary, we have that for each
 $(\OML/cmm/m/it/10 []; x[]\OT1/cmr/m/n/10 )\OML/cmm/m/it/10 ; \OT1/cmr/m/n/10
 (\OML/cmm/m/it/10 []; x[]\OT1/cmr/m/n/10 )\OML/cmm/m/it/10 ; \OT1/cmr/m/n/10 
(\OML/cmm/m/it/10 []; x[]\OT1/cmr/m/n/10 ) \OMS/cmsy/m/n/10 2 \OML/cmm/m/it/10
 X$\OT1/cmr/m/n/10 , $\OML/cmm/m/it/10 d[]\OT1/cmr/m/n/10 ((\OML/cmm/m/it/10 [
]; x[]\OT1/cmr/m/n/10 )\OML/cmm/m/it/10 ; \OT1/cmr/m/n/10 (\OML/cmm/m/it/10 []
; x[]\OT1/cmr/m/n/10 )) \OMS/cmsy/m/n/10 ^^T
 []

[166] [167] [168] [169] [170] [171] [172]

LaTeX Warning: Reference `ex:metric_spaces:introduction:0001.1' on page 173 und
efined on input line 12388.

[173] [174] [175] [176] [177] [178] [179] [180] [181]

LaTeX Warning: Reference `ex:ex:metric_spaces:compact:0001' on page 182 undefin
ed on input line 12908.

[182]
Underfull \hbox (badness 10000) in paragraph at lines 13026--13027

 []

[183] [184] [185] [186] [187] [188] [189] [190] [191] [192] [193] [194]
[195] [196] [197] [198] [199] [200] [201] [202] [203] [204] [205] [206]
[207] [208] [209] [210] [211]
Underfull \hbox (badness 10000) in paragraph at lines 15263--15265

 []

[212] [213] [214]
Chapter 7.

Package hyperref Warning: Token not allowed in a PDF string (Unicode):
(hyperref)                removing `math shift' on input line 15510.


Package hyperref Warning: Token not allowed in a PDF string (Unicode):
(hyperref)                removing `\|' on input line 15510.


Package hyperref Warning: Token not allowed in a PDF string (Unicode):
(hyperref)                removing `\cdot' on input line 15510.


Package hyperref Warning: Token not allowed in a PDF string (Unicode):
(hyperref)                removing `\|' on input line 15510.


Package hyperref Warning: Token not allowed in a PDF string (Unicode):
(hyperref)                removing `subscript' on input line 15510.


Package hyperref Warning: Token not allowed in a PDF string (Unicode):
(hyperref)                removing `\infty' on input line 15510.


Package hyperref Warning: Token not allowed in a PDF string (Unicode):
(hyperref)                removing `math shift' on input line 15510.

[215

] [216] [217] [218]
Chapter 8.
[219

]
Overfull \hbox (4.17752pt too wide) in paragraph at lines 15930--15931
[][]\OT1/cmr/bx/n/10 Definition 8.1.2.1. []\OT1/cmr/m/n/10 Let $\OML/cmm/m/it/1
0 X; Y$ \OT1/cmr/m/n/10 be topo-log-i-cal vec-tor spaces over $\U/msb/m/n/10 K$
\OT1/cmr/m/n/10 . We de-fine $\OML/cmm/m/it/10 L\OT1/cmr/m/n/10 (\OML/cmm/m/it/
10 X\OT1/cmr/m/n/10 ; \OML/cmm/m/it/10 Y\OT1/cmr/m/n/10 ) []= \OMS/cmsy/m/n/10 
f\OML/cmm/m/it/10 T \OT1/cmr/m/n/10 : \OML/cmm/m/it/10 X \OMS/cmsy/m/n/10 ! \OM
L/cmm/m/it/10 Y \OT1/cmr/m/n/10 : []\OMS/cmsy/m/n/10 g$\OT1/cmr/m/n/10 . 
 []

[220] [221] [222] [223] [224] [225] [226] [227] [228] [229]
Underfull \hbox (badness 10000) in paragraph at lines 16595--16597

 []


Underfull \hbox (badness 10000) in paragraph at lines 16597--16599

 []


Underfull \hbox (badness 10000) in paragraph at lines 16599--16601

 []

[230]
Underfull \hbox (badness 10000) in paragraph at lines 16694--16696

 []

[231] [232] [233] [234] [235] [236] [237] [238] [239]
Underfull \hbox (badness 10000) in paragraph at lines 17278--17280

 []

[240]
Underfull \hbox (badness 10000) in paragraph at lines 17289--17291

 []

[241] [242] [243] [244] [245] [246] [247] [248] [249] [250]
Underfull \hbox (badness 10000) in paragraph at lines 17812--17815

 []

[251]
Underfull \hbox (badness 10000) in paragraph at lines 17898--17900

 []

[252] [253] [254]
Chapter 9.

Package amsmath Warning: Foreign command \atopwithdelims;
(amsmath)                \frac or \genfrac should be used instead
(amsmath)                 on input line 18234.

[255

] [256] [257] [258]
Underfull \hbox (badness 10000) in paragraph at lines 18442--18444

 []

[259] [260] [261] [262] [263] [264] [265] [266] [267]
Underfull \hbox (badness 10000) in paragraph at lines 18944--18946

 []

[268] [269] [270] [271] [272]
Underfull \hbox (badness 10000) in paragraph at lines 19233--19234

 []

[273]
Underfull \hbox (badness 10000) in paragraph at lines 19248--19249

 []

[274] [275] [276]
Underfull \hbox (badness 10000) in paragraph at lines 19402--19404

 []

[277]
Underfull \hbox (badness 10000) in paragraph at lines 19450--19452

 []

[278] [279]
Underfull \hbox (badness 10000) in paragraph at lines 19600--19601

 []


Underfull \hbox (badness 10000) in paragraph at lines 19610--19612

 []

[280]
Underfull \hbox (badness 10000) in paragraph at lines 19618--19620

 []

[281] [282] [283] [284] [285] [286] [287] [288] [289] [290] [291] [292]
[293]
Underfull \vbox (badness 10000) has occurred while \output is active []

 [294]
[295] [296] [297] [298]
Chapter 10.
[299

] [300] [301] [302] [303]
Underfull \vbox (badness 1199) has occurred while \output is active []

 [304]
[305] [306] [307] [308] [309] [310]
Underfull \hbox (badness 10000) in paragraph at lines 21447--21449

 []

[311] [312] [313]
Underfull \vbox (badness 2293) has occurred while \output is active []

 [314]
[315]

LaTeX Warning: Reference `ex:def:banach:duality:0007' on page 316 undefined on 
input line 21644.

[316]
Underfull \hbox (badness 10000) in paragraph at lines 21748--21749

 []

[317] [318] [319] [320] [321] [322] [323] [324] [325] [326] [327] [328]
Underfull \hbox (badness 10000) in paragraph at lines 22490--22491

 []

[329] [330] [331]

LaTeX Warning: Citation `algebra' on page 332 undefined on input line 22771.

[332] [333] [334]
Underfull \hbox (badness 10000) in paragraph at lines 22931--22932

 []

[335] [336] [337] [338

]
Chapter 11.
[339] [340] [341] [342] [343] [344]
Underfull \hbox (badness 10000) in paragraph at lines 23278--23279

 []

[345]

LaTeX Warning: Reference `' on page 346 undefined on input line 23314.

[346]
Underfull \hbox (badness 10000) in paragraph at lines 23379--23381

 []


Overfull \hbox (8.02548pt too wide) in paragraph at lines 23381--23382
[]\OT1/cmr/m/n/10 Since $\OMS/cmsy/m/n/10 k\OML/cmm/m/it/10 Dg\OT1/cmr/m/n/10 (
\OML/cmm/m/it/10 f\OT1/cmr/m/n/10 (\OML/cmm/m/it/10 x[]\OT1/cmr/m/n/10 ))(\OML/
cmm/m/it/10 R[]\OT1/cmr/m/n/10 (\OML/cmm/m/it/10 x[]\OT1/cmr/m/n/10 )(\OML/cmm/
m/it/10 h\OT1/cmr/m/n/10 ))\OMS/cmsy/m/n/10 k ^^T k\OML/cmm/m/it/10 Dg\OT1/cmr/
m/n/10 (\OML/cmm/m/it/10 f\OT1/cmr/m/n/10 (\OML/cmm/m/it/10 x[]\OT1/cmr/m/n/10 
))\OMS/cmsy/m/n/10 kk\OML/cmm/m/it/10 R[]\OT1/cmr/m/n/10 (\OML/cmm/m/it/10 x[]\
OT1/cmr/m/n/10 )(\OML/cmm/m/it/10 h\OT1/cmr/m/n/10 )\OMS/cmsy/m/n/10 k$ \OT1/cm
r/m/n/10 and $\OML/cmm/m/it/10 R[]\OT1/cmr/m/n/10 (\OML/cmm/m/it/10 x[]\OT1/cmr
/m/n/10 )(\OML/cmm/m/it/10 h\OT1/cmr/m/n/10 ) = \OML/cmm/m/it/10 o\OT1/cmr/m/n/
10 (\OML/cmm/m/it/10 h\OT1/cmr/m/n/10 )$ as $\OML/cmm/m/it/10 h \OMS/cmsy/m/n/1
0 ! \OT1/cmr/m/n/10 0$, we have that $\OML/cmm/m/it/10 Dg\OT1/cmr/m/n/10 (\OML/
cmm/m/it/10 f\OT1/cmr/m/n/10 (\OML/cmm/m/it/10 x[]\OT1/cmr/m/n/10 ))(\OML/cmm/m
/it/10 R[]\OT1/cmr/m/n/10 (\OML/cmm/m/it/10 x[]\OT1/cmr/m/n/10 )(\OML/cmm/m/it/
10 h\OT1/cmr/m/n/10 )) =
 []


Underfull \hbox (badness 10000) in paragraph at lines 23381--23382

 []


Underfull \hbox (badness 10000) in paragraph at lines 23382--23383

 []

[347] [348] [349] [350] [351] [352] [353] [354] [355] [356] [357] [358]
[359] [360]
Chapter 12.
[361

] [362] [363]
Underfull \hbox (badness 10000) in paragraph at lines 24274--24276

 []

[364]
Underfull \hbox (badness 10000) in paragraph at lines 24325--24327

 []

[365] [366] [367] [368] [369] [370]
Overfull \hbox (10.45514pt too wide) in paragraph at lines 24717--24718
[][]\OT1/cmr/bx/n/10 Definition 12.2.0.15. []\OT1/cmr/m/n/10 Let $\OML/cmm/m/it
/10 X$ \OT1/cmr/m/n/10 be a uni-tal Ba-nach al-ge-bra. We de-fine the \OT1/cmr/
bx/n/10 spec-trum of $\OML/cmm/m/it/10 X$\OT1/cmr/m/n/10 , de-noted $\OML/cmm/m
/it/10 ^^[\OT1/cmr/m/n/10 (\OML/cmm/m/it/10 X\OT1/cmr/m/n/10 )$, by $\OML/cmm/m
/it/10 ^^[\OT1/cmr/m/n/10 (\OML/cmm/m/it/10 X\OT1/cmr/m/n/10 ) []= [][](\OML/cm
m/m/it/10 X; \U/msb/m/n/10 C\OT1/cmr/m/n/10 ) \OMS/cmsy/m/n/10 n
 []

[371]

LaTeX Warning: Reference `ex:arg1' on page 372 undefined on input line 24767.


LaTeX Warning: Reference `ex:arg1' on page 372 undefined on input line 24778.

[372] [373] [374] [375]
Underfull \hbox (badness 10000) in paragraph at lines 25012--25013

 []


Underfull \hbox (badness 10000) in paragraph at lines 25013--25014

 []


Underfull \hbox (badness 10000) in paragraph at lines 25017--25018

 []


Underfull \hbox (badness 10000) in paragraph at lines 25019--25020

 []

[376]

Package hyperref Warning: Token not allowed in a PDF string (Unicode):
(hyperref)                removing `math shift' on input line 25070.


Package hyperref Warning: Token not allowed in a PDF string (Unicode):
(hyperref)                removing `math shift' on input line 25070.

[377] [378

]
Chapter 13.
[379] [380

]
Chapter 14.
[381] [382] [383] [384]
Underfull \hbox (badness 10000) in paragraph at lines 25510--25511

 []

[385] [386] [387] [388] [389] [390] [391] [392] [393] [394] [395] [396]
[397] [398

]
Chapter 15.
[399] [400] [401] [402] [403] [404] [405] [406]
Chapter 16.
[407

] [408] [409] [410] [411]

LaTeX Warning: Reference `ex:36012' on page 412 undefined on input line 27097.

[412] [413] [414] [415] [416] [417


] [418

]
Underfull \hbox (badness 10000) in paragraph at lines 27487--27488

 []

[419] [420] [421] [422

] [423] [424

] [425] [426

] [427] [428] [429]
Overfull \hbox (0.1312pt too wide) in paragraph at lines 28136--28137
[][]\OT1/cmr/bx/n/10 Exercise .6.0.4. []\OT1/cmr/m/n/10 Let $\OML/cmm/m/it/10 X
[]; []  ; X[]; Y; Z$ \OT1/cmr/m/n/10 be $\U/msb/m/n/10 K$\OT1/cmr/m/n/10 -vecto
r spaces, $\OML/cmm/m/it/10  \OMS/cmsy/m/n/10 2 \OML/cmm/m/it/10 L[]\OT1/cmr/m
/n/10 (\OML/cmm/m/it/10 X[]; [] ; X[]\OT1/cmr/m/n/10 ; \OML/cmm/m/it/10 Y\OT1/c
mr/m/n/10 )$ and $\OML/cmm/m/it/10 ^^^ \OMS/cmsy/m/n/10 2 \OML/cmm/m/it/10 L[]\
OT1/cmr/m/n/10 (\OML/cmm/m/it/10 Y\OT1/cmr/m/n/10 ; \OML/cmm/m/it/10 Z\OT1/cmr/
m/n/10 )$. Then $\OML/cmm/m/it/10 ^^^ \OMS/cmsy/m/n/10 ^^N \OML/cmm/m/it/10  \
OMS/cmsy/m/n/10 2 \OML/cmm/m/it/10 L[]\OT1/cmr/m/n/10 (\OML/cmm/m/it/10 X[]; []
 ; X[]\OT1/cmr/m/n/10 ; \OML/cmm/m/it/10 Z\OT1/cmr/m/n/10 )$. 
 []

[430] [431] (../Appendices/bibliography.tex [432]) [433

]
(./Introduction to Analysis.aux)
 ***********
LaTeX2e <2023-11-01> patch level 1
L3 programming layer <2024-01-22>
 ***********


LaTeX Warning: There were undefined references.


LaTeX Warning: There were multiply-defined labels.


Package rerunfilecheck Warning: File `"Introduction to Analysis".out' has chang
ed.
(rerunfilecheck)                Rerun to get outlines right
(rerunfilecheck)                or use package `bookmark'.

Package rerunfilecheck Info: Checksums for `"Introduction to Analysis".out':
(rerunfilecheck)             Before: 9AF6BD3A7533D8EBE418462EC7F70AF0;35686
(rerunfilecheck)             After:  0AA0E5AB5BECB615DF8FE8DCB410CB12;35449.
 ) 
Here is how much of TeX's memory you used:
 49100 strings out of 476106
 1083048 string characters out of 5793934
 1962975 words of memory out of 5000000
 67300 multiletter control sequences out of 15000+600000
 578559 words of font info for 112 fonts, out of 8000000 for 9000
 59 hyphenation exceptions out of 8191
 107i,22n,114p,2420b,1273s stack positions out of 10000i,1000n,20000p,200000b,200000s

pdfTeX warning (dest): name{definition.15.2.0.18} has been referenced but does 
not exist, replaced by a fixed one


pdfTeX warning (dest): name{cite.algebra} has been referenced but does not exis
t, replaced by a fixed one


pdfTeX warning (dest): name{definition.17.3.0.5} has been referenced but does n
ot exist, replaced by a fixed one


pdfTeX warning (dest): name{Hfootnote.1} has been referenced but does not exist
, replaced by a fixed one


pdfTeX warning (dest): name{section.17.4} has been referenced but does not exis
t, replaced by a fixed one


pdfTeX warning (dest): name{section.17.3} has been referenced but does not exis
t, replaced by a fixed one


pdfTeX warning (dest): name{section.17.2} has been referenced but does not exis
t, replaced by a fixed one


pdfTeX warning (dest): name{section.17.1} has been referenced but does not exis
t, replaced by a fixed one


pdfTeX warning (dest): name{chapter.17} has been referenced but does not exist,
 replaced by a fixed one


pdfTeX warning (dest): name{subsection.16.2.3} has been referenced but does not
 exist, replaced by a fixed one


pdfTeX warning (dest): name{subsection.16.2.2} has been referenced but does not
 exist, replaced by a fixed one


pdfTeX warning (dest): name{subsection.16.2.1} has been referenced but does not
 exist, replaced by a fixed one

</usr/share/texlive/texmf-dist/fonts/type1/public/amsfonts/cm/cmbx10.pfb></usr/
share/texlive/texmf-dist/fonts/type1/public/amsfonts/cm/cmbx12.pfb></usr/share/
texlive/texmf-dist/fonts/type1/public/amsfonts/cm/cmbx7.pfb></usr/share/texlive
/texmf-dist/fonts/type1/public/amsfonts/cm/cmbx8.pfb></usr/share/texlive/texmf-
dist/fonts/type1/public/amsfonts/cm/cmbxsl10.pfb></usr/share/texlive/texmf-dist
/fonts/type1/public/amsfonts/cm/cmex10.pfb></usr/share/texlive/texmf-dist/fonts
/type1/public/amsfonts/cmextra/cmex7.pfb></usr/share/texlive/texmf-dist/fonts/t
ype1/public/amsfonts/cm/cmmi10.pfb></usr/share/texlive/texmf-dist/fonts/type1/p
ublic/amsfonts/cm/cmmi12.pfb></usr/share/texlive/texmf-dist/fonts/type1/public/
amsfonts/cm/cmmi5.pfb></usr/share/texlive/texmf-dist/fonts/type1/public/amsfont
s/cm/cmmi7.pfb></usr/share/texlive/texmf-dist/fonts/type1/public/amsfonts/cm/cm
r10.pfb></usr/share/texlive/texmf-dist/fonts/type1/public/amsfonts/cm/cmr12.pfb
></usr/share/texlive/texmf-dist/fonts/type1/public/amsfonts/cm/cmr17.pfb></usr/
share/texlive/texmf-dist/fonts/type1/public/amsfonts/cm/cmr5.pfb></usr/share/te
xlive/texmf-dist/fonts/type1/public/amsfonts/cm/cmr6.pfb></usr/share/texlive/te
xmf-dist/fonts/type1/public/amsfonts/cm/cmr7.pfb></usr/share/texlive/texmf-dist
/fonts/type1/public/amsfonts/cm/cmr8.pfb></usr/share/texlive/texmf-dist/fonts/t
ype1/public/amsfonts/cm/cmsl10.pfb></usr/share/texlive/texmf-dist/fonts/type1/p
ublic/amsfonts/cm/cmsy10.pfb></usr/share/texlive/texmf-dist/fonts/type1/public/
amsfonts/cm/cmsy5.pfb></usr/share/texlive/texmf-dist/fonts/type1/public/amsfont
s/cm/cmsy7.pfb></usr/share/texlive/texmf-dist/fonts/type1/public/amsfonts/cm/cm
ti10.pfb></usr/share/texlive/texmf-dist/fonts/type1/public/amsfonts/cm/cmti8.pf
b></usr/share/texlive/texmf-dist/fonts/type1/public/amsfonts/cm/cmtt10.pfb></us
r/share/texlive/texmf-dist/fonts/type1/public/amsfonts/symbols/msbm10.pfb></usr
/share/texlive/texmf-dist/fonts/type1/public/amsfonts/symbols/msbm5.pfb></usr/s
hare/texlive/texmf-dist/fonts/type1/public/amsfonts/symbols/msbm7.pfb></usr/sha
re/texmf/fonts/type1/public/cm-super/sfrm1000.pfb>
Output written on "Introduction to Analysis.pdf" (445 pages, 1802968 bytes).
PDF statistics:
 6932 PDF objects out of 7423 (max. 8388607)
 6292 compressed objects within 63 object streams
 3014 named destinations out of 3580 (max. 500000)
 1941 words of extra memory for PDF output out of 10000 (max. 10000000)

