\BOOKMARK [0][-]{section*.2}{\376\377\000N\000o\000t\000a\000t\000i\000o\000n}{}% 1
\BOOKMARK [0][-]{chapter*.4}{\376\377\000P\000r\000e\000f\000a\000c\000e}{}% 2
\BOOKMARK [0][-]{chapter.1}{\376\377\000S\000e\000t\000\040\000T\000h\000e\000o\000r\000y}{}% 3
\BOOKMARK [1][-]{section.1.1}{\376\377\000T\000o\000\040\000D\000o}{chapter.1}% 4
\BOOKMARK [1][-]{section.1.2}{\376\377\000S\000e\000t\000s}{chapter.1}% 5
\BOOKMARK [2][-]{subsection.1.2.1}{\376\377\000U\000n\000i\000o\000n\000\040\000a\000n\000d\000\040\000I\000n\000t\000e\000r\000s\000e\000c\000t\000i\000o\000n}{section.1.2}% 6
\BOOKMARK [2][-]{subsection.1.2.2}{\376\377\000C\000o\000v\000e\000r\000s}{section.1.2}% 7
\BOOKMARK [1][-]{section.1.3}{\376\377\000F\000u\000n\000c\000t\000i\000o\000n\000s}{chapter.1}% 8
\BOOKMARK [2][-]{subsection.1.3.1}{\376\377\000I\000n\000t\000r\000o\000d\000u\000c\000t\000i\000o\000n}{section.1.3}% 9
\BOOKMARK [2][-]{subsection.1.3.2}{\376\377\000B\000i\000j\000e\000c\000t\000i\000o\000n\000s}{section.1.3}% 10
\BOOKMARK [2][-]{subsection.1.3.3}{\376\377\000N\000e\000t\000s}{section.1.3}% 11
\BOOKMARK [2][-]{subsection.1.3.4}{\376\377\000S\000e\000q\000u\000e\000n\000c\000e\000s}{section.1.3}% 12
\BOOKMARK [1][-]{section.1.4}{\376\377\000S\000u\000b\000s\000e\000t\000s}{chapter.1}% 13
\BOOKMARK [1][-]{section.1.5}{\376\377\000P\000r\000o\000d\000u\000c\000t\000s\000\040\000o\000f\000\040\000S\000e\000t\000s}{chapter.1}% 14
\BOOKMARK [1][-]{section.1.6}{\376\377\000C\000o\000p\000r\000o\000d\000u\000c\000t\000s\000\040\000o\000f\000\040\000S\000e\000t\000s}{chapter.1}% 15
\BOOKMARK [1][-]{section.1.7}{\376\377\000Q\000u\000o\000t\000i\000e\000n\000t\000s\000\040\000o\000f\000\040\000S\000e\000t\000s}{chapter.1}% 16
\BOOKMARK [1][-]{section.1.8}{\376\377\000E\000q\000u\000a\000l\000i\000z\000e\000r\000s\000\040\000o\000f\000\040\000M\000a\000p\000s}{chapter.1}% 17
\BOOKMARK [1][-]{section.1.9}{\376\377\000P\000r\000o\000j\000e\000c\000t\000i\000v\000e\000\040\000L\000i\000m\000i\000t\000s\000\040\000o\000f\000\040\000S\000e\000t\000s}{chapter.1}% 18
\BOOKMARK [0][-]{chapter.2}{\376\377\000O\000r\000d\000e\000r\000e\000d\000\040\000S\000e\000t\000s}{}% 19
\BOOKMARK [1][-]{section.2.1}{\376\377\000P\000r\000e\000o\000r\000d\000e\000r\000s}{chapter.2}% 20
\BOOKMARK [1][-]{section.2.2}{\376\377\000D\000i\000r\000e\000c\000t\000e\000d\000\040\000S\000e\000t\000s}{chapter.2}% 21
\BOOKMARK [1][-]{section.2.3}{\376\377\000P\000o\000s\000e\000t\000s}{chapter.2}% 22
\BOOKMARK [0][-]{chapter.3}{\376\377\000R\000e\000a\000l\000\040\000a\000n\000d\000\040\000C\000o\000m\000p\000l\000e\000x\000\040\000N\000u\000m\000b\000e\000r\000s}{}% 23
\BOOKMARK [1][-]{section.3.1}{\376\377\000R\000e\000a\000l\000\040\000N\000u\000m\000b\000e\000r\000s}{chapter.3}% 24
\BOOKMARK [1][-]{section.3.2}{\376\377\000E\000x\000t\000e\000n\000d\000e\000d\000\040\000R\000e\000a\000l\000\040\000N\000u\000m\000b\000e\000r\000s}{chapter.3}% 25
\BOOKMARK [1][-]{section.3.3}{\376\377\000C\000o\000m\000p\000l\000e\000x\000\040\000N\000u\000m\000b\000e\000r\000s}{chapter.3}% 26
\BOOKMARK [0][-]{chapter.4}{\376\377\000T\000o\000p\000o\000l\000o\000g\000y}{}% 27
\BOOKMARK [1][-]{section.4.1}{\376\377\000I\000n\000t\000r\000o\000d\000u\000c\000t\000i\000o\000n}{chapter.4}% 28
\BOOKMARK [1][-]{section.4.2}{\376\377\000C\000o\000n\000t\000i\000n\000u\000o\000u\000s\000\040\000M\000a\000p\000s}{chapter.4}% 29
\BOOKMARK [1][-]{section.4.3}{\376\377\000N\000e\000t\000s}{chapter.4}% 30
\BOOKMARK [2][-]{subsection.4.3.1}{\376\377\000C\000o\000m\000m\000o\000n\000\040\000D\000i\000r\000e\000c\000t\000e\000d\000\040\000S\000e\000t\000s}{section.4.3}% 31
\BOOKMARK [2][-]{subsection.4.3.2}{\376\377\000N\000e\000t\000s\000\040\000i\000n\000\040\000T\000o\000p\000o\000l\000o\000g\000i\000c\000a\000l\000\040\000S\000p\000a\000c\000e\000s}{section.4.3}% 32
\BOOKMARK [1][-]{section.4.4}{\376\377\000F\000i\000l\000t\000e\000r\000s}{chapter.4}% 33
\BOOKMARK [1][-]{section.4.5}{\376\377\000S\000u\000b\000s\000p\000a\000c\000e\000\040\000T\000o\000p\000o\000l\000o\000g\000y}{chapter.4}% 34
\BOOKMARK [2][-]{subsection.4.5.1}{\376\377\000I\000n\000t\000r\000o\000d\000u\000c\000t\000i\000o\000n}{section.4.5}% 35
\BOOKMARK [2][-]{subsection.4.5.2}{\376\377\000D\000i\000s\000c\000r\000e\000t\000e\000\040\000S\000u\000b\000s\000e\000t\000s}{section.4.5}% 36
\BOOKMARK [2][-]{subsection.4.5.3}{\376\377\000T\000o\000p\000o\000l\000o\000g\000i\000c\000a\000l\000\040\000E\000m\000b\000e\000d\000d\000i\000n\000g\000s}{section.4.5}% 37
\BOOKMARK [1][-]{section.4.6}{\376\377\000P\000r\000o\000d\000u\000c\000t\000\040\000T\000o\000p\000o\000l\000o\000g\000y}{chapter.4}% 38
\BOOKMARK [2][-]{subsection.4.6.1}{\376\377\000B\000a\000s\000e\000s\000\040\000o\000f\000\040\000t\000h\000e\000\040\000p\000r\000o\000d\000u\000c\000t\000\040\000t\000o\000p\000o\000l\000o\000g\000y}{section.4.6}% 39
\BOOKMARK [2][-]{subsection.4.6.2}{\376\377\000C\000h\000a\000r\000a\000c\000t\000e\000r\000i\000s\000t\000i\000c\000s\000\040\000o\000f\000\040\000t\000h\000e\000\040\000P\000r\000o\000d\000u\000c\000t\000\040\000T\000o\000p\000o\000l\000o\000g\000y}{section.4.6}% 40
\BOOKMARK [2][-]{subsection.4.6.3}{\376\377\000M\000a\000p\000s\000\040\000a\000n\000d\000\040\000t\000h\000e\000\040\000P\000r\000o\000d\000u\000c\000t\000\040\000T\000o\000p\000o\000l\000o\000g\000y}{section.4.6}% 41
\BOOKMARK [1][-]{section.4.7}{\376\377\000C\000o\000p\000r\000o\000d\000u\000c\000t\000\040\000T\000o\000p\000o\000l\000o\000g\000y}{chapter.4}% 42
\BOOKMARK [1][-]{section.4.8}{\376\377\000Q\000u\000o\000t\000i\000e\000n\000t\000\040\000T\000o\000p\000o\000l\000o\000g\000y}{chapter.4}% 43
\BOOKMARK [2][-]{subsection.4.8.1}{\376\377\000I\000n\000t\000r\000o\000d\000u\000c\000t\000i\000o\000n}{section.4.8}% 44
\BOOKMARK [2][-]{subsection.4.8.2}{\376\377\000C\000a\000t\000e\000g\000o\000r\000y\000\040\000o\000f\000\040\000T\000o\000p\000o\000l\000o\000g\000i\000c\000a\000l\000\040\000S\000p\000a\000c\000e\000s\000\040\000w\000i\000t\000h\000\040\000E\000q\000u\000i\000v\000a\000l\000e\000n\000c\000e\000\040\000R\000e\000l\000a\000t\000i\000o\000n\000s}{section.4.8}% 45
\BOOKMARK [1][-]{section.4.9}{\376\377\000E\000q\000u\000a\000l\000i\000z\000e\000r\000s\000\040\000o\000f\000\040\000C\000o\000n\000t\000i\000n\000u\000o\000u\000s\000\040\000M\000a\000p\000s}{chapter.4}% 46
\BOOKMARK [1][-]{section.4.10}{\376\377\000P\000r\000o\000j\000e\000c\000t\000i\000v\000e\000\040\000L\000i\000m\000i\000t\000s\000\040\000o\000f\000\040\000T\000o\000p\000o\000l\000o\000g\000i\000c\000a\000l\000\040\000S\000p\000a\000c\000e\000s}{chapter.4}% 47
\BOOKMARK [1][-]{section.4.11}{\376\377\000O\000p\000e\000n\000\040\000C\000o\000v\000e\000r\000s}{chapter.4}% 48
\BOOKMARK [2][-]{subsection.4.11.1}{\376\377\000I\000n\000t\000r\000o\000d\000u\000c\000t\000i\000o\000n}{section.4.11}% 49
\BOOKMARK [2][-]{subsection.4.11.2}{\376\377\000S\000u\000b\000s\000p\000a\000c\000e\000\040\000T\000o\000p\000o\000l\000o\000g\000y}{section.4.11}% 50
\BOOKMARK [1][-]{section.4.12}{\376\377\000S\000e\000p\000a\000r\000a\000t\000i\000o\000n\000\040\000A\000x\000i\000o\000m\000s}{chapter.4}% 51
\BOOKMARK [2][-]{subsection.4.12.1}{\376\377\000I\000n\000t\000r\000o\000d\000u\000c\000t\000i\000o\000n}{section.4.12}% 52
\BOOKMARK [2][-]{subsection.4.12.2}{\376\377\000S\000e\000p\000a\000r\000a\000t\000i\000o\000n\000\040\000a\000n\000d\000\040\000S\000u\000b\000s\000p\000a\000c\000e\000s}{section.4.12}% 53
\BOOKMARK [2][-]{subsection.4.12.3}{\376\377\000S\000e\000p\000a\000r\000a\000t\000i\000o\000n\000\040\000a\000n\000d\000\040\000P\000r\000o\000d\000u\000c\000t\000\040\000S\000p\000a\000c\000e\000s}{section.4.12}% 54
\BOOKMARK [2][-]{subsection.4.12.4}{\376\377\000S\000e\000p\000a\000r\000a\000t\000i\000o\000n\000\040\000a\000n\000d\000\040\000Q\000u\000o\000t\000i\000e\000n\000t\000\040\000S\000p\000a\000c\000e\000s}{section.4.12}% 55
\BOOKMARK [1][-]{section.4.13}{\376\377\000C\000o\000u\000n\000t\000a\000b\000i\000l\000i\000t\000y\000\040\000A\000x\000i\000o\000m\000s}{chapter.4}% 56
\BOOKMARK [2][-]{subsection.4.13.1}{\376\377\000F\000i\000r\000s\000t\000-\000C\000o\000u\000n\000t\000a\000b\000i\000l\000i\000t\000y}{section.4.13}% 57
\BOOKMARK [2][-]{subsection.4.13.2}{\376\377\000S\000e\000c\000o\000n\000d\000-\000C\000o\000u\000n\000t\000a\000b\000i\000l\000i\000t\000y}{section.4.13}% 58
\BOOKMARK [3][-]{section*.5}{\376\377\000S\000e\000c\000o\000n\000d\000-\000C\000o\000u\000n\000t\000a\000b\000i\000l\000i\000t\000y\000\040\000a\000n\000d\000\040\000S\000u\000b\000s\000p\000a\000c\000e\000s}{subsection.4.13.2}% 59
\BOOKMARK [3][-]{section*.6}{\376\377\000S\000e\000c\000o\000n\000d\000-\000C\000o\000u\000n\000t\000a\000b\000i\000l\000i\000t\000y\000\040\000a\000n\000d\000\040\000P\000r\000o\000d\000u\000c\000t\000\040\000S\000p\000a\000c\000e\000s}{subsection.4.13.2}% 60
\BOOKMARK [3][-]{section*.7}{\376\377\000S\000e\000c\000o\000n\000d\000-\000C\000o\000u\000n\000t\000a\000b\000i\000l\000i\000t\000y\000\040\000a\000n\000d\000\040\000C\000o\000p\000r\000o\000d\000u\000c\000t\000\040\000S\000p\000a\000c\000e\000s}{subsection.4.13.2}% 61
\BOOKMARK [3][-]{section*.8}{\376\377\000S\000e\000c\000o\000n\000d\000-\000C\000o\000u\000n\000t\000a\000b\000i\000l\000i\000t\000y\000\040\000a\000n\000d\000\040\000Q\000u\000o\000t\000i\000e\000n\000t\000\040\000S\000p\000a\000c\000e\000s}{subsection.4.13.2}% 62
\BOOKMARK [3][-]{section*.9}{\376\377\000S\000e\000c\000o\000n\000d\000-\000C\000o\000u\000n\000t\000a\000b\000i\000l\000i\000t\000y\000\040\000a\000n\000d\000\040\000P\000r\000o\000j\000e\000c\000t\000i\000v\000e\000\040\000L\000i\000m\000i\000t\000s}{subsection.4.13.2}% 63
\BOOKMARK [1][-]{section.4.14}{\376\377\000C\000o\000m\000p\000a\000c\000t\000n\000e\000s\000s}{chapter.4}% 64
\BOOKMARK [2][-]{subsection.4.14.1}{\376\377\000C\000o\000m\000p\000a\000c\000t\000n\000e\000s\000s\000\040\000a\000n\000d\000\040\000S\000u\000b\000s\000p\000a\000c\000e\000s}{section.4.14}% 65
\BOOKMARK [2][-]{subsection.4.14.2}{\376\377\000T\000h\000e\000\040\000F\000i\000n\000i\000t\000e\000\040\000I\000n\000t\000e\000r\000s\000e\000c\000t\000i\000o\000n\000\040\000P\000r\000o\000p\000e\000r\000t\000y}{section.4.14}% 66
\BOOKMARK [2][-]{subsection.4.14.3}{\376\377\000C\000o\000m\000p\000a\000c\000t\000n\000e\000s\000s\000\040\000a\000n\000d\000\040\000P\000r\000o\000d\000u\000c\000t\000\040\000S\000p\000a\000c\000e\000s}{section.4.14}% 67
\BOOKMARK [2][-]{subsection.4.14.4}{\376\377\000C\000o\000m\000p\000a\000c\000t\000n\000e\000s\000s\000\040\000a\000n\000d\000\040\000C\000o\000p\000r\000o\000d\000u\000c\000t\000\040\000S\000p\000a\000c\000e\000s}{section.4.14}% 68
\BOOKMARK [2][-]{subsection.4.14.5}{\376\377\000C\000o\000m\000p\000a\000c\000t\000n\000e\000s\000s\000\040\000a\000n\000d\000\040\000Q\000u\000o\000t\000i\000e\000n\000t\000\040\000S\000p\000a\000c\000e\000s}{section.4.14}% 69
\BOOKMARK [2][-]{subsection.4.14.6}{\376\377\000C\000o\000m\000p\000a\000c\000t\000n\000e\000s\000s\000\040\000a\000n\000d\000\040\000P\000r\000o\000j\000e\000c\000t\000i\000v\000e\000\040\000S\000y\000s\000t\000e\000m\000s}{section.4.14}% 70
\BOOKMARK [2][-]{subsection.4.14.7}{\376\377\000C\000o\000m\000p\000a\000c\000t\000n\000e\000s\000s\000\040\000a\000n\000d\000\040\000C\000o\000n\000t\000i\000n\000u\000i\000t\000y}{section.4.14}% 71
\BOOKMARK [2][-]{subsection.4.14.8}{\376\377\000S\000e\000q\000u\000e\000n\000t\000i\000a\000l\000\040\000C\000o\000m\000p\000a\000c\000t\000n\000e\000s\000s}{section.4.14}% 72
\BOOKMARK [1][-]{section.4.15}{\376\377\000L\000o\000c\000a\000l\000l\000y\000\040\000C\000o\000m\000p\000a\000c\000t\000\040\000H\000a\000u\000s\000d\000o\000r\000f\000f\000\040\000S\000p\000a\000c\000e\000s}{chapter.4}% 73
\BOOKMARK [2][-]{subsection.4.15.1}{\376\377\000I\000n\000t\000r\000o\000d\000u\000c\000t\000i\000o\000n}{section.4.15}% 74
\BOOKMARK [2][-]{subsection.4.15.2}{\376\377\000A\000r\000z\000e\000l\000a\000-\000A\000s\000c\000o\000l\000i\000\040\000T\000h\000e\000o\000r\000e\000m}{section.4.15}% 75
\BOOKMARK [2][-]{subsection.4.15.3}{\376\377\000S\000t\000o\000n\000e\000-\000W\000e\000i\000e\000r\000s\000t\000r\000a\000s\000s\000\040\000T\000h\000e\000o\000r\000e\000m}{section.4.15}% 76
\BOOKMARK [1][-]{section.4.16}{\376\377\000T\000y\000c\000h\000o\000n\000o\000f\000f\000\040\000S\000p\000a\000c\000e\000s}{chapter.4}% 77
\BOOKMARK [1][-]{section.4.17}{\376\377\000C\000o\000m\000p\000a\000c\000t\000i\000f\000i\000c\000a\000t\000i\000o\000n}{chapter.4}% 78
\BOOKMARK [1][-]{section.4.18}{\376\377\000Z\000e\000r\000o\000-\000D\000i\000m\000e\000n\000s\000i\000o\000n\000a\000l\000\040\000S\000p\000a\000c\000e\000s}{chapter.4}% 79
\BOOKMARK [2][-]{subsection.4.18.1}{\376\377\000Z\000e\000r\000o\000-\000D\000i\000m\000e\000n\000s\000i\000o\000n\000a\000l\000\040\000S\000u\000b\000s\000p\000a\000c\000e\000s}{section.4.18}% 80
\BOOKMARK [2][-]{subsection.4.18.2}{\376\377\000Z\000e\000r\000o\000-\000D\000i\000m\000e\000n\000s\000i\000o\000n\000a\000l\000\040\000P\000r\000o\000d\000u\000c\000t\000\040\000S\000p\000a\000c\000e\000s}{section.4.18}% 81
\BOOKMARK [2][-]{subsection.4.18.3}{\376\377\000Z\000e\000r\000o\000-\000D\000i\000m\000e\000n\000s\000i\000o\000n\000a\000l\000\040\000C\000o\000p\000r\000o\000d\000u\000c\000t\000\040\000S\000p\000a\000c\000e\000s}{section.4.18}% 82
\BOOKMARK [1][-]{section.4.19}{\376\377\000S\000e\000m\000i\000-\000c\000o\000n\000t\000i\000n\000u\000i\000t\000y}{chapter.4}% 83
\BOOKMARK [0][-]{chapter.5}{\376\377\000L\000o\000c\000a\000l\000e\000\040\000T\000h\000e\000o\000r\000y}{}% 84
\BOOKMARK [1][-]{section.5.1}{\376\377\000S\000o\000b\000e\000r\000\040\000S\000p\000a\000c\000e\000s}{chapter.5}% 85
\BOOKMARK [1][-]{section.5.2}{\376\377\000F\000r\000a\000m\000e\000s\000\040\000a\000n\000d\000\040\000L\000o\000c\000a\000l\000e\000s}{chapter.5}% 86
\BOOKMARK [2][-]{subsection.5.2.1}{\376\377\000I\000n\000t\000r\000o\000d\000c\000t\000i\000o\000n}{section.5.2}% 87
\BOOKMARK [2][-]{subsection.5.2.2}{\376\377\000S\000u\000b\000l\000o\000c\000a\000l\000e\000s}{section.5.2}% 88
\BOOKMARK [0][-]{chapter.6}{\376\377\000M\000e\000t\000r\000i\000c\000\040\000S\000p\000a\000c\000e\000s}{}% 89
\BOOKMARK [1][-]{section.6.1}{\376\377\000I\000n\000t\000r\000o\000d\000u\000c\000t\000i\000o\000n}{chapter.6}% 90
\BOOKMARK [2][-]{subsection.6.1.1}{\376\377\000M\000e\000t\000r\000i\000c\000s}{section.6.1}% 91
\BOOKMARK [2][-]{subsection.6.1.2}{\376\377\000M\000e\000t\000r\000i\000c\000\040\000T\000o\000p\000o\000l\000o\000g\000y}{section.6.1}% 92
\BOOKMARK [2][-]{subsection.6.1.3}{\376\377\000U\000n\000i\000f\000o\000r\000m\000\040\000C\000o\000n\000t\000i\000n\000u\000i\000t\000y}{section.6.1}% 93
\BOOKMARK [2][-]{subsection.6.1.4}{\376\377\000S\000t\000u\000f\000f\000\040\000t\000o\000\040\000R\000e\000o\000r\000d\000e\000r\000\040\000o\000r\000\040\000M\000o\000v\000e}{section.6.1}% 94
\BOOKMARK [2][-]{subsection.6.1.5}{\376\377\000I\000s\000o\000m\000e\000t\000r\000i\000e\000s}{section.6.1}% 95
\BOOKMARK [1][-]{section.6.2}{\376\377\000C\000o\000u\000n\000t\000a\000b\000l\000i\000l\000i\000t\000y\000\040\000a\000n\000d\000\040\000S\000e\000p\000a\000r\000a\000t\000i\000o\000n}{chapter.6}% 96
\BOOKMARK [2][-]{subsection.6.2.1}{\376\377\000C\000o\000u\000n\000t\000a\000b\000i\000l\000i\000t\000y}{section.6.2}% 97
\BOOKMARK [2][-]{subsection.6.2.2}{\376\377\000S\000e\000p\000a\000r\000a\000t\000i\000o\000n}{section.6.2}% 98
\BOOKMARK [1][-]{section.6.3}{\376\377\000`\0003\003\001\0009\000`\0004\0002\000`\000"\003\007\0006\0001\0003\000A\000`\000`\0004\0005\000`\0004\0007\000`\000"\0006\0000\0003\000A\000T\000o\000p\000-\000E\000q\000u\000i\000v\000a\000l\000e\000n\000t\000\040\000M\000e\000t\000r\000i\000c\000s}{chapter.6}% 99
\BOOKMARK [2][-]{subsection.6.3.1}{\376\377\000S\000u\000b\000a\000d\000d\000i\000t\000i\000v\000e\000\040\000F\000u\000n\000c\000t\000i\000o\000n\000s}{section.6.3}% 100
\BOOKMARK [2][-]{subsection.6.3.2}{\376\377\000`\0003\003\001\0009\000`\0004\0002\000`\000"\003\007\0006\0001\0003\000A\000`\000`\0004\0005\000`\0004\0007\000`\000"\0006\0000\0003\000A\000T\000o\000p\000\040\000M\000e\000t\000r\000i\000c\000\040\000P\000r\000e\000s\000e\000r\000v\000i\000n\000g\000\040\000F\000u\000n\000c\000t\000i\000o\000n\000s}{section.6.3}% 101
\BOOKMARK [1][-]{section.6.4}{\376\377\000S\000u\000b\000s\000p\000a\000c\000e\000s}{chapter.6}% 102
\BOOKMARK [2][-]{subsection.6.4.1}{\376\377\000I\000n\000t\000r\000o\000d\000u\000c\000t\000i\000o\000n}{section.6.4}% 103
\BOOKMARK [2][-]{subsection.6.4.2}{\376\377\000D\000i\000s\000c\000r\000e\000t\000e\000\040\000S\000u\000b\000s\000e\000t\000s}{section.6.4}% 104
\BOOKMARK [1][-]{section.6.5}{\376\377\000P\000r\000o\000d\000u\000c\000t\000\040\000S\000p\000a\000c\000e\000s}{chapter.6}% 105
\BOOKMARK [1][-]{section.6.6}{\376\377\000C\000o\000p\000r\000o\000d\000u\000c\000t\000\040\000S\000p\000a\000c\000e\000s}{chapter.6}% 106
\BOOKMARK [1][-]{section.6.7}{\376\377\000C\000o\000m\000p\000l\000e\000t\000e\000n\000e\000s\000s}{chapter.6}% 107
\BOOKMARK [2][-]{subsection.6.7.1}{\376\377\000C\000o\000m\000p\000l\000e\000t\000e\000n\000e\000s\000s\000\040\000a\000n\000d\000\040\000S\000u\000b\000s\000p\000a\000c\000e\000s}{section.6.7}% 108
\BOOKMARK [2][-]{subsection.6.7.2}{\376\377\000C\000o\000m\000p\000l\000e\000t\000e\000n\000e\000s\000s\000\040\000a\000n\000d\000\040\000P\000r\000o\000d\000u\000c\000t\000\040\000S\000p\000a\000c\000e\000s}{section.6.7}% 109
\BOOKMARK [2][-]{subsection.6.7.3}{\376\377\000C\000o\000m\000p\000l\000e\000t\000e\000n\000e\000s\000s\000\040\000a\000n\000d\000\040\000C\000o\000p\000r\000o\000d\000u\000c\000t\000\040\000S\000p\000a\000c\000e\000s}{section.6.7}% 110
\BOOKMARK [1][-]{section.6.8}{\376\377\000C\000o\000m\000p\000a\000c\000t\000n\000e\000s\000s}{chapter.6}% 111
\BOOKMARK [1][-]{section.6.9}{\376\377\000T\000h\000e\000\040\000B\000a\000i\000r\000e\000\040\000C\000a\000t\000e\000g\000o\000r\000y\000\040\000T\000h\000e\000o\000r\000e\000m}{chapter.6}% 112
\BOOKMARK [1][-]{section.6.10}{\376\377\000M\000e\000t\000r\000i\000c\000\040\000S\000p\000a\000c\000e\000s\000\040\000o\000f\000\040\000F\000u\000n\000c\000t\000i\000o\000n\000s}{chapter.6}% 113
\BOOKMARK [2][-]{subsection.6.10.1}{\376\377\000B\000o\000u\000n\000d\000e\000d\000\040\000M\000a\000p\000s}{section.6.10}% 114
\BOOKMARK [2][-]{subsection.6.10.2}{\376\377\000B\000o\000u\000n\000d\000e\000d\000\040\000C\000o\000n\000t\000i\000n\000u\000o\000u\000s\000\040\000M\000a\000p\000s}{section.6.10}% 115
\BOOKMARK [2][-]{subsection.6.10.3}{\376\377\000S\000u\000b\000s\000p\000a\000c\000e\000s}{section.6.10}% 116
\BOOKMARK [2][-]{subsection.6.10.4}{\376\377\000C\000o\000m\000p\000l\000e\000t\000e\000n\000e\000s\000s}{section.6.10}% 117
\BOOKMARK [2][-]{subsection.6.10.5}{\376\377\000C\000o\000n\000t\000i\000n\000u\000o\000u\000s\000\040\000M\000a\000p\000s\000\040\000o\000n\000\040\000L\000C\000H\000\040\000s\000p\000a\000c\000e\000s}{section.6.10}% 118
\BOOKMARK [2][-]{subsection.6.10.6}{\376\377\000C\000o\000n\000t\000i\000n\000u\000o\000u\000s\000\040\000M\000a\000p\000s\000\040\000C\000o\000m\000p\000a\000c\000t\000i\000f\000i\000c\000a\000t\000i\000o\000n\000s}{section.6.10}% 119
\BOOKMARK [1][-]{section.6.11}{\376\377\000M\000e\000t\000r\000i\000z\000a\000b\000l\000e\000\040\000S\000p\000a\000c\000e\000s}{chapter.6}% 120
\BOOKMARK [2][-]{subsection.6.11.1}{\376\377\000I\000n\000t\000r\000o\000d\000u\000c\000t\000i\000o\000n}{section.6.11}% 121
\BOOKMARK [2][-]{subsection.6.11.2}{\376\377\000M\000e\000t\000r\000i\000z\000a\000b\000i\000l\000i\000t\000y\000\040\000o\000f\000\040\000S\000u\000b\000s\000p\000a\000c\000e\000s}{section.6.11}% 122
\BOOKMARK [2][-]{subsection.6.11.3}{\376\377\000M\000e\000t\000r\000i\000z\000a\000b\000i\000l\000i\000t\000y\000\040\000o\000f\000\040\000P\000r\000o\000d\000u\000c\000t\000\040\000S\000p\000a\000c\000e\000s}{section.6.11}% 123
\BOOKMARK [2][-]{subsection.6.11.4}{\376\377\000M\000e\000t\000r\000i\000z\000a\000b\000i\000l\000i\000t\000y\000\040\000o\000f\000\040\000C\000o\000p\000r\000o\000d\000u\000c\000t\000\040\000S\000p\000a\000c\000e\000s}{section.6.11}% 124
\BOOKMARK [2][-]{subsection.6.11.5}{\376\377\000M\000e\000t\000r\000i\000z\000a\000b\000i\000l\000i\000t\000y\000\040\000o\000f\000\040\000P\000r\000o\000j\000e\000c\000t\000i\000v\000e\000\040\000L\000i\000m\000i\000t\000s}{section.6.11}% 125
\BOOKMARK [1][-]{section.6.12}{\376\377\000P\000o\000l\000i\000s\000h\000\040\000S\000p\000a\000c\000e\000s}{chapter.6}% 126
\BOOKMARK [2][-]{subsection.6.12.1}{\376\377\000I\000n\000t\000r\000o\000d\000u\000c\000t\000i\000o\000n}{section.6.12}% 127
\BOOKMARK [1][-]{section.6.13}{\376\377\000U\000l\000t\000r\000a\000m\000e\000t\000r\000i\000c\000\040\000S\000p\000a\000c\000e\000s}{chapter.6}% 128
\BOOKMARK [2][-]{subsection.6.13.1}{\376\377\000I\000n\000t\000r\000o\000d\000u\000c\000t\000i\000o\000n}{section.6.13}% 129
\BOOKMARK [2][-]{subsection.6.13.2}{\376\377\000P\000a\000r\000t\000i\000t\000i\000o\000n\000s}{section.6.13}% 130
\BOOKMARK [1][-]{section.6.14}{\376\377\000Z\000e\000r\000o\000-\000d\000i\000m\000e\000n\000s\000i\000o\000n\000a\000l\000\040\000M\000e\000t\000r\000i\000c\000\040\000S\000p\000a\000c\000e\000s}{chapter.6}% 131
\BOOKMARK [2][-]{subsection.6.14.1}{\376\377\000S\000e\000c\000o\000n\000d\000-\000C\000o\000u\000n\000t\000a\000b\000i\000l\000i\000t\000y}{section.6.14}% 132
\BOOKMARK [2][-]{subsection.6.14.2}{\376\377\000P\000o\000l\000i\000s\000h\000\040\000S\000p\000a\000c\000e\000s}{section.6.14}% 133
\BOOKMARK [2][-]{subsection.6.14.3}{\376\377\000U\000l\000t\000r\000a\000m\000e\000t\000r\000i\000c\000\040\000S\000p\000a\000c\000e\000s}{section.6.14}% 134
\BOOKMARK [2][-]{subsection.6.14.4}{\376\377\000C\000a\000n\000t\000o\000r\000\040\000S\000p\000a\000c\000e}{section.6.14}% 135
\BOOKMARK [0][-]{chapter.7}{\376\377\000A\000n\000a\000l\000y\000s\000i\000s\000\040\000o\000n\000\040\000\050\000C\000\050\000X\000\051\000,\000\040\000\051}{}% 136
\BOOKMARK [1][-]{section.7.1}{\376\377\000L\000E\000F\000T\000O\000V\000E\000R\000S}{chapter.7}% 137
\BOOKMARK [0][-]{chapter.8}{\376\377\000T\000o\000p\000o\000l\000o\000g\000i\000c\000a\000l\000\040\000V\000e\000c\000t\000o\000r\000\040\000S\000p\000a\000c\000e\000s}{}% 138
\BOOKMARK [1][-]{section.8.1}{\376\377\000I\000n\000t\000r\000o\000d\000u\000c\000t\000i\000o\000n}{chapter.8}% 139
\BOOKMARK [2][-]{subsection.8.1.1}{\376\377\000T\000o\000p\000o\000l\000o\000g\000y}{section.8.1}% 140
\BOOKMARK [2][-]{subsection.8.1.2}{\376\377\000C\000o\000n\000t\000i\000n\000u\000o\000u\000s\000\040\000L\000i\000n\000e\000a\000r\000\040\000F\000u\000n\000c\000t\000i\000o\000n\000a\000l\000s}{section.8.1}% 141
\BOOKMARK [2][-]{subsection.8.1.3}{\376\377\000P\000r\000o\000d\000u\000c\000t\000s}{section.8.1}% 142
\BOOKMARK [1][-]{section.8.2}{\376\377\000S\000u\000b\000l\000i\000n\000e\000a\000r\000\040\000F\000u\000n\000c\000t\000i\000o\000n\000a\000l\000s}{chapter.8}% 143
\BOOKMARK [1][-]{section.8.3}{\376\377\000S\000e\000m\000i\000n\000o\000r\000m\000s}{chapter.8}% 144
\BOOKMARK [1][-]{section.8.4}{\376\377\000M\000i\000n\000k\000o\000w\000s\000k\000i\000\040\000F\000u\000n\000c\000t\000i\000o\000n\000a\000l\000s}{chapter.8}% 145
\BOOKMARK [1][-]{section.8.5}{\376\377\000L\000o\000c\000a\000l\000l\000y\000\040\000C\000o\000n\000v\000e\000x\000\040\000S\000p\000a\000c\000e\000s}{chapter.8}% 146
\BOOKMARK [1][-]{section.8.6}{\376\377\000S\000u\000b\000s\000p\000a\000c\000e\000s}{chapter.8}% 147
\BOOKMARK [1][-]{section.8.7}{\376\377\000P\000r\000o\000d\000u\000c\000t\000s}{chapter.8}% 148
\BOOKMARK [1][-]{section.8.8}{\376\377\000D\000i\000r\000e\000c\000t\000\040\000S\000u\000m\000s}{chapter.8}% 149
\BOOKMARK [1][-]{section.8.9}{\376\377\000Q\000u\000o\000t\000i\000e\000n\000t\000\040\000S\000p\000a\000c\000e\000s}{chapter.8}% 150
\BOOKMARK [1][-]{section.8.10}{\376\377\000D\000u\000a\000l\000i\000t\000y}{chapter.8}% 151
\BOOKMARK [2][-]{subsection.8.10.1}{\376\377\000W\000e\000a\000k\000\040\000T\000o\000p\000o\000l\000o\000g\000y}{section.8.10}% 152
\BOOKMARK [2][-]{subsection.8.10.2}{\376\377\000A\000n\000n\000i\000h\000i\000l\000a\000t\000o\000r\000s}{section.8.10}% 153
\BOOKMARK [2][-]{subsection.8.10.3}{\376\377\000A\000d\000j\000o\000i\000n\000t\000s}{section.8.10}% 154
\BOOKMARK [1][-]{section.8.11}{\376\377\000C\000o\000n\000t\000i\000n\000o\000u\000s\000\040\000L\000i\000n\000e\000a\000r\000\040\000M\000a\000p\000s}{chapter.8}% 155
\BOOKMARK [0][-]{chapter.9}{\376\377\000B\000a\000n\000a\000c\000h\000\040\000S\000p\000a\000c\000e\000s}{}% 156
\BOOKMARK [1][-]{section.9.1}{\376\377\000I\000n\000t\000r\000o\000d\000u\000c\000t\000i\000o\000n}{chapter.9}% 157
\BOOKMARK [1][-]{section.9.2}{\376\377\000B\000o\000u\000n\000d\000e\000d\000\040\000O\000p\000e\000r\000a\000t\000o\000r\000s}{chapter.9}% 158
\BOOKMARK [1][-]{section.9.3}{\376\377\000D\000i\000r\000e\000c\000t\000\040\000S\000u\000m\000s}{chapter.9}% 159
\BOOKMARK [1][-]{section.9.4}{\376\377\000Q\000u\000o\000t\000i\000e\000n\000t\000\040\000S\000p\000a\000c\000e\000s}{chapter.9}% 160
\BOOKMARK [1][-]{section.9.5}{\376\377\000A\000p\000p\000l\000i\000c\000a\000t\000i\000o\000n\000s\000\040\000o\000f\000\040\000t\000h\000e\000\040\000H\000a\000h\000n\000-\000B\000a\000n\000a\000c\000h\000\040\000T\000h\000e\000o\000r\000e\000m}{chapter.9}% 161
\BOOKMARK [1][-]{section.9.6}{\376\377\000A\000p\000p\000l\000i\000c\000a\000t\000i\000o\000n\000s\000\040\000o\000f\000\040\000t\000h\000e\000\040\000B\000a\000i\000r\000e\000\040\000C\000a\000t\000e\000g\000o\000r\000y\000\040\000T\000h\000e\000o\000r\000e\000m}{chapter.9}% 162
\BOOKMARK [1][-]{section.9.7}{\376\377\000D\000u\000a\000l\000i\000t\000y}{chapter.9}% 163
\BOOKMARK [1][-]{section.9.8}{\376\377\000C\000o\000m\000p\000a\000c\000t\000\040\000O\000p\000e\000r\000a\000t\000o\000r\000s}{chapter.9}% 164
\BOOKMARK [1][-]{section.9.9}{\376\377\000M\000u\000l\000t\000i\000l\000i\000n\000e\000a\000r\000\040\000M\000a\000p\000s}{chapter.9}% 165
\BOOKMARK [1][-]{section.9.10}{\376\377\000T\000e\000n\000s\000o\000r\000\040\000P\000r\000o\000d\000u\000c\000t\000s\000\040\000o\000f\000\040\000B\000a\000n\000a\000c\000h\000\040\000S\000p\000a\000c\000e\000s}{chapter.9}% 166
\BOOKMARK [1][-]{section.9.11}{\376\377\000I\000n\000j\000e\000c\000t\000i\000v\000e\000\040\000T\000e\000n\000s\000o\000r\000\040\000P\000r\000o\000d\000u\000c\000t}{chapter.9}% 167
\BOOKMARK [1][-]{section.9.12}{\376\377\000P\000r\000o\000j\000e\000c\000t\000i\000v\000e\000\040\000T\000e\000n\000s\000o\000r\000\040\000P\000r\000o\000d\000u\000c\000t}{chapter.9}% 168
\BOOKMARK [1][-]{section.9.13}{\376\377\000U\000n\000b\000o\000u\000n\000d\000e\000d\000\040\000O\000p\000e\000r\000a\000t\000o\000r\000s}{chapter.9}% 169
\BOOKMARK [2][-]{subsection.9.13.1}{\376\377\000C\000l\000o\000s\000e\000d\000\040\000O\000p\000e\000r\000a\000t\000o\000r\000s}{section.9.13}% 170
\BOOKMARK [0][-]{chapter.10}{\376\377\000H\000i\000l\000b\000e\000r\000t\000\040\000S\000p\000a\000c\000e\000s}{}% 171
\BOOKMARK [1][-]{section.10.1}{\376\377\000T\000O\000D\000O}{chapter.10}% 172
\BOOKMARK [1][-]{section.10.2}{\376\377\000I\000n\000t\000r\000o\000d\000u\000c\000t\000i\000o\000n}{chapter.10}% 173
\BOOKMARK [1][-]{section.10.3}{\376\377\000O\000p\000e\000r\000a\000t\000o\000r\000s\000\040\000o\000n\000\040\000H\000i\000l\000b\000e\000r\000t\000\040\000S\000p\000a\000c\000e\000s}{chapter.10}% 174
\BOOKMARK [2][-]{subsection.10.3.1}{\376\377\000A\000d\000j\000o\000i\000n\000t\000\040\000O\000p\000e\000r\000a\000t\000o\000r\000s}{section.10.3}% 175
\BOOKMARK [2][-]{subsection.10.3.2}{\376\377\000S\000p\000e\000c\000t\000r\000a\000l\000\040\000T\000h\000e\000o\000r\000y\000\040\000\050\000m\000o\000v\000e\000\040\000t\000o\000\040\000s\000e\000c\000t\000i\000o\000n\000\040\000o\000n\000\040\000c\000o\000m\000p\000a\000c\000t\000\040\000o\000p\000e\000r\000a\000t\000o\000r\000s\000\040\000o\000n\000\040\000h\000i\000l\000b\000e\000r\000t\000\040\000s\000p\000a\000c\000e\000\040\000o\000r\000\040\000b\000a\000n\000a\000c\000h\000\040\000a\000l\000g\000e\000b\000r\000a\000\051}{section.10.3}% 176
\BOOKMARK [1][-]{section.10.4}{\376\377\000S\000u\000b\000s\000p\000a\000c\000e\000s\000\040\000o\000f\000\040\000H\000i\000l\000b\000e\000r\000t\000\040\000S\000p\000a\000c\000e\000s}{chapter.10}% 177
\BOOKMARK [2][-]{subsection.10.4.1}{\376\377\000I\000n\000t\000r\000o\000d\000u\000c\000t\000i\000o\000n}{section.10.4}% 178
\BOOKMARK [2][-]{subsection.10.4.2}{\376\377\000O\000r\000t\000h\000o\000g\000o\000n\000a\000l\000\040\000P\000r\000o\000j\000e\000c\000t\000i\000o\000n\000s}{section.10.4}% 179
\BOOKMARK [1][-]{section.10.5}{\376\377\000D\000i\000r\000e\000c\000t\000\040\000S\000u\000m\000s\000\040\000o\000f\000\040\000H\000i\000l\000b\000e\000r\000t\000\040\000s\000p\000a\000c\000e\000s}{chapter.10}% 180
\BOOKMARK [1][-]{section.10.6}{\376\377\000T\000e\000n\000s\000o\000r\000\040\000P\000r\000o\000d\000u\000c\000t\000s}{chapter.10}% 181
\BOOKMARK [1][-]{section.10.7}{\376\377\000R\000i\000g\000g\000e\000d\000\040\000H\000i\000l\000b\000e\000r\000t\000\040\000S\000p\000a\000c\000e\000s}{chapter.10}% 182
\BOOKMARK [1][-]{section.10.8}{\376\377\000M\000I\000S\000C\000,\000\040\000u\000n\000i\000t\000a\000r\000y\000\040\000t\000r\000a\000n\000s\000f\000o\000r\000m\000a\000t\000i\000o\000n\000s}{chapter.10}% 183
\BOOKMARK [0][-]{chapter.11}{\376\377\000D\000i\000f\000f\000e\000r\000e\000n\000t\000i\000a\000t\000i\000o\000n}{}% 184
\BOOKMARK [1][-]{section.11.1}{\376\377\000T\000O\000D\000O}{chapter.11}% 185
\BOOKMARK [1][-]{section.11.2}{\376\377\000T\000h\000e\000\040\000G\000a\000t\000e\000a\000u\000x\000\040\000D\000e\000r\000i\000v\000a\000t\000i\000v\000e}{chapter.11}% 186
\BOOKMARK [1][-]{section.11.3}{\376\377\000T\000h\000e\000\040\000F\000r\000e\000c\000h\000e\000t\000\040\000D\000e\000r\000i\000v\000a\000t\000i\000v\000e}{chapter.11}% 187
\BOOKMARK [1][-]{section.11.4}{\376\377\000T\000h\000e\000\040\000C\000a\000l\000c\000\040\000I\000\040\000D\000e\000r\000i\000v\000a\000t\000i\000v\000e}{chapter.11}% 188
\BOOKMARK [1][-]{section.11.5}{\376\377\000M\000e\000a\000n\000\040\000V\000a\000l\000u\000e\000\040\000T\000h\000e\000o\000r\000e\000m}{chapter.11}% 189
\BOOKMARK [1][-]{section.11.6}{\376\377\000T\000a\000y\000l\000o\000r\000'\000s\000\040\000T\000h\000e\000o\000r\000e\000m}{chapter.11}% 190
\BOOKMARK [1][-]{section.11.7}{\376\377\000I\000m\000p\000l\000i\000c\000i\000t\000\040\000a\000n\000d\000\040\000I\000n\000v\000e\000r\000s\000e\000\040\000F\000u\000n\000c\000t\000i\000o\000n\000\040\000T\000h\000e\000o\000r\000e\000m\000s}{chapter.11}% 191
\BOOKMARK [1][-]{section.11.8}{\376\377\000T\000h\000e\000\040\000G\000r\000a\000d\000i\000e\000n\000t}{chapter.11}% 192
\BOOKMARK [0][-]{chapter.12}{\376\377\000B\000a\000n\000a\000c\000h\000\040\000A\000l\000g\000e\000b\000r\000a\000s}{}% 193
\BOOKMARK [1][-]{section.12.1}{\376\377\000I\000n\000t\000r\000o\000d\000u\000c\000t\000i\000o\000n}{chapter.12}% 194
\BOOKMARK [1][-]{section.12.2}{\376\377\000S\000p\000e\000c\000t\000r\000a\000l\000\040\000T\000h\000e\000o\000r\000y}{chapter.12}% 195
\BOOKMARK [2][-]{subsection.12.2.1}{\376\377\000*\000-\000A\000l\000g\000e\000b\000r\000a\000s}{section.12.2}% 196
\BOOKMARK [0][-]{chapter.13}{\376\377\000S\000e\000m\000i\000g\000r\000o\000u\000p\000\040\000T\000h\000e\000o\000r\000y}{}% 197
\BOOKMARK [0][-]{chapter.14}{\376\377\000C\000o\000n\000v\000e\000x\000i\000t\000y}{}% 198
\BOOKMARK [1][-]{section.14.1}{\376\377\000S\000u\000b\000a\000d\000d\000i\000t\000i\000v\000e\000\040\000F\000u\000n\000c\000t\000i\000o\000n\000s}{chapter.14}% 199
\BOOKMARK [1][-]{section.14.2}{\376\377\000I\000n\000t\000r\000o\000d\000u\000c\000t\000i\000o\000n}{chapter.14}% 200
\BOOKMARK [1][-]{section.14.3}{\376\377\000T\000h\000e\000\040\000S\000u\000b\000d\000i\000f\000f\000e\000r\000e\000n\000t\000i\000a\000l}{chapter.14}% 201
\BOOKMARK [1][-]{section.14.4}{\376\377\000C\000o\000n\000j\000u\000g\000a\000c\000y}{chapter.14}% 202
\BOOKMARK [0][-]{chapter.15}{\376\377\000T\000o\000p\000o\000l\000o\000g\000i\000c\000a\000l\000\040\000G\000r\000o\000u\000p\000s}{}% 203
\BOOKMARK [1][-]{section.15.1}{\376\377\000I\000n\000t\000r\000o\000d\000u\000c\000t\000i\000o\000n}{chapter.15}% 204
\BOOKMARK [1][-]{section.15.2}{\376\377\000G\000r\000o\000u\000p\000\040\000A\000c\000t\000i\000o\000n\000s}{chapter.15}% 205
\BOOKMARK [2][-]{subsection.15.2.1}{\376\377\000I\000n\000t\000r\000o\000d\000u\000c\000t\000i\000o\000n}{section.15.2}% 206
\BOOKMARK [2][-]{subsection.15.2.2}{\376\377\000H\000o\000m\000o\000g\000e\000n\000e\000o\000u\000s\000\040\000S\000p\000a\000c\000e\000s}{section.15.2}% 207
\BOOKMARK [2][-]{subsection.15.2.3}{\376\377\000C\000o\000m\000m\000o\000n\000\040\000E\000x\000a\000m\000p\000l\000e\000s}{section.15.2}% 208
\BOOKMARK [1][-]{section.15.3}{\376\377\000Q\000u\000o\000t\000i\000e\000n\000t\000\040\000G\000r\000o\000u\000p\000s}{chapter.15}% 209
\BOOKMARK [1][-]{section.15.4}{\376\377\000A\000u\000t\000o\000m\000o\000r\000p\000h\000i\000s\000m\000\040\000G\000r\000o\000u\000p\000s\000\040\000o\000f\000\040\000M\000e\000t\000r\000i\000c\000\040\000S\000p\000a\000c\000e\000s}{chapter.15}% 210
\BOOKMARK [0][-]{chapter.16}{\376\377\000G\000r\000o\000u\000p\000\040\000A\000c\000t\000i\000o\000n\000s}{}% 211
\BOOKMARK [1][-]{section.16.1}{\376\377\000I\000n\000t\000r\000o\000d\000u\000c\000t\000i\000o\000n}{chapter.16}% 212
\BOOKMARK [1][-]{section.16.2}{\376\377\000G\000r\000o\000u\000p\000\040\000A\000c\000t\000i\000o\000n\000s\000\040\000o\000n\000\040\000M\000e\000t\000r\000i\000c\000\040\000S\000p\000a\000c\000e\000s}{chapter.16}% 213
\BOOKMARK [1][-]{section.16.3}{\376\377\000F\000u\000n\000d\000a\000m\000e\000n\000t\000a\000l\000\040\000E\000x\000a\000m\000p\000l\000e\000s}{chapter.16}% 214
\BOOKMARK [1][-]{section.16.4}{\376\377\000O\000p\000t\000i\000m\000i\000z\000a\000t\000i\000o\000n\000\040\000o\000v\000e\000r\000\040\000C\000o\000m\000p\000a\000c\000t\000\040\000G\000r\000o\000u\000p\000s}{chapter.16}% 215
\BOOKMARK [0][-]{appendix*.10}{\376\377\000S\000u\000m\000m\000a\000t\000i\000o\000n}{}% 216
\BOOKMARK [0][-]{appendix*.11}{\376\377\000A\000s\000y\000m\000p\000t\000o\000t\000i\000c\000\040\000N\000o\000t\000a\000t\000i\000o\000n}{}% 217
\BOOKMARK [0][-]{appendix*.12}{\376\377\000C\000a\000t\000e\000g\000o\000r\000i\000e\000s}{}% 218
\BOOKMARK [0][-]{appendix*.13}{\376\377\000R\000i\000n\000g\000s}{}% 219
\BOOKMARK [1][-]{section.Alph0.1}{\376\377\000I\000n\000t\000r\000o\000d\000u\000c\000t\000i\000o\000n}{appendix*.13}% 220
\BOOKMARK [1][-]{section.Alph0.2}{\376\377\000Q\000u\000o\000t\000i\000e\000n\000t\000\040\000R\000i\000n\000g\000s}{appendix*.13}% 221
\BOOKMARK [0][-]{appendix*.14}{\376\377\000V\000e\000c\000t\000o\000r\000\040\000S\000p\000a\000c\000e\000s}{}% 222
\BOOKMARK [1][-]{section.Alph0.3}{\376\377\000I\000n\000t\000r\000o\000d\000u\000c\000t\000i\000o\000n}{appendix*.14}% 223
\BOOKMARK [1][-]{section.Alph0.4}{\376\377\000B\000a\000s\000e\000s}{appendix*.14}% 224
\BOOKMARK [1][-]{section.Alph0.5}{\376\377\000D\000u\000a\000l\000i\000t\000y}{appendix*.14}% 225
\BOOKMARK [1][-]{section.Alph0.6}{\376\377\000M\000u\000l\000t\000i\000l\000i\000n\000e\000a\000r\000\040\000M\000a\000p\000s}{appendix*.14}% 226
\BOOKMARK [1][-]{section.Alph0.7}{\376\377\000T\000e\000n\000s\000o\000r\000\040\000P\000r\000o\000d\000u\000c\000t\000s}{appendix*.14}% 227
