\BOOKMARK [1][-]{section.1}{1. Motivation}{}% 1
\BOOKMARK [1][-]{section.2}{2. Mathematical Background}{}% 2
\BOOKMARK [2][-]{subsection.2.1}{2.1. Hilbert Spaces}{section.2}% 3
\BOOKMARK [2][-]{subsection.2.2}{2.2. Permutation Groups}{section.2}% 4
\BOOKMARK [1][-]{section.3}{3. Postulates of Quantum Mechanics}{}% 5
\BOOKMARK [2][-]{subsection.3.1}{3.1. First Postulate}{section.3}% 6
\BOOKMARK [2][-]{subsection.3.2}{3.2. Second Postulate}{section.3}% 7
\BOOKMARK [2][-]{subsection.3.3}{3.3. Third Postulate}{section.3}% 8
\BOOKMARK [2][-]{subsection.3.4}{3.4. Fourth Postulate}{section.3}% 9
\BOOKMARK [2][-]{subsection.3.5}{3.5. Fifth Postulate}{section.3}% 10
\BOOKMARK [1][-]{section.4}{4. One Particle in One Dimension}{}% 11
\BOOKMARK [2][-]{subsection.4.1}{4.1. Parity}{section.4}% 12
\BOOKMARK [2][-]{subsection.4.2}{4.2. The Infinite Square Well}{section.4}% 13
\BOOKMARK [2][-]{subsection.4.3}{4.3. The Harmonic Oscillator}{section.4}% 14
\BOOKMARK [1][-]{section.5}{5. One Particle in Three Dimensions}{}% 15
\BOOKMARK [2][-]{subsection.5.1}{5.1. Infinite Square Well}{section.5}% 16
\BOOKMARK [2][-]{subsection.5.2}{5.2. Spherical Harmonic Oscillator \(Cartesian Coordinates\)}{section.5}% 17
\BOOKMARK [2][-]{subsection.5.3}{5.3. The Time Independent Schr\366dinger Equation in Spherical Coordinates}{section.5}% 18
\BOOKMARK [2][-]{subsection.5.4}{5.4. Orbital Angular Momentum}{section.5}% 19
\BOOKMARK [2][-]{subsection.5.5}{5.5. The Hydrogen Atom}{section.5}% 20
\BOOKMARK [2][-]{subsection.5.6}{5.6. Spherical Harmonic Oscillator \(Spherical Coordinates\)}{section.5}% 21
\BOOKMARK [1][-]{section.6}{6. Spin}{}% 22
\BOOKMARK [2][-]{subsection.6.1}{6.1. Introduction}{section.6}% 23
\BOOKMARK [2][-]{subsection.6.2}{6.2. Spin 12 Particles}{section.6}% 24
\BOOKMARK [1][-]{section.7}{7. Multiple Identical Particles}{}% 25
\BOOKMARK [2][-]{subsection.7.1}{7.1. Bosons and Fermions}{section.7}% 26
\BOOKMARK [1][-]{section.8}{8. Perturbation Theory}{}% 27
\BOOKMARK [1][-]{section.9}{9. Extra}{}% 28
\BOOKMARK [2][-]{subsection.9.1}{9.1. continutiy eqaution}{section.9}% 29
\BOOKMARK [2][-]{subsection.9.2}{9.2. Position and Momentum Space}{section.9}% 30
