\BOOKMARK [1][-]{section.1}{1. Introduction}{}% 1
\BOOKMARK [2][-]{subsection.1.1}{1.1. Schr\366dinger Equation}{section.1}% 2
\BOOKMARK [2][-]{subsection.1.2}{1.2. Operators}{section.1}% 3
\BOOKMARK [2][-]{subsection.1.3}{1.3. Continuity Equation}{section.1}% 4
\BOOKMARK [2][-]{subsection.1.4}{1.4. Position and Momentum Space}{section.1}% 5
\BOOKMARK [2][-]{subsection.1.5}{1.5. Stationary States}{section.1}% 6
\BOOKMARK [1][-]{section.2}{2. Fundamental Examples in One Dimension}{}% 7
\BOOKMARK [2][-]{subsection.2.1}{2.1. The Infinite Square Well}{section.2}% 8
\BOOKMARK [2][-]{subsection.2.2}{2.2. The Harmonic Oscillator}{section.2}% 9
\BOOKMARK [1][-]{section.3}{3. Spherical Coordinates and Orbital Angular Momentum}{}% 10
\BOOKMARK [2][-]{subsection.3.1}{3.1. The Time Independent Schr\366dinger Equation in Spherical Coordinates}{section.3}% 11
\BOOKMARK [2][-]{subsection.3.2}{3.2. Orbital Angular Momentum}{section.3}% 12
\BOOKMARK [1][-]{section.4}{4. Fundamental Examples in Three Dimensions}{}% 13
\BOOKMARK [2][-]{subsection.4.1}{4.1. Spherical Harmonic Oscillator \(Cartesian Coordinates\)}{section.4}% 14
\BOOKMARK [2][-]{subsection.4.2}{4.2. The Hydrogen Atom}{section.4}% 15
\BOOKMARK [2][-]{subsection.4.3}{4.3. Spherical Harmonic Oscillator \(Spherical Coordinates\)}{section.4}% 16
\BOOKMARK [1][-]{section.5}{5. Spin}{}% 17
\BOOKMARK [2][-]{subsection.5.1}{5.1. Introduction}{section.5}% 18
\BOOKMARK [2][-]{subsection.5.2}{5.2. Spin 12 Particles}{section.5}% 19
\BOOKMARK [1][-]{section.6}{6. Perturbation Theory}{}% 20
\BOOKMARK [1][-]{section.7}{7. Multiple Particles}{}% 21
\BOOKMARK [2][-]{subsection.7.1}{7.1. Schrodinger Equation}{section.7}% 22
\BOOKMARK [2][-]{subsection.7.2}{7.2. Exchange Operator}{section.7}% 23
