\BOOKMARK [0][-]{section*.2}{\376\377\000N\000o\000t\000a\000t\000i\000o\000n}{}% 1
\BOOKMARK [0][-]{chapter*.4}{\376\377\000P\000r\000e\000f\000a\000c\000e}{}% 2
\BOOKMARK [1][-]{section.0.1}{\376\377\000R\000e\000l\000a\000t\000i\000o\000n\000s}{chapter*.4}% 3
\BOOKMARK [2][-]{subsection.0.1.1}{\376\377\000I\000n\000t\000r\000o\000d\000u\000c\000t\000i\000o\000n}{section.0.1}% 4
\BOOKMARK [2][-]{subsection.0.1.2}{\376\377\000S\000u\000b\000r\000e\000l\000a\000t\000i\000o\000n\000s}{section.0.1}% 5
\BOOKMARK [2][-]{subsection.0.1.3}{\376\377\000P\000r\000o\000d\000u\000c\000t\000s\000\040\000o\000f\000\040\000R\000e\000l\000a\000t\000i\000o\000n\000s}{section.0.1}% 6
\BOOKMARK [1][-]{section.0.2}{\376\377\000E\000q\000u\000i\000v\000a\000l\000e\000n\000c\000e\000\040\000R\000e\000l\000a\000t\000i\000o\000n\000s}{chapter*.4}% 7
\BOOKMARK [1][-]{section.0.3}{\376\377\000P\000r\000o\000d\000u\000c\000t\000s}{chapter*.4}% 8
\BOOKMARK [-1][-]{part.1}{\376\377\000I\000\040\000C\000l\000a\000s\000s\000i\000c\000a\000l\000\040\000P\000h\000y\000s\000i\000c\000s}{}% 9
\BOOKMARK [-1][-]{part.2}{\376\377\000I\000I\000\040\000Q\000u\000a\000n\000t\000u\000m\000\040\000P\000h\000y\000s\000i\000c\000s}{}% 10
\BOOKMARK [0][-]{chapter.1}{\376\377\000S\000p\000i\000n}{part.2}% 11
\BOOKMARK [0][-]{chapter.2}{\376\377\000Q\000u\000a\000n\000t\000i\000z\000a\000t\000i\000o\000n}{part.2}% 12
\BOOKMARK [1][-]{section.2.1}{\376\377\000I\000n\000t\000r\000o\000d\000u\000c\000t\000i\000o\000n}{chapter.2}% 13
\BOOKMARK [1][-]{section.2.2}{}{chapter.2}% 14
\BOOKMARK [1][-]{section.2.3}{\376\377\000T\000O\000D\000O}{chapter.2}% 15
\BOOKMARK [0][-]{chapter.3}{\376\377\000Q\000u\000a\000n\000t\000u\000m\000\040\000F\000i\000e\000l\000d\000s}{part.2}% 16
\BOOKMARK [1][-]{section.3.1}{\376\377\000I\000n\000t\000r\000o\000d\000u\000c\000t\000i\000o\000n}{chapter.3}% 17
\BOOKMARK [0][-]{appendix.A}{\376\377\000S\000u\000m\000m\000a\000t\000i\000o\000n}{part.2}% 18
\BOOKMARK [0][-]{appendix.B}{\376\377\000A\000s\000y\000m\000p\000t\000o\000t\000i\000c\000\040\000N\000o\000t\000a\000t\000i\000o\000n}{part.2}% 19
\BOOKMARK [0][-]{appendix.C}{\376\377\000C\000a\000t\000e\000g\000o\000r\000i\000e\000s}{part.2}% 20
\BOOKMARK [0][-]{appendix.D}{\376\377\000V\000e\000c\000t\000o\000r\000\040\000S\000p\000a\000c\000e\000s}{part.2}% 21
\BOOKMARK [1][-]{section.D.1}{\376\377\000I\000n\000t\000r\000o\000d\000u\000c\000t\000i\000o\000n}{appendix.D}% 22
\BOOKMARK [1][-]{section.D.2}{\376\377\000B\000a\000s\000e\000s}{appendix.D}% 23
\BOOKMARK [1][-]{section.D.3}{\376\377\000M\000u\000l\000t\000i\000l\000i\000n\000e\000a\000r\000\040\000M\000a\000p\000s}{appendix.D}% 24
\BOOKMARK [1][-]{section.D.4}{\376\377\000T\000e\000n\000s\000o\000r\000\040\000P\000r\000o\000d\000u\000c\000t\000s}{appendix.D}% 25
