\BOOKMARK [0][-]{section*.2}{\376\377\000N\000o\000t\000a\000t\000i\000o\000n}{}% 1
\BOOKMARK [0][-]{chapter*.4}{\376\377\000P\000r\000e\000f\000a\000c\000e}{}% 2
\BOOKMARK [0][-]{chapter.1}{\376\377\000P\000r\000e\000l\000i\000m\000i\000n\000a\000r\000y\000\040\000M\000a\000t\000e\000r\000i\000a\000l}{}% 3
\BOOKMARK [1][-]{section.1.1}{\376\377\000F\000i\000r\000s\000t\000\040\000O\000r\000d\000e\000r\000\040\000L\000o\000g\000i\000c}{chapter.1}% 4
\BOOKMARK [1][-]{section.1.2}{\376\377\000v\000o\000n\000\040\000N\000e\000u\000m\000a\000n\000n\040\023\000B\000e\000r\000n\000a\000y\000s\040\023\000G\000\366\000d\000e\000l\000\040\000\050\000N\000B\000G\000\051\000\040\000S\000e\000t\000\040\000T\000h\000e\000o\000r\000y}{chapter.1}% 5
\BOOKMARK [2][-]{subsection.1.2.1}{\376\377\000T\000O\000\040\000D\000O}{section.1.2}% 6
\BOOKMARK [2][-]{subsection.1.2.2}{\376\377\000R\000e\000l\000a\000t\000i\000o\000n\000s}{section.1.2}% 7
\BOOKMARK [2][-]{subsection.1.2.3}{\376\377\000F\000u\000n\000c\000t\000i\000o\000n\000s}{section.1.2}% 8
\BOOKMARK [2][-]{subsection.1.2.4}{\376\377\000D\000i\000g\000r\000a\000p\000h\000s}{section.1.2}% 9
\BOOKMARK [-1][-]{part.1}{\376\377\000I\000\040\000F\000u\000n\000d\000a\000m\000e\000n\000t\000a\000l\000\040\000C\000o\000n\000c\000e\000p\000t\000s}{}% 10
\BOOKMARK [0][-]{chapter.2}{\376\377\000B\000a\000s\000i\000c\000\040\000C\000o\000n\000c\000e\000p\000t\000s}{part.1}% 11
\BOOKMARK [0][-]{chapter.3}{\376\377\000C\000a\000t\000e\000g\000o\000r\000i\000e\000s}{part.1}% 12
\BOOKMARK [1][-]{section.3.1}{\376\377\000I\000n\000t\000r\000o\000d\000u\000c\000t\000i\000o\000n}{chapter.3}% 13
\BOOKMARK [1][-]{section.3.2}{\376\377\000F\000u\000n\000d\000a\000m\000e\000n\000t\000a\000l\000\040\000E\000x\000a\000m\000p\000l\000e\000s}{chapter.3}% 14
\BOOKMARK [1][-]{section.3.3}{\376\377\000O\000p\000p\000o\000s\000i\000t\000e\000\040\000C\000a\000t\000e\000g\000o\000r\000i\000e\000s}{chapter.3}% 15
\BOOKMARK [0][-]{chapter.4}{\376\377\000F\000u\000n\000c\000t\000o\000r\000s}{part.1}% 16
\BOOKMARK [1][-]{section.4.1}{\376\377\000I\000n\000t\000r\000o\000d\000u\000c\000t\000i\000o\000n}{chapter.4}% 17
\BOOKMARK [1][-]{section.4.2}{\376\377\000F\000u\000n\000d\000a\000m\000e\000n\000t\000a\000l\000\040\000E\000x\000a\000m\000p\000l\000e\000s}{chapter.4}% 18
\BOOKMARK [1][-]{section.4.3}{\376\377\000C\000a\000t\000e\000g\000o\000r\000y\000\040\000o\000f\000\040\000S\000m\000a\000l\000l\000\040\000C\000a\000t\000e\000g\000o\000r\000i\000e\000s}{chapter.4}% 19
\BOOKMARK [1][-]{section.4.4}{\376\377\000C\000o\000m\000m\000a\000\040\000C\000a\000t\000e\000g\000o\000r\000i\000e\000s}{chapter.4}% 20
\BOOKMARK [0][-]{chapter.5}{\376\377\000N\000a\000t\000u\000r\000a\000l\000\040\000T\000r\000a\000n\000s\000f\000o\000r\000m\000a\000t\000i\000o\000n\000s}{part.1}% 21
\BOOKMARK [1][-]{section.5.1}{\376\377\000I\000n\000t\000r\000o\000d\000u\000c\000t\000i\000o\000n}{chapter.5}% 22
\BOOKMARK [1][-]{section.5.2}{\376\377\000F\000u\000n\000d\000a\000m\000e\000n\000t\000a\000l\000\040\000E\000x\000a\000m\000p\000l\000e\000s}{chapter.5}% 23
\BOOKMARK [1][-]{section.5.3}{\376\377\000C\000a\000t\000e\000g\000o\000r\000y\000\040\000o\000f\000\040\000F\000u\000n\000c\000t\000o\000r\000s}{chapter.5}% 24
\BOOKMARK [1][-]{section.5.4}{\376\377\000D\000i\000a\000g\000o\000n\000a\000l\000\040\000F\000u\000n\000c\000t\000o\000r}{chapter.5}% 25
\BOOKMARK [0][-]{chapter.6}{\376\377\000I\000s\000o\000m\000o\000r\000p\000h\000i\000s\000m\000s}{part.1}% 26
\BOOKMARK [1][-]{section.6.1}{\376\377\000I\000n\000t\000r\000o\000d\000u\000c\000t\000i\000o\000n}{chapter.6}% 27
\BOOKMARK [1][-]{section.6.2}{\376\377\000I\000s\000o\000m\000o\000r\000p\000h\000i\000s\000m\000s\000\040\000b\000e\000t\000w\000e\000e\000n\000\040\000C\000a\000t\000e\000g\000o\000r\000i\000e\000s}{chapter.6}% 28
\BOOKMARK [1][-]{section.6.3}{\376\377\000N\000a\000t\000u\000r\000a\000l\000\040\000I\000s\000o\000m\000o\000r\000p\000h\000i\000s\000m\000s}{chapter.6}% 29
\BOOKMARK [-1][-]{part.2}{\376\377\000I\000I\000\040\000F\000u\000n\000d\000a\000m\000e\000n\000t\000a\000l\000\040\000S\000t\000r\000u\000c\000t\000u\000r\000e\000s}{}% 30
\BOOKMARK [0][-]{chapter.7}{\376\377\000I\000n\000t\000r\000o\000d\000u\000c\000t\000i\000o\000n}{part.2}% 31
\BOOKMARK [1][-]{section.7.1}{\376\377\000I\000n\000i\000t\000i\000a\000l\000\040\000a\000n\000d\000\040\000T\000e\000r\000m\000i\000n\000a\000l\000\040\000O\000b\000j\000e\000c\000t\000s}{chapter.7}% 32
\BOOKMARK [1][-]{section.7.2}{\376\377\000P\000r\000o\000d\000u\000c\000t\000s\000\040\000a\000n\000d\000\040\000C\000o\000p\000r\000o\000d\000u\000c\000t\000s}{chapter.7}% 33
\BOOKMARK [1][-]{section.7.3}{\376\377\000E\000q\000u\000a\000l\000i\000z\000e\000r\000s\000\040\000a\000n\000d\000\040\000C\000o\000e\000q\000u\000a\000l\000i\000z\000e\000r\000s}{chapter.7}% 34
\BOOKMARK [1][-]{section.7.4}{\376\377\000P\000u\000l\000l\000b\000a\000c\000k\000s\000\040\000a\000n\000d\000\040\000P\000u\000s\000h\000o\000u\000t\000s}{chapter.7}% 35
\BOOKMARK [1][-]{section.7.5}{\376\377\000E\000x\000p\000o\000n\000e\000n\000t\000i\000a\000l\000s}{chapter.7}% 36
\BOOKMARK [1][-]{section.7.6}{\376\377\000M\000o\000n\000o\000m\000o\000r\000p\000h\000i\000s\000m\000s\000\040\000a\000n\000d\000\040\000E\000p\000i\000m\000o\000r\000p\000h\000i\000s\000m\000s}{chapter.7}% 37
\BOOKMARK [2][-]{subsection.7.6.1}{\376\377\000I\000n\000t\000r\000o\000d\000u\000c\000t\000i\000o\000n}{section.7.6}% 38
\BOOKMARK [2][-]{subsection.7.6.2}{\376\377\000E\000x\000t\000r\000e\000m\000a\000l\000\040\000M\000o\000n\000o\000m\000o\000r\000p\000h\000i\000s\000m\000s\000\040\000a\000n\000d\000\040\000E\000p\000i\000m\000o\000r\000p\000h\000i\000s\000m\000s}{section.7.6}% 39
\BOOKMARK [2][-]{subsection.7.6.3}{\376\377\000R\000e\000g\000u\000l\000a\000r\000\040\000M\000o\000n\000o\000m\000o\000r\000p\000h\000i\000s\000m\000s\000\040\000a\000n\000d\000\040\000E\000p\000i\000m\000o\000r\000p\000h\000i\000s\000m\000s}{section.7.6}% 40
\BOOKMARK [1][-]{section.7.7}{\376\377\000S\000u\000b\000o\000b\000j\000e\000c\000t\000s\000\040\000a\000n\000d\000\040\000Q\000u\000o\000t\000i\000e\000n\000t\000\040\000O\000b\000j\000e\000c\000t\000s}{chapter.7}% 41
\BOOKMARK [0][-]{chapter.8}{\376\377\000C\000o\000n\000s\000t\000r\000u\000c\000t\000i\000o\000n\000s\000\040\000o\000n\000\040\000C\000a\000t\000e\000g\000o\000r\000i\000e\000s}{part.2}% 42
\BOOKMARK [1][-]{section.8.1}{\376\377\000S\000u\000b\000c\000a\000t\000e\000g\000o\000r\000i\000e\000s}{chapter.8}% 43
\BOOKMARK [1][-]{section.8.2}{\376\377\000P\000r\000o\000d\000u\000c\000t\000\040\000a\000n\000d\000\040\000C\000o\000p\000r\000o\000d\000u\000c\000t\000\040\000C\000a\000t\000e\000g\000o\000r\000i\000e\000s}{chapter.8}% 44
\BOOKMARK [2][-]{subsection.8.2.1}{\376\377\000I\000n\000t\000r\000o\000d\000u\000c\000t\000i\000o\000n}{section.8.2}% 45
\BOOKMARK [2][-]{subsection.8.2.2}{\376\377\000S\000l\000i\000c\000i\000n\000g}{section.8.2}% 46
\BOOKMARK [1][-]{section.8.3}{\376\377\000F\000u\000n\000c\000t\000o\000r\000\040\000C\000a\000t\000e\000g\000o\000r\000i\000e\000s}{chapter.8}% 47
\BOOKMARK [1][-]{section.8.4}{\376\377\000O\000p\000p\000o\000s\000i\000t\000i\000o\000n}{chapter.8}% 48
\BOOKMARK [1][-]{section.8.5}{\376\377\000C\000u\000r\000r\000y\000i\000n\000g}{chapter.8}% 49
\BOOKMARK [1][-]{section.8.6}{\376\377\000E\000q\000u\000a\000l\000i\000z\000e\000r\000\040\000a\000n\000d\000\040\000C\000o\000e\000q\000u\000a\000l\000i\000z\000e\000r\000\040\000C\000a\000t\000e\000g\000o\000r\000i\000e\000s}{chapter.8}% 50
\BOOKMARK [0][-]{chapter.9}{\376\377\000L\000i\000m\000i\000t\000s}{part.2}% 51
\BOOKMARK [1][-]{section.9.1}{\376\377\000C\000o\000n\000e\000s\000\040\000a\000n\000d\000\040\000C\000o\000c\000o\000n\000e\000s}{chapter.9}% 52
\BOOKMARK [1][-]{section.9.2}{\376\377\000L\000i\000m\000i\000t\000s\000\040\000a\000n\000d\000\040\000C\000o\000l\000i\000m\000i\000t\000s}{chapter.9}% 53
\BOOKMARK [2][-]{subsection.9.2.1}{\376\377\000U\000n\000i\000v\000e\000r\000s\000a\000l\000\040\000M\000o\000r\000p\000h\000i\000s\000m\000s}{section.9.2}% 54
\BOOKMARK [2][-]{subsection.9.2.2}{\376\377\000L\000i\000m\000i\000t\000s\000\040\000a\000n\000d\000\040\000C\000o\000l\000i\000m\000i\000t\000s}{section.9.2}% 55
\BOOKMARK [1][-]{section.9.3}{\376\377\000F\000u\000n\000d\000a\000m\000e\000n\000t\000a\000l\000\040\000E\000x\000a\000m\000p\000l\000e\000s}{chapter.9}% 56
\BOOKMARK [2][-]{subsection.9.3.1}{\376\377\000P\000r\000o\000d\000u\000c\000t\000s\000\040\000a\000n\000d\000\040\000C\000o\000p\000r\000o\000d\000u\000c\000t\000s}{section.9.3}% 57
\BOOKMARK [2][-]{subsection.9.3.2}{\376\377\000E\000q\000u\000a\000l\000i\000z\000e\000r\000s\000\040\000a\000n\000d\000\040\000C\000o\000e\000q\000u\000a\000l\000i\000z\000e\000r\000s}{section.9.3}% 58
\BOOKMARK [2][-]{subsection.9.3.3}{\376\377\000P\000r\000o\000j\000e\000c\000t\000i\000v\000e\000\040\000a\000n\000d\000\040\000I\000n\000d\000u\000c\000t\000i\000v\000e\000\040\000L\000i\000m\000i\000t\000s}{section.9.3}% 59
\BOOKMARK [1][-]{section.9.4}{\376\377\000C\000o\000m\000p\000l\000e\000t\000e\000n\000e\000s\000s\000\040\000a\000n\000d\000\040\000C\000o\000c\000o\000m\000p\000l\000e\000t\000e\000n\000e\000s\000s}{chapter.9}% 60
\BOOKMARK [-1][-]{part.3}{\376\377\000I\000I\000I\000\040\000B\000a\000s\000i\000c\000\040\000R\000e\000s\000u\000l\000t\000s}{}% 61
\BOOKMARK [0][-]{chapter.10}{\376\377\000Y\000o\000n\000e\000d\000a\000\040\000L\000e\000m\000m\000a}{part.3}% 62
\BOOKMARK [1][-]{section.10.1}{\376\377\000R\000e\000p\000r\000e\000s\000e\000n\000t\000a\000b\000l\000e\000\040\000F\000u\000n\000c\000t\000o\000r\000s}{chapter.10}% 63
\BOOKMARK [1][-]{section.10.2}{\376\377\000F\000u\000n\000d\000a\000m\000e\000n\000t\000a\000l\000\040\000E\000x\000a\000m\000p\000l\000e\000s}{chapter.10}% 64
\BOOKMARK [0][-]{chapter.11}{\376\377\000A\000d\000j\000u\000n\000c\000t\000i\000o\000n\000s}{part.3}% 65
\BOOKMARK [0][-]{chapter.12}{\376\377\000M\000o\000n\000a\000d\000s}{part.3}% 66
\BOOKMARK [1][-]{section.12.1}{\376\377\000I\000n\000t\000r\000o\000d\000u\000c\000t\000i\000o\000n}{chapter.12}% 67
\BOOKMARK [1][-]{section.12.2}{\376\377\000T\000O\000\040\000D\000O}{chapter.12}% 68
\BOOKMARK [0][-]{chapter.13}{\376\377\000M\000o\000n\000o\000i\000d\000a\000l\000\040\000C\000a\000t\000e\000g\000o\000r\000i\000e\000s}{part.3}% 69
\BOOKMARK [0][-]{chapter.14}{\376\377\000T\000o\000\040\000D\000o}{part.3}% 70
\BOOKMARK [0][-]{appendix.A}{\376\377\000A\000p\000p}{part.3}% 71
\BOOKMARK [1][-]{section.A.1}{\376\377\000R\000e\000a\000d\000i\000n\000g\000\040\000D\000i\000a\000g\000r\000a\000m\000s\000\040\000a\000n\000d\000\040\000a\000s\000s\000o\000c\000i\000a\000t\000e\000d\000\040\000d\000i\000g\000r\000a\000p\000h\000s\000\040\000o\000f\000\040\000d\000i\000a\000g\000r\000a\000m\000s}{appendix.A}% 72
