\BOOKMARK [0][-]{section*.2}{\376\377\000N\000o\000t\000a\000t\000i\000o\000n}{}% 1
\BOOKMARK [0][-]{chapter*.4}{\376\377\000P\000r\000e\000f\000a\000c\000e}{}% 2
\BOOKMARK [-1][-]{part.1}{\376\377\000I\000\040\000P\000r\000e\000r\000e\000q\000u\000i\000s\000i\000t\000e\000s}{}% 3
\BOOKMARK [0][-]{chapter.1}{\376\377\000R\000e\000v\000i\000e\000w\000\040\000o\000f\000\040\000F\000u\000n\000d\000a\000m\000e\000n\000t\000a\000l\000s}{part.1}% 4
\BOOKMARK [1][-]{section.1.1}{\376\377\000S\000e\000t\000\040\000T\000h\000e\000o\000r\000y}{chapter.1}% 5
\BOOKMARK [1][-]{section.1.2}{\376\377\000L\000i\000n\000e\000a\000r\000\040\000A\000l\000g\000e\000b\000r\000a}{chapter.1}% 6
\BOOKMARK [1][-]{section.1.3}{\376\377\000C\000a\000l\000c\000u\000l\000u\000s}{chapter.1}% 7
\BOOKMARK [2][-]{subsection.1.3.1}{\376\377\000D\000i\000f\000f\000e\000r\000e\000n\000t\000i\000a\000t\000i\000o\000n}{section.1.3}% 8
\BOOKMARK [2][-]{subsection.1.3.2}{\376\377\000D\000i\000f\000f\000e\000r\000e\000n\000t\000i\000a\000t\000i\000o\000n\000\040\000o\000n\000\040\000S\000u\000b\000s\000p\000a\000c\000e\000s}{section.1.3}% 9
\BOOKMARK [2][-]{subsection.1.3.3}{\376\377\000C\000a\000l\000c\000u\000l\000u\000s\000\040\000a\000n\000d\000\040\000P\000e\000r\000m\000u\000t\000a\000t\000i\000o\000n\000s}{section.1.3}% 10
\BOOKMARK [2][-]{subsection.1.3.4}{\376\377\000I\000n\000t\000e\000g\000r\000a\000t\000i\000o\000n}{section.1.3}% 11
\BOOKMARK [1][-]{section.1.4}{\376\377\000T\000o\000p\000o\000l\000o\000g\000y}{chapter.1}% 12
\BOOKMARK [1][-]{section.1.5}{\376\377\000G\000r\000o\000u\000p\000\040\000A\000c\000t\000i\000o\000n\000s}{chapter.1}% 13
\BOOKMARK [2][-]{subsection.1.5.1}{\376\377\000S\000u\000b\000a\000c\000t\000i\000o\000n\000s}{section.1.5}% 14
\BOOKMARK [0][-]{chapter.2}{\376\377\000M\000u\000l\000t\000i\000l\000i\000n\000e\000a\000r\000\040\000A\000l\000g\000e\000b\000r\000a}{part.1}% 15
\BOOKMARK [1][-]{section.2.1}{\376\377\000T\000e\000n\000s\000o\000r\000\040\000P\000r\000o\000d\000u\000c\000t\000s}{chapter.2}% 16
\BOOKMARK [1][-]{section.2.2}{\376\377\000\050\000r\000,\000s\000\051\000-\000T\000e\000n\000s\000o\000r\000s}{chapter.2}% 17
\BOOKMARK [1][-]{section.2.3}{\376\377\000C\000o\000v\000a\000r\000i\000a\000n\000t\000\040\000k\000-\000T\000e\000n\000s\000o\000r\000s}{chapter.2}% 18
\BOOKMARK [2][-]{subsection.2.3.1}{\376\377\000S\000y\000m\000m\000e\000t\000r\000i\000c\000\040\000a\000n\000d\000\040\000A\000l\000t\000e\000r\000n\000a\000t\000i\000n\000g\000\040\000C\000o\000v\000a\000r\000i\000a\000n\000t\000\040\000k\000-\000T\000e\000n\000s\000o\000r\000s}{section.2.3}% 19
\BOOKMARK [2][-]{subsection.2.3.2}{\376\377\000E\000x\000t\000e\000r\000i\000o\000r\000\040\000P\000r\000o\000d\000u\000c\000t}{section.2.3}% 20
\BOOKMARK [2][-]{subsection.2.3.3}{\376\377\000I\000n\000t\000e\000r\000i\000o\000r\000\040\000P\000r\000o\000d\000u\000c\000t}{section.2.3}% 21
\BOOKMARK [1][-]{section.2.4}{\376\377\000\050\0000\000,\0002\000\051\000-\000T\000e\000n\000s\000o\000r\000s}{chapter.2}% 22
\BOOKMARK [2][-]{subsection.2.4.1}{\376\377\000S\000c\000a\000l\000a\000r\000\040\000P\000r\000o\000d\000u\000c\000t\000\040\000S\000p\000a\000c\000e\000s}{section.2.4}% 23
\BOOKMARK [2][-]{subsection.2.4.2}{\376\377\000S\000y\000m\000p\000l\000e\000c\000t\000i\000c\000\040\000V\000e\000c\000t\000o\000r\000\040\000S\000p\000a\000c\000e\000s}{section.2.4}% 24
\BOOKMARK [-1][-]{part.2}{\376\377\000I\000I\000\040\000M\000a\000n\000i\000f\000o\000l\000d\000s}{}% 25
\BOOKMARK [0][-]{chapter.3}{\376\377\000T\000o\000p\000o\000l\000o\000g\000i\000c\000a\000l\000\040\000M\000a\000n\000i\000f\000o\000l\000d\000s}{part.2}% 26
\BOOKMARK [1][-]{section.3.1}{\376\377\000I\000n\000t\000r\000o\000d\000u\000c\000t\000i\000o\000n}{chapter.3}% 27
\BOOKMARK [1][-]{section.3.2}{\376\377\000S\000u\000b\000m\000a\000n\000i\000f\000o\000l\000d\000s}{chapter.3}% 28
\BOOKMARK [2][-]{subsection.3.2.1}{\376\377\000O\000p\000e\000n\000\040\000S\000u\000b\000m\000a\000n\000i\000f\000o\000l\000d\000s}{section.3.2}% 29
\BOOKMARK [2][-]{subsection.3.2.2}{\376\377\000B\000o\000u\000n\000d\000a\000r\000y\000\040\000S\000u\000b\000m\000a\000n\000i\000f\000o\000l\000d\000s}{section.3.2}% 30
\BOOKMARK [2][-]{subsection.3.2.3}{\376\377\000E\000m\000b\000e\000d\000d\000e\000d\000\040\000S\000u\000b\000m\000a\000n\000i\000f\000o\000l\000d\000s}{section.3.2}% 31
\BOOKMARK [1][-]{section.3.3}{\376\377\000P\000r\000o\000d\000u\000c\000t\000\040\000M\000a\000n\000i\000f\000o\000l\000d\000s}{chapter.3}% 32
\BOOKMARK [1][-]{section.3.4}{\376\377\000S\000u\000b\000m\000a\000n\000i\000f\000o\000l\000d\000s}{chapter.3}% 33
\BOOKMARK [0][-]{chapter.4}{\376\377\000S\000m\000o\000o\000t\000h\000\040\000M\000a\000n\000i\000f\000o\000l\000d\000s}{part.2}% 34
\BOOKMARK [1][-]{section.4.1}{\376\377\000I\000n\000t\000r\000o\000d\000u\000c\000t\000i\000o\000n}{chapter.4}% 35
\BOOKMARK [1][-]{section.4.2}{\376\377\000O\000p\000e\000n\000\040\000a\000n\000d\000\040\000B\000o\000u\000n\000d\000a\000r\000y\000\040\000S\000u\000b\000m\000a\000n\000i\000f\000o\000l\000d\000s}{chapter.4}% 36
\BOOKMARK [2][-]{subsection.4.2.1}{\376\377\000O\000p\000e\000n\000\040\000S\000u\000b\000m\000a\000n\000i\000f\000o\000l\000d\000s}{section.4.2}% 37
\BOOKMARK [2][-]{subsection.4.2.2}{\376\377\000B\000o\000u\000n\000d\000a\000r\000y\000\040\000S\000u\000b\000m\000a\000n\000i\000f\000o\000l\000d\000s}{section.4.2}% 38
\BOOKMARK [1][-]{section.4.3}{\376\377\000P\000r\000o\000d\000u\000c\000t\000\040\000M\000a\000n\000i\000f\000o\000l\000d\000s}{chapter.4}% 39
\BOOKMARK [0][-]{chapter.5}{\376\377\000S\000m\000o\000o\000t\000h\000\040\000M\000a\000p\000s}{part.2}% 40
\BOOKMARK [1][-]{section.5.1}{\376\377\000S\000m\000o\000o\000t\000h\000\040\000M\000a\000p\000s\000\040\000b\000e\000t\000w\000e\000e\000n\000\040\000M\000a\000n\000i\000f\000o\000l\000d\000s}{chapter.5}% 41
\BOOKMARK [1][-]{section.5.2}{\376\377\000S\000m\000o\000o\000t\000h\000\040\000M\000a\000p\000s\000\040\000o\000n\000\040\000O\000p\000e\000n\000\040\000a\000n\000d\000\040\000B\000o\000u\000n\000d\000a\000r\000y\000\040\000S\000u\000b\000m\000a\000n\000i\000f\000o\000l\000d\000s}{chapter.5}% 42
\BOOKMARK [1][-]{section.5.3}{\376\377\000S\000m\000o\000o\000t\000h\000\040\000M\000a\000p\000s\000\040\000a\000n\000d\000\040\000P\000r\000o\000d\000u\000c\000t\000\040\000M\000a\000n\000i\000f\000o\000l\000d\000s}{chapter.5}% 43
\BOOKMARK [1][-]{section.5.4}{\376\377\000S\000m\000o\000o\000t\000h\000\040\000F\000u\000n\000c\000t\000i\000o\000n\000s\000\040\000o\000n\000\040\000M\000a\000n\000i\000f\000o\000l\000d\000s}{chapter.5}% 44
\BOOKMARK [1][-]{section.5.5}{\376\377\000L\000o\000c\000a\000l\000\040\000I\000n\000f\000o\000r\000m\000a\000t\000i\000o\000n}{chapter.5}% 45
\BOOKMARK [2][-]{subsection.5.5.1}{\376\377\000P\000a\000r\000t\000i\000t\000i\000o\000n\000s\000\040\000o\000f\000\040\000U\000n\000i\000t\000y}{section.5.5}% 46
\BOOKMARK [2][-]{subsection.5.5.2}{\376\377\000G\000e\000r\000m\000s\000\040\000o\000f\000\040\000F\000u\000n\000c\000t\000i\000o\000n\000s}{section.5.5}% 47
\BOOKMARK [0][-]{chapter.6}{\376\377\000T\000h\000e\000\040\000T\000a\000n\000g\000e\000n\000t\000\040\000a\000n\000d\000\040\000C\000o\000t\000a\000n\000g\000e\000n\000t\000\040\000S\000p\000a\000c\000e\000s}{part.2}% 48
\BOOKMARK [1][-]{section.6.1}{\376\377\000T\000h\000e\000\040\000T\000a\000n\000g\000e\000n\000t\000\040\000S\000p\000a\000c\000e}{chapter.6}% 49
\BOOKMARK [2][-]{subsection.6.1.1}{\376\377\000D\000e\000r\000i\000v\000a\000t\000i\000o\000n\000s}{section.6.1}% 50
\BOOKMARK [2][-]{subsection.6.1.2}{\376\377\000V\000e\000l\000o\000c\000i\000t\000i\000e\000s\000\040\000a\000l\000o\000n\000g\000\040\000P\000a\000t\000h\000s}{section.6.1}% 51
\BOOKMARK [1][-]{section.6.2}{\376\377\000T\000a\000n\000g\000e\000n\000t\000\040\000S\000p\000a\000c\000e\000\040\000o\000f\000\040\000P\000r\000o\000d\000u\000c\000t\000\040\000M\000a\000n\000i\000f\000o\000l\000d\000s}{chapter.6}% 52
\BOOKMARK [1][-]{section.6.3}{\376\377\000T\000h\000e\000\040\000C\000o\000t\000a\000n\000g\000e\000n\000t\000\040\000S\000p\000a\000c\000e}{chapter.6}% 53
\BOOKMARK [0][-]{chapter.7}{\376\377\000C\000a\000t\000e\000g\000o\000r\000i\000c\000a\000l\000\040\000D\000e\000s\000c\000r\000i\000p\000t\000i\000o\000n\000\040\000o\000f\000\040\000M\000a\000n\000i\000f\000i\000o\000l\000d\000s}{part.2}% 54
\BOOKMARK [1][-]{section.7.1}{\376\377\000T\000h\000e\000\040\000C\000a\000t\000e\000g\000o\000r\000i\000e\000s\000\040\000`\0003\003\001\0009\000`\0004\0002\000`\000"\003\007\0006\0001\0003\000A\000`\000`\0004\0005\000`\0004\0007\000`\000"\0006\0000\0003\000A\000M\000a\000n\0000\000,\000\040\000`\0003\003\001\0009\000`\0004\0002\000`\000"\003\007\0006\0001\0003\000A\000`\000`\0004\0005\000`\0004\0007\000`\000"\0006\0000\0003\000A\000M\000a\000n\000B\000n\000d\000\040\000a\000n\000d\000\040\000`\0003\003\001\0009\000`\0004\0002\000`\000"\003\007\0006\0001\0003\000A\000`\000`\0004\0005\000`\0004\0007\000`\000"\0006\0000\0003\000A\000M\000a\000n}{chapter.7}% 55
\BOOKMARK [1][-]{section.7.2}{\376\377\000T\000h\000e\000\040\000D\000e\000r\000i\000v\000a\000t\000i\000v\000e\000\040\000a\000s\000\040\000a\000\040\000F\000u\000n\000c\000t\000o\000r}{chapter.7}% 56
\BOOKMARK [0][-]{chapter.8}{\376\377\000I\000m\000m\000e\000r\000s\000i\000o\000n\000s\000\040\000a\000n\000d\000\040\000S\000u\000b\000m\000e\000r\000s\000i\000o\000n\000s}{part.2}% 57
\BOOKMARK [1][-]{section.8.1}{\376\377\000M\000a\000p\000s\000\040\000o\000f\000\040\000C\000o\000n\000s\000t\000a\000n\000t\000\040\000R\000a\000n\000k}{chapter.8}% 58
\BOOKMARK [1][-]{section.8.2}{\376\377\000I\000m\000m\000e\000r\000s\000i\000o\000n\000s}{chapter.8}% 59
\BOOKMARK [1][-]{section.8.3}{\376\377\000S\000u\000b\000m\000e\000r\000s\000i\000o\000n\000s}{chapter.8}% 60
\BOOKMARK [0][-]{chapter.9}{\376\377\000S\000u\000b\000m\000a\000n\000i\000f\000o\000l\000d\000s}{part.2}% 61
\BOOKMARK [1][-]{section.9.1}{\376\377\000I\000n\000t\000r\000o\000d\000u\000c\000t\000i\000o\000n}{chapter.9}% 62
\BOOKMARK [1][-]{section.9.2}{\376\377\000E\000m\000b\000e\000d\000d\000e\000d\000\040\000S\000u\000b\000m\000a\000n\000i\000f\000o\000l\000d\000s}{chapter.9}% 63
\BOOKMARK [2][-]{subsection.9.2.1}{\376\377\000I\000m\000a\000g\000e\000s\000\040\000o\000f\000\040\000E\000m\000b\000e\000d\000d\000i\000n\000g\000s\000\040\000a\000s\000\040\000E\000m\000b\000e\000d\000d\000e\000d\000\040\000S\000u\000b\000m\000a\000n\000i\000f\000o\000l\000d\000s}{section.9.2}% 64
\BOOKMARK [2][-]{subsection.9.2.2}{\376\377\000L\000e\000v\000e\000l\000\040\000S\000e\000t\000s\000\040\000a\000s\000\040\000E\000m\000b\000e\000d\000d\000e\000d\000\040\000S\000u\000b\000m\000a\000n\000i\000f\000o\000l\000d\000s}{section.9.2}% 65
\BOOKMARK [2][-]{subsection.9.2.3}{\376\377\000S\000u\000b\000m\000a\000n\000i\000f\000o\000l\000d\000s\000\040\000o\000f\000\040\000E\000m\000b\000e\000d\000d\000e\000d\000\040\000S\000u\000b\000m\000a\000n\000i\000f\000o\000l\000d\000s}{section.9.2}% 66
\BOOKMARK [2][-]{subsection.9.2.4}{\376\377\000P\000r\000o\000d\000u\000c\000t\000s\000\040\000o\000f\000\040\000E\000m\000b\000e\000d\000d\000e\000d\000\040\000S\000u\000b\000m\000a\000n\000i\000f\000o\000l\000d\000s}{section.9.2}% 67
\BOOKMARK [1][-]{section.9.3}{\376\377\000I\000m\000m\000e\000r\000s\000e\000d\000\040\000S\000u\000b\000m\000a\000n\000i\000f\000o\000l\000d\000s}{chapter.9}% 68
\BOOKMARK [1][-]{section.9.4}{\376\377\000T\000h\000e\000\040\000T\000a\000n\000g\000e\000n\000t\000\040\000S\000p\000a\000c\000e\000\040\000o\000f\000\040\000S\000u\000b\000m\000a\000n\000i\000f\000o\000l\000d\000s}{chapter.9}% 69
\BOOKMARK [2][-]{subsection.9.4.1}{\376\377\000I\000n\000t\000r\000o\000d\000u\000c\000t\000i\000o\000n}{section.9.4}% 70
\BOOKMARK [2][-]{subsection.9.4.2}{\376\377\000T\000a\000n\000g\000e\000n\000t\000\040\000S\000p\000a\000c\000e\000\040\000o\000f\000\040\000P\000r\000o\000d\000u\000c\000t\000s\000\040\000o\000f\000\040\000S\000u\000b\000m\000a\000n\000i\000f\000o\000l\000d\000s}{section.9.4}% 71
\BOOKMARK [1][-]{section.9.5}{\376\377\000T\000r\000a\000n\000s\000v\000e\000r\000s\000e\000\040\000S\000u\000b\000m\000a\000n\000i\000f\000o\000l\000d\000s}{chapter.9}% 72
\BOOKMARK [0][-]{chapter.10}{\376\377\000Q\000u\000o\000t\000i\000e\000n\000t\000\040\000M\000a\000n\000i\000f\000o\000l\000d\000s}{part.2}% 73
\BOOKMARK [1][-]{section.10.1}{\376\377\000I\000n\000t\000r\000o\000d\000u\000c\000t\000i\000o\000n}{chapter.10}% 74
\BOOKMARK [1][-]{section.10.2}{\376\377\000G\000o\000d\000e\000m\000e\000n\000t\000'\000s\000\040\000T\000h\000e\000o\000r\000e\000m}{chapter.10}% 75
\BOOKMARK [0][-]{chapter.11}{\376\377\000T\000h\000e\000\040\000T\000a\000n\000g\000e\000n\000t\000\040\000a\000n\000d\000\040\000C\000o\000t\000a\000n\000g\000e\000n\000t\000\040\000B\000u\000n\000d\000l\000e\000s}{part.2}% 76
\BOOKMARK [1][-]{section.11.1}{\376\377\000I\000n\000t\000r\000o\000d\000u\000c\000t\000i\000o\000n}{chapter.11}% 77
\BOOKMARK [1][-]{section.11.2}{\376\377\000C\000o\000t\000a\000n\000g\000e\000n\000t\000\040\000B\000u\000n\000d\000l\000e}{chapter.11}% 78
\BOOKMARK [0][-]{chapter.12}{\376\377\000V\000e\000c\000t\000o\000r\000\040\000a\000n\000d\000\040\000C\000o\000v\000e\000c\000t\000o\000r\000\040\000F\000i\000e\000l\000d\000s}{part.2}% 79
\BOOKMARK [1][-]{section.12.1}{\376\377\000V\000e\000c\000t\000o\000r\000\040\000F\000i\000e\000l\000d\000s}{chapter.12}% 80
\BOOKMARK [1][-]{section.12.2}{\376\377\000V\000e\000c\000t\000o\000r\000\040\000F\000i\000e\000l\000d\000s\000\040\000a\000s\000\040\000D\000e\000r\000i\000v\000a\000t\000i\000o\000n\000s\000\040\000o\000n\000\040\000C\000\050\000M\000\051}{chapter.12}% 81
\BOOKMARK [1][-]{section.12.3}{\376\377\000T\000h\000e\000\040\000C\000o\000m\000m\000u\000t\000a\000t\000o\000r\000\040\000o\000f\000\040\000V\000e\000c\000t\000o\000r\000\040\000F\000i\000e\000l\000d\000s}{chapter.12}% 82
\BOOKMARK [1][-]{section.12.4}{\376\377\000V\000e\000c\000t\000o\000r\000\040\000F\000i\000e\000l\000d\000s\000\040\000a\000n\000d\000\040\000S\000m\000o\000o\000t\000h\000\040\000M\000a\000p\000s}{chapter.12}% 83
\BOOKMARK [1][-]{section.12.5}{\376\377\0001\000-\000F\000o\000r\000m\000s}{chapter.12}% 84
\BOOKMARK [-1][-]{part.3}{\376\377\000I\000I\000I\000\040\000L\000i\000e\000\040\000T\000h\000e\000o\000r\000y}{}% 85
\BOOKMARK [0][-]{chapter.13}{\376\377\000L\000i\000e\000\040\000G\000r\000o\000u\000p\000s}{part.3}% 86
\BOOKMARK [1][-]{section.13.1}{\376\377\000I\000n\000t\000r\000o\000d\000u\000c\000t\000i\000o\000n}{chapter.13}% 87
\BOOKMARK [1][-]{section.13.2}{\376\377\000L\000i\000e\000\040\000S\000u\000b\000g\000r\000o\000u\000p\000s}{chapter.13}% 88
\BOOKMARK [1][-]{section.13.3}{\376\377\000P\000r\000o\000d\000u\000c\000t\000\040\000L\000i\000e\000\040\000G\000r\000o\000u\000p\000s}{chapter.13}% 89
\BOOKMARK [1][-]{section.13.4}{\376\377\000R\000e\000p\000r\000e\000s\000e\000n\000t\000a\000t\000i\000o\000n\000s\000\040\000o\000f\000\040\000L\000i\000e\000\040\000G\000r\000o\000u\000p\000s}{chapter.13}% 90
\BOOKMARK [0][-]{chapter.14}{\376\377\000L\000i\000e\000\040\000A\000l\000g\000e\000b\000r\000a\000s}{part.3}% 91
\BOOKMARK [1][-]{section.14.1}{\376\377\000I\000n\000t\000r\000o\000d\000u\000c\000t\000i\000o\000n}{chapter.14}% 92
\BOOKMARK [1][-]{section.14.2}{\376\377\000L\000i\000e\000\040\000S\000u\000b\000a\000l\000g\000e\000b\000r\000a\000s}{chapter.14}% 93
\BOOKMARK [1][-]{section.14.3}{\376\377\000L\000i\000e\000\040\000A\000l\000g\000e\000b\000r\000a\000\040\000o\000f\000\040\000a\000\040\000L\000i\000e\000\040\000G\000r\000o\000u\000p}{chapter.14}% 94
\BOOKMARK [-1][-]{part.4}{\376\377\000I\000V\000\040\000B\000u\000n\000d\000l\000e\000s}{}% 95
\BOOKMARK [0][-]{chapter.15}{\376\377\000F\000i\000b\000e\000r\000\040\000B\000u\000n\000d\000l\000e\000s}{part.4}% 96
\BOOKMARK [1][-]{section.15.1}{\376\377\000I\000n\000t\000r\000o\000d\000u\000c\000t\000i\000o\000n}{chapter.15}% 97
\BOOKMARK [2][-]{subsection.15.1.1}{\376\377\000L\000o\000c\000a\000l\000\040\000T\000r\000i\000v\000i\000a\000l\000i\000z\000a\000t\000i\000o\000n\000s}{section.15.1}% 98
\BOOKMARK [2][-]{subsection.15.1.2}{\376\377\000`\0003\003\001\0009\000`\0004\0002\000`\000"\003\007\0006\0001\0003\000A\000`\000`\0004\0005\000`\0004\0007\000`\000"\0006\0000\0003\000A\000M\000a\000n\0000\000\040\000F\000i\000b\000e\000r\000\040\000B\000u\000n\000d\000l\000e\000s}{section.15.1}% 99
\BOOKMARK [2][-]{subsection.15.1.3}{\376\377\000`\0003\003\001\0009\000`\0004\0002\000`\000"\003\007\0006\0001\0003\000A\000`\000`\0004\0005\000`\0004\0007\000`\000"\0006\0000\0003\000A\000M\000a\000n\000\040\000F\000i\000b\000e\000r\000\040\000B\000u\000n\000d\000l\000e\000s}{section.15.1}% 100
\BOOKMARK [2][-]{subsection.15.1.4}{\376\377\000c\000o\000c\000y\000c\000l\000e\000s}{section.15.1}% 101
\BOOKMARK [1][-]{section.15.2}{\376\377\000S\000u\000b\000b\000u\000n\000d\000l\000e\000s}{chapter.15}% 102
\BOOKMARK [1][-]{section.15.3}{\376\377\000P\000r\000o\000d\000u\000c\000t\000\040\000B\000u\000n\000d\000l\000e\000s}{chapter.15}% 103
\BOOKMARK [1][-]{section.15.4}{\376\377\000V\000e\000r\000t\000i\000c\000a\000l\000\040\000a\000n\000d\000\040\000H\000o\000r\000i\000z\000o\000n\000t\000a\000l\000\040\000S\000u\000b\000b\000u\000n\000d\000l\000e\000s}{chapter.15}% 104
\BOOKMARK [0][-]{chapter.16}{\376\377\000V\000e\000c\000t\000o\000r\000\040\000B\000u\000n\000d\000l\000e\000s}{part.4}% 105
\BOOKMARK [1][-]{section.16.1}{\376\377\000I\000n\000t\000r\000o\000d\000u\000c\000t\000i\000o\000n}{chapter.16}% 106
\BOOKMARK [2][-]{subsection.16.1.1}{\376\377\000`\0003\003\001\0009\000`\0004\0002\000`\000"\003\007\0006\0001\0003\000A\000`\000`\0004\0005\000`\0004\0007\000`\000"\0006\0000\0003\000A\000M\000a\000n\000\040\000V\000e\000c\000t\000o\000r\000\040\000B\000u\000n\000d\000l\000e\000s}{section.16.1}% 107
\BOOKMARK [2][-]{subsection.16.1.2}{\376\377\000S\000u\000b\000b\000u\000n\000d\000l\000e\000s}{section.16.1}% 108
\BOOKMARK [2][-]{subsection.16.1.3}{\376\377\000D\000i\000r\000e\000c\000t\000\040\000S\000u\000m\000\040\000B\000u\000n\000d\000l\000e\000s}{section.16.1}% 109
\BOOKMARK [2][-]{subsection.16.1.4}{\376\377\000T\000e\000n\000s\000o\000r\000\040\000P\000r\000o\000d\000u\000c\000t\000\040\000B\000u\000n\000d\000l\000e\000s}{section.16.1}% 110
\BOOKMARK [2][-]{subsection.16.1.5}{\376\377\000H\000o\000m\000\040\000B\000u\000n\000d\000l\000e\000s}{section.16.1}% 111
\BOOKMARK [0][-]{chapter.17}{\376\377\000T\000h\000e\000\040\000T\000a\000n\000g\000e\000n\000t\000\040\000a\000n\000d\000\040\000C\000o\000t\000a\000n\000g\000e\000n\000t\000\040\000B\000u\000n\000d\000l\000e}{part.4}% 112
\BOOKMARK [1][-]{section.17.1}{\376\377\000T\000h\000e\000\040\000T\000a\000n\000g\000e\000n\000t\000\040\000B\000u\000n\000d\000l\000e}{chapter.17}% 113
\BOOKMARK [1][-]{section.17.2}{\376\377\000T\000h\000e\000\040\000c\000o\000t\000a\000n\000g\000e\000n\000t\000\040\000B\000u\000n\000d\000l\000e}{chapter.17}% 114
\BOOKMARK [1][-]{section.17.3}{\376\377\000T\000h\000e\000\040\000\050\000r\000,\000s\000\051\000-\000T\000e\000n\000s\000o\000r\000\040\000B\000u\000n\000d\000l\000e}{chapter.17}% 115
\BOOKMARK [1][-]{section.17.4}{\376\377\000V\000e\000c\000t\000o\000r\000\040\000F\000i\000e\000l\000d\000s}{chapter.17}% 116
\BOOKMARK [1][-]{section.17.5}{\376\377\000\050\000r\000,\000s\000\051\000-\000T\000e\000n\000s\000o\000r\000\040\000F\000i\000e\000l\000d\000s}{chapter.17}% 117
\BOOKMARK [1][-]{section.17.6}{\376\377\000D\000i\000f\000f\000e\000r\000e\000n\000t\000i\000a\000l\000\040\000F\000o\000r\000m\000s}{chapter.17}% 118
\BOOKMARK [1][-]{section.17.7}{\376\377\000V\000e\000c\000t\000o\000r\000\040\000B\000u\000n\000d\000l\000e\000\040\000V\000a\000l\000u\000e\000d\000\040\000D\000i\000f\000f\000e\000r\000e\000n\000t\000i\000a\000l\000\040\000F\000o\000r\000m\000s}{chapter.17}% 119
\BOOKMARK [0][-]{chapter.18}{\376\377\000T\000h\000e\000\040\000T\000a\000n\000g\000e\000n\000t\000\040\000B\000u\000n\000d\000l\000e}{part.4}% 120
\BOOKMARK [1][-]{section.18.1}{\376\377\000T\000h\000e\000\040\000T\000a\000n\000g\000e\000n\000t\000\040\000B\000u\000n\000d\000l\000e}{chapter.18}% 121
\BOOKMARK [1][-]{section.18.2}{\376\377\000V\000e\000c\000t\000o\000r\000\040\000F\000i\000e\000l\000d\000s}{chapter.18}% 122
\BOOKMARK [-1][-]{part.5}{\376\377\000V\000\040\000D\000i\000f\000f\000e\000r\000e\000n\000t\000i\000a\000l\000\040\000G\000e\000o\000m\000e\000t\000r\000y}{}% 123
\BOOKMARK [0][-]{chapter.19}{\376\377\000P\000r\000i\000n\000c\000i\000p\000l\000e\000\040\000B\000u\000n\000d\000l\000e\000s}{part.5}% 124
\BOOKMARK [1][-]{section.19.1}{\376\377\000I\000n\000t\000r\000o\000d\000u\000c\000t\000i\000o\000n}{chapter.19}% 125
\BOOKMARK [0][-]{chapter.20}{\376\377\000d\000e\000\040\000R\000h\000a\000m\000\040\000C\000o\000h\000o\000m\000o\000l\000o\000g\000y}{part.5}% 126
\BOOKMARK [1][-]{section.20.1}{\376\377\000T\000O\000\040\000D\000O}{chapter.20}% 127
\BOOKMARK [1][-]{section.20.2}{\376\377\000I\000n\000t\000r\000o\000d\000u\000c\000t\000i\000o\000n}{chapter.20}% 128
\BOOKMARK [-1][-]{part.6}{\376\377\000V\000I\000\040\000V\000a\000r\000i\000a\000t\000i\000o\000n\000a\000l\000\040\000G\000e\000o\000m\000e\000t\000r\000y}{}% 129
\BOOKMARK [0][-]{chapter.21}{\376\377\000J\000e\000t\000\040\000B\000u\000n\000d\000l\000e\000s}{part.6}% 130
\BOOKMARK [1][-]{section.21.1}{\376\377\000F\000i\000b\000e\000r\000e\000d\000\040\000M\000a\000n\000i\000f\000o\000l\000d\000s}{chapter.21}% 131
\BOOKMARK [1][-]{section.21.2}{\376\377\000C\000o\000n\000t\000a\000c\000t\000\040\000O\000r\000d\000e\000r}{chapter.21}% 132
\BOOKMARK [1][-]{section.21.3}{\376\377\000J\000e\000t\000\040\000B\000u\000n\000d\000l\000e\000s\000\040\000o\000f\000\040\000F\000i\000b\000e\000r\000\040\000B\000u\000n\000d\000l\000e\000s}{chapter.21}% 133
\BOOKMARK [0][-]{chapter.22}{\376\377\000C\000o\000n\000n\000e\000c\000t\000i\000o\000n\000s}{part.6}% 134
\BOOKMARK [1][-]{section.22.1}{\376\377\000E\000h\000r\000e\000s\000m\000a\000n\000n\000\040\000C\000o\000n\000n\000e\000c\000t\000i\000o\000n\000s}{chapter.22}% 135
\BOOKMARK [1][-]{section.22.2}{\376\377\000K\000o\000s\000z\000u\000l\000\040\000C\000o\000n\000n\000e\000c\000t\000i\000o\000n\000s}{chapter.22}% 136
\BOOKMARK [0][-]{chapter.23}{\376\377\000S\000e\000m\000i\000-\000R\000i\000e\000m\000a\000n\000n\000i\000a\000n\000\040\000G\000e\000o\000m\000e\000t\000r\000y}{part.6}% 137
\BOOKMARK [1][-]{section.23.1}{\376\377\000M\000e\000t\000r\000i\000c\000\040\000T\000e\000n\000s\000o\000r\000s}{chapter.23}% 138
\BOOKMARK [1][-]{section.23.2}{\376\377\000C\000u\000r\000v\000a\000t\000u\000r\000e}{chapter.23}% 139
\BOOKMARK [0][-]{chapter.24}{\376\377\000R\000i\000e\000m\000a\000n\000n\000i\000a\000n\000\040\000G\000e\000o\000m\000e\000t\000r\000y}{part.6}% 140
\BOOKMARK [0][-]{chapter.25}{\376\377\000S\000y\000m\000p\000l\000e\000c\000t\000i\000c\000\040\000G\000e\000o\000m\000e\000t\000r\000y}{part.6}% 141
\BOOKMARK [1][-]{section.25.1}{\376\377\000T\000O\000D\000O}{chapter.25}% 142
\BOOKMARK [1][-]{section.25.2}{\376\377\000S\000y\000m\000p\000l\000e\000c\000t\000i\000c\000\040\000M\000a\000n\000i\000f\000o\000l\000d\000s}{chapter.25}% 143
\BOOKMARK [0][-]{chapter.26}{\376\377\000E\000x\000t\000r\000a}{part.6}% 144
\BOOKMARK [1][-]{section.26.1}{\376\377\000I\000n\000t\000e\000g\000r\000a\000t\000i\000o\000n\000\040\000o\000f\000\040\000D\000i\000f\000f\000e\000r\000e\000n\000t\000i\000a\000l\000\040\000F\000o\000r\000m\000s}{chapter.26}% 145
\BOOKMARK [0][-]{appendix*.5}{\376\377\000S\000u\000m\000m\000a\000t\000i\000o\000n}{part.6}% 146
\BOOKMARK [0][-]{appendix*.6}{\376\377\000A\000s\000y\000m\000p\000t\000o\000t\000i\000c\000\040\000N\000o\000t\000a\000t\000i\000o\000n}{part.6}% 147
