\BOOKMARK [1][-]{section*.2}{Preface}{}% 1
\BOOKMARK [1][-]{section.1}{1. The Darboux Integral}{}% 2
\BOOKMARK [2][-]{subsection.1.1}{1.1. Definition and Properties}{section.1}% 3
\BOOKMARK [1][-]{section.2}{2. Measures}{}% 4
\BOOKMARK [2][-]{subsection.2.1}{2.1. Limits of Sets}{section.2}% 5
\BOOKMARK [2][-]{subsection.2.2}{2.2. Classes of sets}{section.2}% 6
\BOOKMARK [2][-]{subsection.2.3}{2.3. Measures}{section.2}% 7
\BOOKMARK [2][-]{subsection.2.4}{2.4. Outer Measures}{section.2}% 8
\BOOKMARK [2][-]{subsection.2.5}{2.5. Product Measures}{section.2}% 9
\BOOKMARK [1][-]{section.3}{3. The Lebesgue Integral}{}% 10
\BOOKMARK [2][-]{subsection.3.1}{3.1. Measurable Functions}{section.3}% 11
\BOOKMARK [2][-]{subsection.3.2}{3.2. Integration of Nonnegative Functions}{section.3}% 12
\BOOKMARK [2][-]{subsection.3.3}{3.3. Integration of Complex Valued Functions}{section.3}% 13
\BOOKMARK [2][-]{subsection.3.4}{3.4. Integration on Product Spaces}{section.3}% 14
\BOOKMARK [2][-]{subsection.3.5}{3.5. Modes of Convergence}{section.3}% 15
\BOOKMARK [1][-]{section.4}{4. Signed and Complex Measures}{}% 16
\BOOKMARK [2][-]{subsection.4.1}{4.1. Signed Measures}{section.4}% 17
\BOOKMARK [2][-]{subsection.4.2}{4.2. Complex Measures}{section.4}% 18
\BOOKMARK [2][-]{subsection.4.3}{4.3. Weak Convergence of Measures}{section.4}% 19
\BOOKMARK [1][-]{section.5}{5. Applications to Differentiation}{}% 20
\BOOKMARK [2][-]{subsection.5.1}{5.1. Differentiation on Rn}{section.5}% 21
\BOOKMARK [2][-]{subsection.5.2}{5.2. Functions of Bounded Variation}{section.5}% 22
\BOOKMARK [2][-]{subsection.5.3}{5.3. Weak Differentiation}{section.5}% 23
\BOOKMARK [1][-]{section.6}{6. Lp Spaces}{}% 24
\BOOKMARK [2][-]{subsection.6.1}{6.1. Introduction}{section.6}% 25
\BOOKMARK [1][-]{section.7}{7. Radon Measures}{}% 26
\BOOKMARK [2][-]{subsection.7.1}{7.1. Introduction}{section.7}% 27
\BOOKMARK [2][-]{subsection.7.2}{7.2. Representation Theorems}{section.7}% 28
\BOOKMARK [1][-]{section.8}{8. Haar Measure}{}% 29
\BOOKMARK [2][-]{subsection.8.1}{8.1. Introduction}{section.8}% 30
\BOOKMARK [2][-]{subsection.8.2}{8.2. Fundamental Examples}{section.8}% 31
\BOOKMARK [2][-]{subsection.8.3}{8.3. Action on Measures}{section.8}% 32
\BOOKMARK [1][-]{section.9}{9. Hausdorff Measure}{}% 33
\BOOKMARK [2][-]{subsection.9.1}{9.1. Introduction}{section.9}% 34
\BOOKMARK [2][-]{subsection.9.2}{9.2. Hausdorff Measure on Smooth Manifolds}{section.9}% 35
\BOOKMARK [2][-]{subsection.9.3}{9.3. Induced Measures on Isometric Orbit Spaces}{section.9}% 36
\BOOKMARK [1][-]{section.10}{10. The Bochner Integral}{}% 37
\BOOKMARK [2][-]{subsection.10.1}{10.1. Introduction}{section.10}% 38
\BOOKMARK [2][-]{subsection.10.2}{10.2. Applications to Hilbert Spaces}{section.10}% 39
\BOOKMARK [1][-]{section.11}{11. Appendix}{}% 40
\BOOKMARK [2][-]{subsection.11.1}{11.1. Summation}{section.11}% 41
\BOOKMARK [1][-]{section*.3}{References}{}% 42
