This is pdfTeX, Version 3.141592653-2.6-1.40.22 (TeX Live 2022/dev/Debian) (preloaded format=pdflatex 2023.1.16)  25 MAR 2023 19:51
entering extended mode
 restricted \write18 enabled.
 %&-line parsing enabled.
**"Introduction to Measure and Integration.tex"
(./Introduction to Measure and Integration.tex
LaTeX2e <2021-11-15> patch level 1
L3 programming layer <2022-01-21>
(/usr/share/texlive/texmf-dist/tex/latex/amscls/amsart.cls
Document Class: amsart 2020/05/29 v2.20.6
\linespacing=\dimen138
\normalparindent=\dimen139
\normaltopskip=\skip47
(/usr/share/texlive/texmf-dist/tex/latex/amsmath/amsmath.sty
Package: amsmath 2021/10/15 v2.17l AMS math features
\@mathmargin=\skip48

For additional information on amsmath, use the `?' option.
(/usr/share/texlive/texmf-dist/tex/latex/amsmath/amstext.sty
Package: amstext 2021/08/26 v2.01 AMS text

(/usr/share/texlive/texmf-dist/tex/latex/amsmath/amsgen.sty
File: amsgen.sty 1999/11/30 v2.0 generic functions
\@emptytoks=\toks16
\ex@=\dimen140
))
(/usr/share/texlive/texmf-dist/tex/latex/amsmath/amsbsy.sty
Package: amsbsy 1999/11/29 v1.2d Bold Symbols
\pmbraise@=\dimen141
)
(/usr/share/texlive/texmf-dist/tex/latex/amsmath/amsopn.sty
Package: amsopn 2021/08/26 v2.02 operator names
)
\inf@bad=\count185
LaTeX Info: Redefining \frac on input line 234.
\uproot@=\count186
\leftroot@=\count187
LaTeX Info: Redefining \overline on input line 399.
\classnum@=\count188
\DOTSCASE@=\count189
LaTeX Info: Redefining \ldots on input line 496.
LaTeX Info: Redefining \dots on input line 499.
LaTeX Info: Redefining \cdots on input line 620.
\Mathstrutbox@=\box50
\strutbox@=\box51
\big@size=\dimen142
LaTeX Font Info:    Redeclaring font encoding OML on input line 743.
LaTeX Font Info:    Redeclaring font encoding OMS on input line 744.
\macc@depth=\count190
\c@MaxMatrixCols=\count191
\dotsspace@=\muskip16
\c@parentequation=\count192
\dspbrk@lvl=\count193
\tag@help=\toks17
\row@=\count194
\column@=\count195
\maxfields@=\count196
\andhelp@=\toks18
\eqnshift@=\dimen143
\alignsep@=\dimen144
\tagshift@=\dimen145
\tagwidth@=\dimen146
\totwidth@=\dimen147
\lineht@=\dimen148
\@envbody=\toks19
\multlinegap=\skip49
\multlinetaggap=\skip50
\mathdisplay@stack=\toks20
LaTeX Info: Redefining \[ on input line 2938.
LaTeX Info: Redefining \] on input line 2939.
)
LaTeX Font Info:    Trying to load font information for U+msa on input line 397
.

(/usr/share/texlive/texmf-dist/tex/latex/amsfonts/umsa.fd
File: umsa.fd 2013/01/14 v3.01 AMS symbols A
)
(/usr/share/texlive/texmf-dist/tex/latex/amsfonts/amsfonts.sty
Package: amsfonts 2013/01/14 v3.01 Basic AMSFonts support
\symAMSa=\mathgroup4
\symAMSb=\mathgroup5
LaTeX Font Info:    Redeclaring math symbol \hbar on input line 98.
LaTeX Font Info:    Overwriting math alphabet `\mathfrak' in version `bold'
(Font)                  U/euf/m/n --> U/euf/b/n on input line 106.
)
\copyins=\insert199
\abstractbox=\box52
\listisep=\skip51
\c@part=\count197
\c@section=\count198
\c@subsection=\count266
\c@subsubsection=\count267
\c@paragraph=\count268
\c@subparagraph=\count269
\c@figure=\count270
\c@table=\count271
\abovecaptionskip=\skip52
\belowcaptionskip=\skip53
\captionindent=\dimen149
\thm@style=\toks21
\thm@bodyfont=\toks22
\thm@headfont=\toks23
\thm@notefont=\toks24
\thm@headpunct=\toks25
\thm@preskip=\skip54
\thm@postskip=\skip55
\thm@headsep=\skip56
\dth@everypar=\toks26
)
(/usr/share/texlive/texmf-dist/tex/latex/geometry/geometry.sty
Package: geometry 2020/01/02 v5.9 Page Geometry

(/usr/share/texlive/texmf-dist/tex/latex/graphics/keyval.sty
Package: keyval 2014/10/28 v1.15 key=value parser (DPC)
\KV@toks@=\toks27
)
(/usr/share/texlive/texmf-dist/tex/generic/iftex/ifvtex.sty
Package: ifvtex 2019/10/25 v1.7 ifvtex legacy package. Use iftex instead.

(/usr/share/texlive/texmf-dist/tex/generic/iftex/iftex.sty
Package: iftex 2020/03/06 v1.0d TeX engine tests
))
\Gm@cnth=\count272
\Gm@cntv=\count273
\c@Gm@tempcnt=\count274
\Gm@bindingoffset=\dimen150
\Gm@wd@mp=\dimen151
\Gm@odd@mp=\dimen152
\Gm@even@mp=\dimen153
\Gm@layoutwidth=\dimen154
\Gm@layoutheight=\dimen155
\Gm@layouthoffset=\dimen156
\Gm@layoutvoffset=\dimen157
\Gm@dimlist=\toks28
)
(/usr/share/texlive/texmf-dist/tex/latex/amsfonts/amssymb.sty
Package: amssymb 2013/01/14 v3.01 AMS font symbols
)
(/usr/share/texlive/texmf-dist/tex/latex/setspace/setspace.sty
Package: setspace 2011/12/19 v6.7a set line spacing
)
(/usr/share/texlive/texmf-dist/tex/latex/mathtools/mathtools.sty
Package: mathtools 2021/02/02 v1.28 mathematical typesetting tools

(/usr/share/texlive/texmf-dist/tex/latex/tools/calc.sty
Package: calc 2017/05/25 v4.3 Infix arithmetic (KKT,FJ)
\calc@Acount=\count275
\calc@Bcount=\count276
\calc@Adimen=\dimen158
\calc@Bdimen=\dimen159
\calc@Askip=\skip57
\calc@Bskip=\skip58
LaTeX Info: Redefining \setlength on input line 80.
LaTeX Info: Redefining \addtolength on input line 81.
\calc@Ccount=\count277
\calc@Cskip=\skip59
)
(/usr/share/texlive/texmf-dist/tex/latex/mathtools/mhsetup.sty
Package: mhsetup 2021/03/18 v1.4 programming setup (MH)
)
\g_MT_multlinerow_int=\count278
\l_MT_multwidth_dim=\dimen160
\origjot=\skip60
\l_MT_shortvdotswithinadjustabove_dim=\dimen161
\l_MT_shortvdotswithinadjustbelow_dim=\dimen162
\l_MT_above_intertext_sep=\dimen163
\l_MT_below_intertext_sep=\dimen164
\l_MT_above_shortintertext_sep=\dimen165
\l_MT_below_shortintertext_sep=\dimen166
\xmathstrut@box=\box53
\xmathstrut@dim=\dimen167
)
(/usr/share/texlive/texmf-dist/tex/latex/tikz-cd/tikz-cd.sty
Package: tikz-cd 2021/05/04 v1.0 Commutative diagrams with TikZ

(/usr/share/texlive/texmf-dist/tex/latex/pgf/frontendlayer/tikz.sty
(/usr/share/texlive/texmf-dist/tex/latex/pgf/basiclayer/pgf.sty
(/usr/share/texlive/texmf-dist/tex/latex/pgf/utilities/pgfrcs.sty
(/usr/share/texlive/texmf-dist/tex/generic/pgf/utilities/pgfutil-common.tex
\pgfutil@everybye=\toks29
\pgfutil@tempdima=\dimen168
\pgfutil@tempdimb=\dimen169

(/usr/share/texlive/texmf-dist/tex/generic/pgf/utilities/pgfutil-common-lists.t
ex)) (/usr/share/texlive/texmf-dist/tex/generic/pgf/utilities/pgfutil-latex.def
\pgfutil@abb=\box54
) (/usr/share/texlive/texmf-dist/tex/generic/pgf/utilities/pgfrcs.code.tex
(/usr/share/texlive/texmf-dist/tex/generic/pgf/pgf.revision.tex)
Package: pgfrcs 2021/05/15 v3.1.9a (3.1.9a)
))
Package: pgf 2021/05/15 v3.1.9a (3.1.9a)

(/usr/share/texlive/texmf-dist/tex/latex/pgf/basiclayer/pgfcore.sty
(/usr/share/texlive/texmf-dist/tex/latex/graphics/graphicx.sty
Package: graphicx 2021/09/16 v1.2d Enhanced LaTeX Graphics (DPC,SPQR)

(/usr/share/texlive/texmf-dist/tex/latex/graphics/graphics.sty
Package: graphics 2021/03/04 v1.4d Standard LaTeX Graphics (DPC,SPQR)

(/usr/share/texlive/texmf-dist/tex/latex/graphics/trig.sty
Package: trig 2021/08/11 v1.11 sin cos tan (DPC)
)
(/usr/share/texlive/texmf-dist/tex/latex/graphics-cfg/graphics.cfg
File: graphics.cfg 2016/06/04 v1.11 sample graphics configuration
)
Package graphics Info: Driver file: pdftex.def on input line 107.

(/usr/share/texlive/texmf-dist/tex/latex/graphics-def/pdftex.def
File: pdftex.def 2020/10/05 v1.2a Graphics/color driver for pdftex
))
\Gin@req@height=\dimen170
\Gin@req@width=\dimen171
)
(/usr/share/texlive/texmf-dist/tex/latex/pgf/systemlayer/pgfsys.sty
(/usr/share/texlive/texmf-dist/tex/generic/pgf/systemlayer/pgfsys.code.tex
Package: pgfsys 2021/05/15 v3.1.9a (3.1.9a)

(/usr/share/texlive/texmf-dist/tex/generic/pgf/utilities/pgfkeys.code.tex
\pgfkeys@pathtoks=\toks30
\pgfkeys@temptoks=\toks31

(/usr/share/texlive/texmf-dist/tex/generic/pgf/utilities/pgfkeysfiltered.code.t
ex
\pgfkeys@tmptoks=\toks32
))
\pgf@x=\dimen172
\pgf@y=\dimen173
\pgf@xa=\dimen174
\pgf@ya=\dimen175
\pgf@xb=\dimen176
\pgf@yb=\dimen177
\pgf@xc=\dimen178
\pgf@yc=\dimen179
\pgf@xd=\dimen180
\pgf@yd=\dimen181
\w@pgf@writea=\write3
\r@pgf@reada=\read2
\c@pgf@counta=\count279
\c@pgf@countb=\count280
\c@pgf@countc=\count281
\c@pgf@countd=\count282
\t@pgf@toka=\toks33
\t@pgf@tokb=\toks34
\t@pgf@tokc=\toks35
\pgf@sys@id@count=\count283
 (/usr/share/texlive/texmf-dist/tex/generic/pgf/systemlayer/pgf.cfg
File: pgf.cfg 2021/05/15 v3.1.9a (3.1.9a)
)
Driver file for pgf: pgfsys-pdftex.def

(/usr/share/texlive/texmf-dist/tex/generic/pgf/systemlayer/pgfsys-pdftex.def
File: pgfsys-pdftex.def 2021/05/15 v3.1.9a (3.1.9a)

(/usr/share/texlive/texmf-dist/tex/generic/pgf/systemlayer/pgfsys-common-pdf.de
f
File: pgfsys-common-pdf.def 2021/05/15 v3.1.9a (3.1.9a)
)))
(/usr/share/texlive/texmf-dist/tex/generic/pgf/systemlayer/pgfsyssoftpath.code.
tex
File: pgfsyssoftpath.code.tex 2021/05/15 v3.1.9a (3.1.9a)
\pgfsyssoftpath@smallbuffer@items=\count284
\pgfsyssoftpath@bigbuffer@items=\count285
)
(/usr/share/texlive/texmf-dist/tex/generic/pgf/systemlayer/pgfsysprotocol.code.
tex
File: pgfsysprotocol.code.tex 2021/05/15 v3.1.9a (3.1.9a)
)) (/usr/share/texlive/texmf-dist/tex/latex/xcolor/xcolor.sty
Package: xcolor 2021/10/31 v2.13 LaTeX color extensions (UK)

(/usr/share/texlive/texmf-dist/tex/latex/graphics-cfg/color.cfg
File: color.cfg 2016/01/02 v1.6 sample color configuration
)
Package xcolor Info: Driver file: pdftex.def on input line 227.
Package xcolor Info: Model `cmy' substituted by `cmy0' on input line 1352.
Package xcolor Info: Model `hsb' substituted by `rgb' on input line 1356.
Package xcolor Info: Model `RGB' extended on input line 1368.
Package xcolor Info: Model `HTML' substituted by `rgb' on input line 1370.
Package xcolor Info: Model `Hsb' substituted by `hsb' on input line 1371.
Package xcolor Info: Model `tHsb' substituted by `hsb' on input line 1372.
Package xcolor Info: Model `HSB' substituted by `hsb' on input line 1373.
Package xcolor Info: Model `Gray' substituted by `gray' on input line 1374.
Package xcolor Info: Model `wave' substituted by `hsb' on input line 1375.
)
(/usr/share/texlive/texmf-dist/tex/generic/pgf/basiclayer/pgfcore.code.tex
Package: pgfcore 2021/05/15 v3.1.9a (3.1.9a)

(/usr/share/texlive/texmf-dist/tex/generic/pgf/math/pgfmath.code.tex
(/usr/share/texlive/texmf-dist/tex/generic/pgf/math/pgfmathcalc.code.tex
(/usr/share/texlive/texmf-dist/tex/generic/pgf/math/pgfmathutil.code.tex)
(/usr/share/texlive/texmf-dist/tex/generic/pgf/math/pgfmathparser.code.tex
\pgfmath@dimen=\dimen182
\pgfmath@count=\count286
\pgfmath@box=\box55
\pgfmath@toks=\toks36
\pgfmath@stack@operand=\toks37
\pgfmath@stack@operation=\toks38
)
(/usr/share/texlive/texmf-dist/tex/generic/pgf/math/pgfmathfunctions.code.tex
(/usr/share/texlive/texmf-dist/tex/generic/pgf/math/pgfmathfunctions.basic.code
.tex)
(/usr/share/texlive/texmf-dist/tex/generic/pgf/math/pgfmathfunctions.trigonomet
ric.code.tex)
(/usr/share/texlive/texmf-dist/tex/generic/pgf/math/pgfmathfunctions.random.cod
e.tex)
(/usr/share/texlive/texmf-dist/tex/generic/pgf/math/pgfmathfunctions.comparison
.code.tex)
(/usr/share/texlive/texmf-dist/tex/generic/pgf/math/pgfmathfunctions.base.code.
tex)
(/usr/share/texlive/texmf-dist/tex/generic/pgf/math/pgfmathfunctions.round.code
.tex)
(/usr/share/texlive/texmf-dist/tex/generic/pgf/math/pgfmathfunctions.misc.code.
tex)
(/usr/share/texlive/texmf-dist/tex/generic/pgf/math/pgfmathfunctions.integerari
thmetics.code.tex)))
(/usr/share/texlive/texmf-dist/tex/generic/pgf/math/pgfmathfloat.code.tex
\c@pgfmathroundto@lastzeros=\count287
))
(/usr/share/texlive/texmf-dist/tex/generic/pgf/math/pgfint.code.tex)
(/usr/share/texlive/texmf-dist/tex/generic/pgf/basiclayer/pgfcorepoints.code.te
x
File: pgfcorepoints.code.tex 2021/05/15 v3.1.9a (3.1.9a)
\pgf@picminx=\dimen183
\pgf@picmaxx=\dimen184
\pgf@picminy=\dimen185
\pgf@picmaxy=\dimen186
\pgf@pathminx=\dimen187
\pgf@pathmaxx=\dimen188
\pgf@pathminy=\dimen189
\pgf@pathmaxy=\dimen190
\pgf@xx=\dimen191
\pgf@xy=\dimen192
\pgf@yx=\dimen193
\pgf@yy=\dimen194
\pgf@zx=\dimen195
\pgf@zy=\dimen196
)
(/usr/share/texlive/texmf-dist/tex/generic/pgf/basiclayer/pgfcorepathconstruct.
code.tex
File: pgfcorepathconstruct.code.tex 2021/05/15 v3.1.9a (3.1.9a)
\pgf@path@lastx=\dimen197
\pgf@path@lasty=\dimen198
)
(/usr/share/texlive/texmf-dist/tex/generic/pgf/basiclayer/pgfcorepathusage.code
.tex
File: pgfcorepathusage.code.tex 2021/05/15 v3.1.9a (3.1.9a)
\pgf@shorten@end@additional=\dimen256
\pgf@shorten@start@additional=\dimen257
)
(/usr/share/texlive/texmf-dist/tex/generic/pgf/basiclayer/pgfcorescopes.code.te
x
File: pgfcorescopes.code.tex 2021/05/15 v3.1.9a (3.1.9a)
\pgfpic=\box56
\pgf@hbox=\box57
\pgf@layerbox@main=\box58
\pgf@picture@serial@count=\count288
)
(/usr/share/texlive/texmf-dist/tex/generic/pgf/basiclayer/pgfcoregraphicstate.c
ode.tex
File: pgfcoregraphicstate.code.tex 2021/05/15 v3.1.9a (3.1.9a)
\pgflinewidth=\dimen258
)
(/usr/share/texlive/texmf-dist/tex/generic/pgf/basiclayer/pgfcoretransformation
s.code.tex
File: pgfcoretransformations.code.tex 2021/05/15 v3.1.9a (3.1.9a)
\pgf@pt@x=\dimen259
\pgf@pt@y=\dimen260
\pgf@pt@temp=\dimen261
)
(/usr/share/texlive/texmf-dist/tex/generic/pgf/basiclayer/pgfcorequick.code.tex
File: pgfcorequick.code.tex 2021/05/15 v3.1.9a (3.1.9a)
)
(/usr/share/texlive/texmf-dist/tex/generic/pgf/basiclayer/pgfcoreobjects.code.t
ex
File: pgfcoreobjects.code.tex 2021/05/15 v3.1.9a (3.1.9a)
)
(/usr/share/texlive/texmf-dist/tex/generic/pgf/basiclayer/pgfcorepathprocessing
.code.tex
File: pgfcorepathprocessing.code.tex 2021/05/15 v3.1.9a (3.1.9a)
)
(/usr/share/texlive/texmf-dist/tex/generic/pgf/basiclayer/pgfcorearrows.code.te
x
File: pgfcorearrows.code.tex 2021/05/15 v3.1.9a (3.1.9a)
\pgfarrowsep=\dimen262
)
(/usr/share/texlive/texmf-dist/tex/generic/pgf/basiclayer/pgfcoreshade.code.tex
File: pgfcoreshade.code.tex 2021/05/15 v3.1.9a (3.1.9a)
\pgf@max=\dimen263
\pgf@sys@shading@range@num=\count289
\pgf@shadingcount=\count290
)
(/usr/share/texlive/texmf-dist/tex/generic/pgf/basiclayer/pgfcoreimage.code.tex
File: pgfcoreimage.code.tex 2021/05/15 v3.1.9a (3.1.9a)

(/usr/share/texlive/texmf-dist/tex/generic/pgf/basiclayer/pgfcoreexternal.code.
tex
File: pgfcoreexternal.code.tex 2021/05/15 v3.1.9a (3.1.9a)
\pgfexternal@startupbox=\box59
))
(/usr/share/texlive/texmf-dist/tex/generic/pgf/basiclayer/pgfcorelayers.code.te
x
File: pgfcorelayers.code.tex 2021/05/15 v3.1.9a (3.1.9a)
)
(/usr/share/texlive/texmf-dist/tex/generic/pgf/basiclayer/pgfcoretransparency.c
ode.tex
File: pgfcoretransparency.code.tex 2021/05/15 v3.1.9a (3.1.9a)
)
(/usr/share/texlive/texmf-dist/tex/generic/pgf/basiclayer/pgfcorepatterns.code.
tex
File: pgfcorepatterns.code.tex 2021/05/15 v3.1.9a (3.1.9a)
)
(/usr/share/texlive/texmf-dist/tex/generic/pgf/basiclayer/pgfcorerdf.code.tex
File: pgfcorerdf.code.tex 2021/05/15 v3.1.9a (3.1.9a)
)))
(/usr/share/texlive/texmf-dist/tex/generic/pgf/modules/pgfmoduleshapes.code.tex
File: pgfmoduleshapes.code.tex 2021/05/15 v3.1.9a (3.1.9a)
\pgfnodeparttextbox=\box60
) (/usr/share/texlive/texmf-dist/tex/generic/pgf/modules/pgfmoduleplot.code.tex
File: pgfmoduleplot.code.tex 2021/05/15 v3.1.9a (3.1.9a)
)
(/usr/share/texlive/texmf-dist/tex/latex/pgf/compatibility/pgfcomp-version-0-65
.sty
Package: pgfcomp-version-0-65 2021/05/15 v3.1.9a (3.1.9a)
\pgf@nodesepstart=\dimen264
\pgf@nodesepend=\dimen265
)
(/usr/share/texlive/texmf-dist/tex/latex/pgf/compatibility/pgfcomp-version-1-18
.sty
Package: pgfcomp-version-1-18 2021/05/15 v3.1.9a (3.1.9a)
)) (/usr/share/texlive/texmf-dist/tex/latex/pgf/utilities/pgffor.sty
(/usr/share/texlive/texmf-dist/tex/latex/pgf/utilities/pgfkeys.sty
(/usr/share/texlive/texmf-dist/tex/generic/pgf/utilities/pgfkeys.code.tex))
(/usr/share/texlive/texmf-dist/tex/latex/pgf/math/pgfmath.sty
(/usr/share/texlive/texmf-dist/tex/generic/pgf/math/pgfmath.code.tex))
(/usr/share/texlive/texmf-dist/tex/generic/pgf/utilities/pgffor.code.tex
Package: pgffor 2021/05/15 v3.1.9a (3.1.9a)

(/usr/share/texlive/texmf-dist/tex/generic/pgf/math/pgfmath.code.tex)
\pgffor@iter=\dimen266
\pgffor@skip=\dimen267
\pgffor@stack=\toks39
\pgffor@toks=\toks40
))
(/usr/share/texlive/texmf-dist/tex/generic/pgf/frontendlayer/tikz/tikz.code.tex
Package: tikz 2021/05/15 v3.1.9a (3.1.9a)

(/usr/share/texlive/texmf-dist/tex/generic/pgf/libraries/pgflibraryplothandlers
.code.tex
File: pgflibraryplothandlers.code.tex 2021/05/15 v3.1.9a (3.1.9a)
\pgf@plot@mark@count=\count291
\pgfplotmarksize=\dimen268
)
\tikz@lastx=\dimen269
\tikz@lasty=\dimen270
\tikz@lastxsaved=\dimen271
\tikz@lastysaved=\dimen272
\tikz@lastmovetox=\dimen273
\tikz@lastmovetoy=\dimen274
\tikzleveldistance=\dimen275
\tikzsiblingdistance=\dimen276
\tikz@figbox=\box61
\tikz@figbox@bg=\box62
\tikz@tempbox=\box63
\tikz@tempbox@bg=\box64
\tikztreelevel=\count292
\tikznumberofchildren=\count293
\tikznumberofcurrentchild=\count294
\tikz@fig@count=\count295

(/usr/share/texlive/texmf-dist/tex/generic/pgf/modules/pgfmodulematrix.code.tex
File: pgfmodulematrix.code.tex 2021/05/15 v3.1.9a (3.1.9a)
\pgfmatrixcurrentrow=\count296
\pgfmatrixcurrentcolumn=\count297
\pgf@matrix@numberofcolumns=\count298
)
\tikz@expandcount=\count299

(/usr/share/texlive/texmf-dist/tex/generic/pgf/frontendlayer/tikz/libraries/tik
zlibrarytopaths.code.tex
File: tikzlibrarytopaths.code.tex 2021/05/15 v3.1.9a (3.1.9a)
)))
(/usr/share/texlive/texmf-dist/tex/generic/tikz-cd/tikzlibrarycd.code.tex
(/usr/share/texlive/texmf-dist/tex/generic/pgf/frontendlayer/tikz/libraries/tik
zlibrarymatrix.code.tex
File: tikzlibrarymatrix.code.tex 2021/05/15 v3.1.9a (3.1.9a)
)
(/usr/share/texlive/texmf-dist/tex/generic/pgf/frontendlayer/tikz/libraries/tik
zlibraryquotes.code.tex
File: tikzlibraryquotes.code.tex 2021/05/15 v3.1.9a (3.1.9a)
)
(/usr/share/texlive/texmf-dist/tex/generic/pgf/libraries/pgflibraryarrows.meta.
code.tex
File: pgflibraryarrows.meta.code.tex 2021/05/15 v3.1.9a (3.1.9a)
\pgfarrowinset=\dimen277
\pgfarrowlength=\dimen278
\pgfarrowwidth=\dimen279
\pgfarrowlinewidth=\dimen280
))) (/usr/share/texlive/texmf-dist/tex/latex/hyperref/hyperref.sty
Package: hyperref 2021-06-07 v7.00m Hypertext links for LaTeX

(/usr/share/texlive/texmf-dist/tex/generic/ltxcmds/ltxcmds.sty
Package: ltxcmds 2020-05-10 v1.25 LaTeX kernel commands for general use (HO)
)
(/usr/share/texlive/texmf-dist/tex/generic/pdftexcmds/pdftexcmds.sty
Package: pdftexcmds 2020-06-27 v0.33 Utility functions of pdfTeX for LuaTeX (HO
)

(/usr/share/texlive/texmf-dist/tex/generic/infwarerr/infwarerr.sty
Package: infwarerr 2019/12/03 v1.5 Providing info/warning/error messages (HO)
)
Package pdftexcmds Info: \pdf@primitive is available.
Package pdftexcmds Info: \pdf@ifprimitive is available.
Package pdftexcmds Info: \pdfdraftmode found.
)
(/usr/share/texlive/texmf-dist/tex/generic/kvsetkeys/kvsetkeys.sty
Package: kvsetkeys 2019/12/15 v1.18 Key value parser (HO)
)
(/usr/share/texlive/texmf-dist/tex/generic/kvdefinekeys/kvdefinekeys.sty
Package: kvdefinekeys 2019-12-19 v1.6 Define keys (HO)
)
(/usr/share/texlive/texmf-dist/tex/generic/pdfescape/pdfescape.sty
Package: pdfescape 2019/12/09 v1.15 Implements pdfTeX's escape features (HO)
)
(/usr/share/texlive/texmf-dist/tex/latex/hycolor/hycolor.sty
Package: hycolor 2020-01-27 v1.10 Color options for hyperref/bookmark (HO)
)
(/usr/share/texlive/texmf-dist/tex/latex/letltxmacro/letltxmacro.sty
Package: letltxmacro 2019/12/03 v1.6 Let assignment for LaTeX macros (HO)
)
(/usr/share/texlive/texmf-dist/tex/latex/auxhook/auxhook.sty
Package: auxhook 2019-12-17 v1.6 Hooks for auxiliary files (HO)
)
(/usr/share/texlive/texmf-dist/tex/latex/kvoptions/kvoptions.sty
Package: kvoptions 2020-10-07 v3.14 Key value format for package options (HO)
)
\@linkdim=\dimen281
\Hy@linkcounter=\count300
\Hy@pagecounter=\count301

(/usr/share/texlive/texmf-dist/tex/latex/hyperref/pd1enc.def
File: pd1enc.def 2021-06-07 v7.00m Hyperref: PDFDocEncoding definition (HO)
Now handling font encoding PD1 ...
... no UTF-8 mapping file for font encoding PD1
)
(/usr/share/texlive/texmf-dist/tex/latex/hyperref/hyperref-langpatches.def
File: hyperref-langpatches.def 2021-06-07 v7.00m Hyperref: patches for babel la
nguages
)
(/usr/share/texlive/texmf-dist/tex/generic/intcalc/intcalc.sty
Package: intcalc 2019/12/15 v1.3 Expandable calculations with integers (HO)
)
(/usr/share/texlive/texmf-dist/tex/generic/etexcmds/etexcmds.sty
Package: etexcmds 2019/12/15 v1.7 Avoid name clashes with e-TeX commands (HO)
)
\Hy@SavedSpaceFactor=\count302

(/usr/share/texlive/texmf-dist/tex/latex/hyperref/puenc.def
File: puenc.def 2021-06-07 v7.00m Hyperref: PDF Unicode definition (HO)
Now handling font encoding PU ...
... no UTF-8 mapping file for font encoding PU
)
Package hyperref Info: Hyper figures OFF on input line 4192.
Package hyperref Info: Link nesting OFF on input line 4197.
Package hyperref Info: Hyper index ON on input line 4200.
Package hyperref Info: Plain pages OFF on input line 4207.
Package hyperref Info: Backreferencing OFF on input line 4212.
Package hyperref Info: Implicit mode ON; LaTeX internals redefined.
Package hyperref Info: Bookmarks ON on input line 4445.
\c@Hy@tempcnt=\count303

(/usr/share/texlive/texmf-dist/tex/latex/url/url.sty
\Urlmuskip=\muskip17
Package: url 2013/09/16  ver 3.4  Verb mode for urls, etc.
)
LaTeX Info: Redefining \url on input line 4804.
\XeTeXLinkMargin=\dimen282

(/usr/share/texlive/texmf-dist/tex/generic/bitset/bitset.sty
Package: bitset 2019/12/09 v1.3 Handle bit-vector datatype (HO)

(/usr/share/texlive/texmf-dist/tex/generic/bigintcalc/bigintcalc.sty
Package: bigintcalc 2019/12/15 v1.5 Expandable calculations on big integers (HO
)
))
\Fld@menulength=\count304
\Field@Width=\dimen283
\Fld@charsize=\dimen284
Package hyperref Info: Hyper figures OFF on input line 6076.
Package hyperref Info: Link nesting OFF on input line 6081.
Package hyperref Info: Hyper index ON on input line 6084.
Package hyperref Info: backreferencing OFF on input line 6091.
Package hyperref Info: Link coloring OFF on input line 6096.
Package hyperref Info: Link coloring with OCG OFF on input line 6101.
Package hyperref Info: PDF/A mode OFF on input line 6106.
LaTeX Info: Redefining \ref on input line 6146.
LaTeX Info: Redefining \pageref on input line 6150.

(/usr/share/texlive/texmf-dist/tex/latex/base/atbegshi-ltx.sty
Package: atbegshi-ltx 2021/01/10 v1.0c Emulation of the original atbegshi
package with kernel methods
)
\Hy@abspage=\count305
\c@Item=\count306
\c@Hfootnote=\count307
)
Package hyperref Info: Driver (autodetected): hpdftex.

(/usr/share/texlive/texmf-dist/tex/latex/hyperref/hpdftex.def
File: hpdftex.def 2021-06-07 v7.00m Hyperref driver for pdfTeX

(/usr/share/texlive/texmf-dist/tex/latex/base/atveryend-ltx.sty
Package: atveryend-ltx 2020/08/19 v1.0a Emulation of the original atveryend pac
kage
with kernel methods
)
\Fld@listcount=\count308
\c@bookmark@seq@number=\count309

(/usr/share/texlive/texmf-dist/tex/latex/rerunfilecheck/rerunfilecheck.sty
Package: rerunfilecheck 2019/12/05 v1.9 Rerun checks for auxiliary files (HO)

(/usr/share/texlive/texmf-dist/tex/generic/uniquecounter/uniquecounter.sty
Package: uniquecounter 2019/12/15 v1.4 Provide unlimited unique counter (HO)
)
Package uniquecounter Info: New unique counter `rerunfilecheck' on input line 2
86.
)
\Hy@SectionHShift=\skip61
)
Package hyperref Info: Option `colorlinks' set `true' on input line 13.
\c@definition=\count310

(/usr/share/texlive/texmf-dist/tex/latex/l3backend/l3backend-pdftex.def
File: l3backend-pdftex.def 2022-01-12 L3 backend support: PDF output (pdfTeX)
\l__color_backend_stack_int=\count311
\l__pdf_internal_box=\box65
)
(./Introduction to Measure and Integration.aux

LaTeX Warning: Label `defn:00000' multiply defined.


LaTeX Warning: Label `defn:00000' multiply defined.


LaTeX Warning: Label `ex:00000' multiply defined.


LaTeX Warning: Label `ex:00000' multiply defined.


LaTeX Warning: Label `ex:00000' multiply defined.


LaTeX Warning: Label `ex:00000' multiply defined.


LaTeX Warning: Label `defn:00000' multiply defined.


LaTeX Warning: Label `ex:00000' multiply defined.


LaTeX Warning: Label `ex:00000' multiply defined.


LaTeX Warning: Label `ex:00000' multiply defined.


LaTeX Warning: Label `ex:00000' multiply defined.


LaTeX Warning: Label `defn:00000' multiply defined.


LaTeX Warning: Label `ex:00000' multiply defined.


LaTeX Warning: Label `ex:00000' multiply defined.


LaTeX Warning: Label `ex:00000' multiply defined.


LaTeX Warning: Label `ex:00000' multiply defined.


LaTeX Warning: Label `ex:00000' multiply defined.


LaTeX Warning: Label `ex:00000' multiply defined.


LaTeX Warning: Label `defn:00000' multiply defined.


LaTeX Warning: Label `ex:00000' multiply defined.


LaTeX Warning: Label `defn:00000' multiply defined.


LaTeX Warning: Label `ex:00000' multiply defined.


LaTeX Warning: Label `defn:00000' multiply defined.


LaTeX Warning: Label `ex:00000' multiply defined.


LaTeX Warning: Label `ex:00000' multiply defined.


LaTeX Warning: Label `defn:00000' multiply defined.


LaTeX Warning: Label `defn:00000' multiply defined.


LaTeX Warning: Label `ex:00000' multiply defined.


LaTeX Warning: Label `ex:00000' multiply defined.


LaTeX Warning: Label `defn:00000' multiply defined.


LaTeX Warning: Label `defn:00000' multiply defined.


LaTeX Warning: Label `defn:00000' multiply defined.


LaTeX Warning: Label `ex:00000' multiply defined.


LaTeX Warning: Label `ex:00000' multiply defined.


LaTeX Warning: Label `ex:00000' multiply defined.


LaTeX Warning: Label `defn:' multiply defined.


LaTeX Warning: Label `ex:00000' multiply defined.


LaTeX Warning: Label `defn:00000' multiply defined.


LaTeX Warning: Label `defn:00000' multiply defined.


LaTeX Warning: Label `ex:28003' multiply defined.


LaTeX Warning: Label `defn:00000' multiply defined.


LaTeX Warning: Label `defn:00000' multiply defined.


LaTeX Warning: Label `ex:00000' multiply defined.


LaTeX Warning: Label `ex:00000' multiply defined.


LaTeX Warning: Label `ex:00000' multiply defined.


LaTeX Warning: Label `defn:00000' multiply defined.


LaTeX Warning: Label `ex:00000' multiply defined.


LaTeX Warning: Label `ex:00000' multiply defined.


LaTeX Warning: Label `ex:00000' multiply defined.


LaTeX Warning: Label `ex:00000' multiply defined.


LaTeX Warning: Label `ex:00000' multiply defined.


LaTeX Warning: Label `ex:00000' multiply defined.


LaTeX Warning: Label `ex:00000' multiply defined.


LaTeX Warning: Label `ex:00000' multiply defined.


LaTeX Warning: Label `defn:00000' multiply defined.


LaTeX Warning: Label `defn:00000' multiply defined.


LaTeX Warning: Label `ex:00000' multiply defined.


LaTeX Warning: Label `ex:00000' multiply defined.


LaTeX Warning: Label `ex:00000' multiply defined.


LaTeX Warning: Label `ex:00000' multiply defined.


LaTeX Warning: Label `defn:00000' multiply defined.


LaTeX Warning: Label `defn:00000' multiply defined.


LaTeX Warning: Label `defn:00000' multiply defined.


LaTeX Warning: Label `defn:00000' multiply defined.


LaTeX Warning: Label `defn:00000' multiply defined.


LaTeX Warning: Label `ex:00000' multiply defined.


LaTeX Warning: Label `ex:00000' multiply defined.


LaTeX Warning: Label `ex:00000' multiply defined.


LaTeX Warning: Label `ex:00000' multiply defined.


LaTeX Warning: Label `ex:00000' multiply defined.


LaTeX Warning: Label `ex:00000' multiply defined.


LaTeX Warning: Label `ex:00000' multiply defined.


LaTeX Warning: Label `defn:00000' multiply defined.


LaTeX Warning: Label `defn:00000' multiply defined.


LaTeX Warning: Label `defn:00000' multiply defined.


LaTeX Warning: Label `ex:00000' multiply defined.


LaTeX Warning: Label `ex:00000' multiply defined.


LaTeX Warning: Label `ex:00000' multiply defined.


LaTeX Warning: Label `ex:00000' multiply defined.


LaTeX Warning: Label `ex:00000' multiply defined.


LaTeX Warning: Label `ex:00000' multiply defined.


LaTeX Warning: Label `ex:00000' multiply defined.


LaTeX Warning: Label `ex:00000' multiply defined.


LaTeX Warning: Label `ex:00000' multiply defined.


LaTeX Warning: Label `ex:00000' multiply defined.


LaTeX Warning: Label `ex:00000' multiply defined.


LaTeX Warning: Label `ex:00000' multiply defined.


LaTeX Warning: Label `ex:00000' multiply defined.


LaTeX Warning: Label `defn:00000' multiply defined.


LaTeX Warning: Label `ex:00000' multiply defined.


LaTeX Warning: Label `ex:00000' multiply defined.


LaTeX Warning: Label `ex:00000' multiply defined.


LaTeX Warning: Label `ex:00000' multiply defined.


LaTeX Warning: Label `ex:00000' multiply defined.


LaTeX Warning: Label `defn:00000' multiply defined.


LaTeX Warning: Label `defn:00000' multiply defined.


LaTeX Warning: Label `ex:00000' multiply defined.


LaTeX Warning: Label `ex:00000' multiply defined.


LaTeX Warning: Label `defn:00000' multiply defined.


LaTeX Warning: Label `defn:00000' multiply defined.


LaTeX Warning: Label `defn:00000' multiply defined.


LaTeX Warning: Label `ex:00000' multiply defined.


LaTeX Warning: Label `defn:00000' multiply defined.


LaTeX Warning: Label `ex:00000' multiply defined.


LaTeX Warning: Label `defn:00000' multiply defined.


LaTeX Warning: Label `ex:00000' multiply defined.


LaTeX Warning: Label `defn:00000' multiply defined.


LaTeX Warning: Label `defn:00000' multiply defined.


LaTeX Warning: Label `defn:00000' multiply defined.


LaTeX Warning: Label `ex:00000' multiply defined.


LaTeX Warning: Label `ex:00000' multiply defined.


LaTeX Warning: Label `defn:00000' multiply defined.


LaTeX Warning: Label `ex:00000' multiply defined.


LaTeX Warning: Label `ex:00000' multiply defined.


LaTeX Warning: Label `defn:00000' multiply defined.


LaTeX Warning: Label `defn:00000' multiply defined.


LaTeX Warning: Label `ex:00000' multiply defined.


LaTeX Warning: Label `ex:00000' multiply defined.


LaTeX Warning: Label `ex:00000' multiply defined.


LaTeX Warning: Label `ex:00000' multiply defined.


LaTeX Warning: Label `ex:00000' multiply defined.


LaTeX Warning: Label `defn:00000' multiply defined.


LaTeX Warning: Label `defn:00000' multiply defined.


LaTeX Warning: Label `defn:00000' multiply defined.


LaTeX Warning: Label `ex:00000' multiply defined.


LaTeX Warning: Label `ex:00000' multiply defined.


LaTeX Warning: Label `ex:00000' multiply defined.


LaTeX Warning: Label `ex:00000' multiply defined.


LaTeX Warning: Label `ex:00000' multiply defined.


LaTeX Warning: Label `ex:00000' multiply defined.


LaTeX Warning: Label `ex:00000' multiply defined.


LaTeX Warning: Label `ex:00000' multiply defined.


LaTeX Warning: Label `ex:00000' multiply defined.


LaTeX Warning: Label `defn:00000' multiply defined.


LaTeX Warning: Label `ex:00000' multiply defined.


LaTeX Warning: Label `ex:00000' multiply defined.


LaTeX Warning: Label `ex:00000' multiply defined.


LaTeX Warning: Label `ex:00000' multiply defined.


LaTeX Warning: Label `defn:00000' multiply defined.


LaTeX Warning: Label `defn:00000' multiply defined.


LaTeX Warning: Label `defn:00000' multiply defined.


LaTeX Warning: Label `ex:00000' multiply defined.


LaTeX Warning: Label `defn:00000' multiply defined.


LaTeX Warning: Label `ex:00000' multiply defined.


LaTeX Warning: Label `ex:00000' multiply defined.


LaTeX Warning: Label `ex:00000' multiply defined.


LaTeX Warning: Label `ex:00000' multiply defined.


LaTeX Warning: Label `ex:00000' multiply defined.


LaTeX Warning: Label `ex:00000' multiply defined.


LaTeX Warning: Label `defn:00000' multiply defined.


LaTeX Warning: Label `ex:00000' multiply defined.


LaTeX Warning: Label `ex:00000' multiply defined.


LaTeX Warning: Label `ex:00000' multiply defined.


LaTeX Warning: Label `defn:00000' multiply defined.


LaTeX Warning: Label `ex:00000' multiply defined.


LaTeX Warning: Label `ex:00000' multiply defined.


LaTeX Warning: Label `defn:00000' multiply defined.


LaTeX Warning: Label `ex:00000' multiply defined.


LaTeX Warning: Label `defn:00000' multiply defined.


LaTeX Warning: Label `defn:00000' multiply defined.


LaTeX Warning: Label `defn:00000' multiply defined.


LaTeX Warning: Label `ex:00000' multiply defined.


LaTeX Warning: Label `ex:00000' multiply defined.


LaTeX Warning: Label `ex:00000' multiply defined.


LaTeX Warning: Label `ex:00000' multiply defined.


LaTeX Warning: Label `ex:00000' multiply defined.


LaTeX Warning: Label `ex:00000' multiply defined.


LaTeX Warning: Label `defn:00000' multiply defined.


LaTeX Warning: Label `ex:00000' multiply defined.


LaTeX Warning: Label `defn:00000' multiply defined.


LaTeX Warning: Label `ex:00000' multiply defined.


LaTeX Warning: Label `ex:00000' multiply defined.


LaTeX Warning: Label `ex:00000' multiply defined.


LaTeX Warning: Label `ex:00000' multiply defined.


LaTeX Warning: Label `ex:00000' multiply defined.


LaTeX Warning: Label `ex:00000' multiply defined.


LaTeX Warning: Label `defn:00000' multiply defined.


LaTeX Warning: Label `defn:00000' multiply defined.


LaTeX Warning: Label `ex:00000' multiply defined.


LaTeX Warning: Label `defn:00000' multiply defined.


LaTeX Warning: Label `defn:00000' multiply defined.


LaTeX Warning: Label `ex:00000' multiply defined.


LaTeX Warning: Label `ex:00000' multiply defined.


LaTeX Warning: Label `defn:00000' multiply defined.


LaTeX Warning: Label `ex:00000' multiply defined.


LaTeX Warning: Label `defn:00000' multiply defined.


LaTeX Warning: Label `ex:00000' multiply defined.


LaTeX Warning: Label `ex:00000' multiply defined.


LaTeX Warning: Label `ex:00000' multiply defined.


LaTeX Warning: Label `ex:00000' multiply defined.


LaTeX Warning: Label `ex:00000' multiply defined.


LaTeX Warning: Label `ex:00000' multiply defined.


LaTeX Warning: Label `ex:00000' multiply defined.


LaTeX Warning: Label `defn:00000' multiply defined.


LaTeX Warning: Label `ex:00000' multiply defined.


LaTeX Warning: Label `ex:00000' multiply defined.


LaTeX Warning: Label `ex:00000' multiply defined.


LaTeX Warning: Label `ex:00000' multiply defined.


LaTeX Warning: Label `ex:00000' multiply defined.


LaTeX Warning: Label `ex:00000' multiply defined.


LaTeX Warning: Label `ex:00000' multiply defined.


LaTeX Warning: Label `defn:00000' multiply defined.

)
\openout1 = `"Introduction to Measure and Integration.aux"'.

LaTeX Font Info:    Checking defaults for OML/cmm/m/it on input line 138.
LaTeX Font Info:    ... okay on input line 138.
LaTeX Font Info:    Checking defaults for OMS/cmsy/m/n on input line 138.
LaTeX Font Info:    ... okay on input line 138.
LaTeX Font Info:    Checking defaults for OT1/cmr/m/n on input line 138.
LaTeX Font Info:    ... okay on input line 138.
LaTeX Font Info:    Checking defaults for T1/cmr/m/n on input line 138.
LaTeX Font Info:    ... okay on input line 138.
LaTeX Font Info:    Checking defaults for TS1/cmr/m/n on input line 138.
LaTeX Font Info:    ... okay on input line 138.
LaTeX Font Info:    Checking defaults for OMX/cmex/m/n on input line 138.
LaTeX Font Info:    ... okay on input line 138.
LaTeX Font Info:    Checking defaults for U/cmr/m/n on input line 138.
LaTeX Font Info:    ... okay on input line 138.
LaTeX Font Info:    Checking defaults for PD1/pdf/m/n on input line 138.
LaTeX Font Info:    ... okay on input line 138.
LaTeX Font Info:    Checking defaults for PU/pdf/m/n on input line 138.
LaTeX Font Info:    ... okay on input line 138.
LaTeX Font Info:    Trying to load font information for U+msa on input line 138
.
 (/usr/share/texlive/texmf-dist/tex/latex/amsfonts/umsa.fd
File: umsa.fd 2013/01/14 v3.01 AMS symbols A
)
LaTeX Font Info:    Trying to load font information for U+msb on input line 138
.

(/usr/share/texlive/texmf-dist/tex/latex/amsfonts/umsb.fd
File: umsb.fd 2013/01/14 v3.01 AMS symbols B
)
*geometry* driver: auto-detecting
*geometry* detected driver: pdftex
*geometry* verbose mode - [ preamble ] result:
* driver: pdftex
* paper: <default>
* layout: <same size as paper>
* layoutoffset:(h,v)=(0.0pt,0.0pt)
* modes: twoside 
* h-part:(L,W,R)=(72.26999pt, 469.75502pt, 72.26999pt)
* v-part:(T,H,B)=(72.26999pt, 650.43001pt, 72.26999pt)
* \paperwidth=614.295pt
* \paperheight=794.96999pt
* \textwidth=469.75502pt
* \textheight=650.43001pt
* \oddsidemargin=0.0pt
* \evensidemargin=0.0pt
* \topmargin=-22.0pt
* \headheight=8.0pt
* \headsep=14.0pt
* \topskip=10.0pt
* \footskip=12.0pt
* \marginparwidth=90.0pt
* \marginparsep=11.0pt
* \columnsep=10.0pt
* \skip\footins=7.0pt plus 11.0pt
* \hoffset=0.0pt
* \voffset=0.0pt
* \mag=1000
* \@twocolumnfalse
* \@twosidetrue
* \@mparswitchtrue
* \@reversemarginfalse
* (1in=72.27pt=25.4mm, 1cm=28.453pt)

(/usr/share/texlive/texmf-dist/tex/context/base/mkii/supp-pdf.mkii
[Loading MPS to PDF converter (version 2006.09.02).]
\scratchcounter=\count312
\scratchdimen=\dimen285
\scratchbox=\box66
\nofMPsegments=\count313
\nofMParguments=\count314
\everyMPshowfont=\toks41
\MPscratchCnt=\count315
\MPscratchDim=\dimen286
\MPnumerator=\count316
\makeMPintoPDFobject=\count317
\everyMPtoPDFconversion=\toks42
) (/usr/share/texlive/texmf-dist/tex/latex/epstopdf-pkg/epstopdf-base.sty
Package: epstopdf-base 2020-01-24 v2.11 Base part for package epstopdf
Package epstopdf-base Info: Redefining graphics rule for `.eps' on input line 4
85.

(/usr/share/texlive/texmf-dist/tex/latex/latexconfig/epstopdf-sys.cfg
File: epstopdf-sys.cfg 2010/07/13 v1.3 Configuration of (r)epstopdf for TeX Liv
e
))
Package hyperref Info: Link coloring ON on input line 138.

(/usr/share/texlive/texmf-dist/tex/latex/hyperref/nameref.sty
Package: nameref 2021-04-02 v2.47 Cross-referencing by name of section

(/usr/share/texlive/texmf-dist/tex/latex/refcount/refcount.sty
Package: refcount 2019/12/15 v3.6 Data extraction from label references (HO)
)
(/usr/share/texlive/texmf-dist/tex/generic/gettitlestring/gettitlestring.sty
Package: gettitlestring 2019/12/15 v1.6 Cleanup title references (HO)
)
\c@section@level=\count318
)
LaTeX Info: Redefining \ref on input line 138.
LaTeX Info: Redefining \pageref on input line 138.
LaTeX Info: Redefining \nameref on input line 138.

(./Introduction to Measure and Integration.out)
(./Introduction to Measure and Integration.out)
\@outlinefile=\write4
\openout4 = `"Introduction to Measure and Integration.out"'.


(./Introduction to Measure and Integration.toc [1{/var/lib/texmf/fonts/map/pdft
ex/updmap/pdftex.map}])
\tf@toc=\write5
\openout5 = `"Introduction to Measure and Integration.toc"'.

 [2] [3] [4] [5] [6] [7] [8]
Underfull \vbox (badness 3679) has occurred while \output is active []

 [9]
[10] [11] [12] [13]
Underfull \hbox (badness 10000) in paragraph at lines 696--697

 []


Underfull \hbox (badness 10000) in paragraph at lines 697--698

 []


Underfull \hbox (badness 10000) in paragraph at lines 698--699

 []


Underfull \hbox (badness 10000) in paragraph at lines 699--700

 []


Underfull \hbox (badness 10000) in paragraph at lines 704--705

 []


Underfull \hbox (badness 10000) in paragraph at lines 705--706

 []


Underfull \hbox (badness 10000) in paragraph at lines 706--707

 []


Underfull \hbox (badness 10000) in paragraph at lines 707--708

 []

[14] [15] [16] [17] [18] [19]
Underfull \hbox (badness 10000) in paragraph at lines 1035--1037

 []


Underfull \hbox (badness 10000) in paragraph at lines 1042--1043

 []


Underfull \vbox (badness 2626) has occurred while \output is active []

 [20]
Underfull \hbox (badness 10000) in paragraph at lines 1077--1078

 []


Underfull \hbox (badness 10000) in paragraph at lines 1079--1082

 []


Underfull \hbox (badness 10000) in paragraph at lines 1096--1099

 []


Underfull \hbox (badness 10000) in paragraph at lines 1114--1115

 []

[21] [22] [23] [24] [25] [26] [27] [28] [29] [30] [31] [32] [33] [34] [35]
Overfull \hbox (5.43304pt too wide) in paragraph at lines 1871--1873
\OT1/cmr/m/n/12 Therefore $\OML/cmm/m/it/12 k \OT1/cmr/m/n/12 + 2[]\OML/cmm/m/i
t/12 z[] \OMS/cmsy/m/n/12 2 f\OT1/cmr/m/n/12 0\OML/cmm/m/it/12 ; [] ; \OT1/cmr/
m/n/12 2[] \OMS/cmsy/m/n/12 ^^@ \OT1/cmr/m/n/12 1\OMS/cmsy/m/n/12 g$ \OT1/cmr/m
/n/12 which im-plies that $\OML/cmm/m/it/12 ^^^\OT1/cmr/m/n/12 (\OML/cmm/m/it/1
2 z\OT1/cmr/m/n/12 ) \OMS/cmsy/m/n/12 2 [] [][]\OML/cmm/m/it/12 ; [][]$\OT1/cmr
/m/n/12 .
 []

[36]
Overfull \hbox (32.51234pt too wide) in paragraph at lines 1916--1918
\OT1/cmr/m/n/12 so that $(\OML/cmm/m/it/12 Z; \OMS/cmsy/m/n/12 B\OT1/cmr/m/n/12
 (\OML/cmm/m/it/12 Z\OT1/cmr/m/n/12 ))$ is iso-mor-phic to $([0\OML/cmm/m/it/12
 ; \OT1/cmr/m/n/12 1]\OML/cmm/m/it/12 ; \OMS/cmsy/m/n/12 B\OT1/cmr/m/n/12 ([0\O
ML/cmm/m/it/12 ; \OT1/cmr/m/n/12 1]))$. Then $(\OML/cmm/m/it/12 Z; \OMS/cmsy/m/
n/12 B\OT1/cmr/m/n/12 (\OML/cmm/m/it/12 Z\OT1/cmr/m/n/12 ))$ is iso-mor-phic to
 $([0\OML/cmm/m/it/12 ; \OT1/cmr/m/n/12 1]\OML/cmm/m/it/12 ; \OMS/cmsy/m/n/12 B
\OT1/cmr/m/n/12 ([0\OML/cmm/m/it/12 ; \OT1/cmr/m/n/12 1]))$. 
 []


Underfull \hbox (badness 10000) in paragraph at lines 1926--1927

 []

[37] [38]
Underfull \hbox (badness 10000) in paragraph at lines 2012--2013

 []


Underfull \hbox (badness 10000) in paragraph at lines 2013--2014

 []


Underfull \hbox (badness 10000) in paragraph at lines 2014--2015

 []

[39] [40] [41] [42] [43] [44] [45]
Underfull \vbox (badness 2103) has occurred while \output is active []

 [46]
[47]
Underfull \vbox (badness 10000) has occurred while \output is active []

 [48]
[49] [50] [51] [52] [53] [54] [55] [56] [57]
Underfull \vbox (badness 4531) has occurred while \output is active []

 [58]
[59] [60] [61] [62] [63] [64] [65] [66] [67] [68] [69] [70] [71]
Underfull \hbox (badness 10000) in paragraph at lines 3327--3329

 []

[72] [73] [74] [75] [76] [77] [78] [79] [80] [81]
Underfull \hbox (badness 10000) in paragraph at lines 3686--3688

 []

[82] [83] [84] [85] [86] [87] [88] [89] [90] [91] [92]
Underfull \vbox (badness 5667) has occurred while \output is active []

 [93]
[94] [95] [96] [97] [98] [99]
Underfull \hbox (badness 10000) in paragraph at lines 4550--4551

 []

[100] [101]

Package hyperref Warning: Token not allowed in a PDF string (Unicode):
(hyperref)                removing `math shift' on input line 4646.


Package hyperref Warning: Token not allowed in a PDF string (Unicode):
(hyperref)                removing `superscript' on input line 4646.


Package hyperref Warning: Token not allowed in a PDF string (Unicode):
(hyperref)                removing `math shift' on input line 4646.


LaTeX Warning: Command \L invalid in math mode on input line 4690.

[102] [103] [104] [105] [106]
Overfull \hbox (46.48892pt too wide) in paragraph at lines 4971--4972
[][]\OT1/cmr/bx/n/12 Note 4.4.13. []\OT1/cmr/m/n/12 Equiv-a-lently, $[](\OML/cm
m/m/it/12 F\OT1/cmr/m/n/12 ) = [] [] [][] \OMS/cmsy/m/n/12 j\OML/cmm/m/it/12 F\
OT1/cmr/m/n/12 (\OML/cmm/m/it/12 x[]\OT1/cmr/m/n/12 ) \OMS/cmsy/m/n/12 ^^@ \OML
/cmm/m/it/12 F\OT1/cmr/m/n/12 (\OML/cmm/m/it/12 x[]\OT1/cmr/m/n/12 )\OMS/cmsy/m
/n/12 j \OT1/cmr/m/n/12 : (\OML/cmm/m/it/12 x[]\OT1/cmr/m/n/12 )[] \OMS/cmsy/m/
n/12 ^^Z \OT1/cmr/m/n/12 [\OML/cmm/m/it/12 a; b\OT1/cmr/m/n/12 ][]\OML/cmm/m/it
/12 x[] \OT1/cmr/m/n/12 =
 []

[107] [108] [109] [110] [111] [112] [113] [114]
Underfull \vbox (badness 6978) has occurred while \output is active []

 [115]
[116] [117] [118] [119] [120] [121]
Underfull \hbox (badness 10000) in paragraph at lines 5632--5634

 []

[122]
Underfull \hbox (badness 10000) in paragraph at lines 5663--5665

 []

[123] [124]
Underfull \hbox (badness 10000) in paragraph at lines 5753--5754

 []

[125]
Underfull \hbox (badness 10000) in paragraph at lines 5771--5772

 []


Underfull \vbox (badness 2245) has occurred while \output is active []

 [126]
Overfull \hbox (10.1473pt too wide) in paragraph at lines 5814--5816
[][]\OT1/cmr/bx/n/12 Exercise 4.5.17. []\OT1/cmr/m/n/12 Let $(\OML/cmm/m/it/12 
X; \OMS/cmsy/m/n/12 A\OML/cmm/m/it/12 ; ^^V\OT1/cmr/m/n/12 )$ be a mea-sure spa
ce, $(\OML/cmm/m/it/12 Y; \OMS/cmsy/m/n/12 B\OT1/cmr/m/n/12 )$ a mea-sur-able s
pace, $\OML/cmm/m/it/12 f \OMS/cmsy/m/n/12 2 \OML/cmm/m/it/12 L[]\OT1/cmr/m/n/1
2 (\OML/cmm/m/it/12 X; \OMS/cmsy/m/n/12 A\OML/cmm/m/it/12 ; ^^V\OT1/cmr/m/n/12 
)$
 []

[127] [128] [129]

Package hyperref Warning: Token not allowed in a PDF string (Unicode):
(hyperref)                removing `math shift' on input line 5928.


Package hyperref Warning: Token not allowed in a PDF string (Unicode):
(hyperref)                removing `superscript' on input line 5928.


Package hyperref Warning: Token not allowed in a PDF string (Unicode):
(hyperref)                removing `math shift' on input line 5928.

[130]
Underfull \vbox (badness 10000) has occurred while \output is active []

 [131]
[132] [133] [134] [135] [136] [137] [138] [139]
Underfull \vbox (badness 1565) has occurred while \output is active []

 [140]
Underfull \vbox (badness 1092) has occurred while \output is active []

 [141]
[142] [143] [144]
Underfull \hbox (badness 10000) in paragraph at lines 6625--6628

 []

[145] [146] [147] [148] [149] [150] [151] [152] [153] [154]
Underfull \vbox (badness 3557) has occurred while \output is active []

 [155]
[156] [157] [158] [159] [160] [161] [162] [163] [164] [165] [166] [167]
[168] [169] [170]
Underfull \vbox (badness 10000) has occurred while \output is active []

 [171]
[172] [173] [174] [175] [176] [177] [178]
Underfull \vbox (badness 2495) has occurred while \output is active []

 [179]
[180] [181] [182] [183] [184] [185]
(./Introduction to Measure and Integration.aux)

LaTeX Warning: There were multiply-defined labels.

Package rerunfilecheck Info: File `"Introduction to Measure and Integration".ou
t' has not changed.
(rerunfilecheck)             Checksum: E69E51143CF1333DD5AEFD0DEFF926AC;9876.
 ) 
Here is how much of TeX's memory you used:
 23784 strings out of 480171
 442364 string characters out of 5894489
 714258 words of memory out of 5000000
 40069 multiletter control sequences out of 15000+600000
 476857 words of font info for 58 fonts, out of 8000000 for 9000
 220 hyphenation exceptions out of 8191
 114i,19n,118p,1179b,1063s stack positions out of 5000i,500n,10000p,200000b,80000s
</usr/share/texlive/texmf-dist/fonts/type1/public/amsfonts/cm/cmbx12.pfb></us
r/share/texlive/texmf-dist/fonts/type1/public/amsfonts/cm/cmcsc10.pfb></usr/sha
re/texlive/texmf-dist/fonts/type1/public/amsfonts/cm/cmex10.pfb></usr/share/tex
live/texmf-dist/fonts/type1/public/amsfonts/cmextra/cmex8.pfb></usr/share/texli
ve/texmf-dist/fonts/type1/public/amsfonts/cm/cmmi12.pfb></usr/share/texlive/tex
mf-dist/fonts/type1/public/amsfonts/cm/cmmi6.pfb></usr/share/texlive/texmf-dist
/fonts/type1/public/amsfonts/cm/cmmi8.pfb></usr/share/texlive/texmf-dist/fonts/
type1/public/amsfonts/cm/cmr10.pfb></usr/share/texlive/texmf-dist/fonts/type1/p
ublic/amsfonts/cm/cmr12.pfb></usr/share/texlive/texmf-dist/fonts/type1/public/a
msfonts/cm/cmr6.pfb></usr/share/texlive/texmf-dist/fonts/type1/public/amsfonts/
cm/cmr8.pfb></usr/share/texlive/texmf-dist/fonts/type1/public/amsfonts/cm/cmr9.
pfb></usr/share/texlive/texmf-dist/fonts/type1/public/amsfonts/cm/cmsy10.pfb></
usr/share/texlive/texmf-dist/fonts/type1/public/amsfonts/cm/cmsy6.pfb></usr/sha
re/texlive/texmf-dist/fonts/type1/public/amsfonts/cm/cmsy8.pfb></usr/share/texl
ive/texmf-dist/fonts/type1/public/amsfonts/cm/cmti12.pfb></usr/share/texlive/te
xmf-dist/fonts/type1/public/amsfonts/symbols/msam10.pfb></usr/share/texlive/tex
mf-dist/fonts/type1/public/amsfonts/symbols/msbm10.pfb></usr/share/texlive/texm
f-dist/fonts/type1/public/amsfonts/symbols/msbm7.pfb>
Output written on "Introduction to Measure and Integration.pdf" (185 pages, 770
135 bytes).
PDF statistics:
 2378 PDF objects out of 2487 (max. 8388607)
 2131 compressed objects within 22 object streams
 1141 named destinations out of 1200 (max. 500000)
 437 words of extra memory for PDF output out of 10000 (max. 10000000)

