\BOOKMARK [0][-]{section*.2}{\376\377\000N\000o\000t\000a\000t\000i\000o\000n}{}% 1
\BOOKMARK [0][-]{chapter*.4}{\376\377\000P\000r\000e\000f\000a\000c\000e}{}% 2
\BOOKMARK [0][-]{chapter.1}{\376\377\000P\000r\000e\000l\000i\000m\000i\000a\000r\000i\000e\000s}{}% 3
\BOOKMARK [1][-]{section.1.1}{\376\377\000C\000a\000t\000e\000g\000o\000r\000y\000\040\000T\000h\000e\000o\000r\000y}{chapter.1}% 4
\BOOKMARK [2][-]{subsection.1.1.1}{\376\377\000T\000h\000e\000\040\000U\000n\000i\000t\000a\000r\000y\000\040\000G\000r\000o\000u\000p}{section.1.1}% 5
\BOOKMARK [0][-]{chapter.2}{\376\377\000R\000e\000p\000r\000e\000s\000e\000n\000t\000a\000t\000i\000o\000n\000\040\000T\000h\000e\000o\000r\000y}{}% 6
\BOOKMARK [1][-]{section.2.1}{\376\377\000G\000r\000o\000u\000p\000\040\000R\000e\000p\000r\000e\000s\000e\000n\000t\000a\000t\000i\000o\000n\000s}{chapter.2}% 7
\BOOKMARK [2][-]{subsection.2.1.1}{\376\377\000U\000n\000i\000t\000a\000r\000y\000\040\000r\000e\000p\000r\000e\000s\000e\000n\000t\000a\000t\000i\000o\000n\000s}{section.2.1}% 8
\BOOKMARK [2][-]{subsection.2.1.2}{\376\377\000S\000u\000b\000r\000e\000p\000r\000e\000s\000e\000n\000t\000a\000t\000i\000o\000n\000s}{section.2.1}% 9
\BOOKMARK [2][-]{subsection.2.1.3}{\376\377\000D\000i\000r\000e\000c\000t\000\040\000S\000u\000m\000\040\000o\000f\000\040\000R\000e\000p\000r\000e\000s\000e\000n\000t\000a\000t\000i\000o\000n\000s}{section.2.1}% 10
\BOOKMARK [1][-]{section.2.2}{\376\377\000T\000a\000n\000n\000a\000k\000a\000\040\000D\000u\000a\000l\000i\000t\000y}{chapter.2}% 11
\BOOKMARK [0][-]{chapter.3}{\376\377\000F\000o\000u\000r\000i\000e\000r\000\040\000A\000n\000a\000l\000y\000s\000i\000s\000\040\000o\000n\000\040\000S\000\050\000R\000n\000\051}{}% 12
\BOOKMARK [1][-]{section.3.1}{\376\377\000S\000c\000h\000w\000a\000r\000t\000z\000\040\000S\000p\000a\000c\000e}{chapter.3}% 13
\BOOKMARK [1][-]{section.3.2}{\376\377\000P\000o\000s\000i\000t\000i\000o\000n\000\040\000a\000n\000d\000\040\000M\000o\000m\000e\000n\000t\000u\000m\000\040\000O\000p\000e\000r\000a\000t\000o\000r\000s}{chapter.3}% 14
\BOOKMARK [1][-]{section.3.3}{\376\377\000T\000r\000a\000n\000s\000l\000a\000t\000i\000o\000n\000\040\000a\000n\000d\000\040\000R\000o\000t\000a\000t\000i\000o\000n\000\040\000O\000p\000e\000r\000a\000t\000o\000r\000s}{chapter.3}% 15
\BOOKMARK [1][-]{section.3.4}{\376\377\000D\000i\000l\000a\000t\000i\000o\000n\000\040\000a\000n\000d\000\040\000C\000o\000n\000c\000e\000n\000t\000r\000a\000t\000i\000o\000n\000\040\000O\000p\000e\000r\000a\000t\000o\000r\000s}{chapter.3}% 16
\BOOKMARK [1][-]{section.3.5}{\376\377\000T\000h\000e\000\040\000C\000o\000n\000v\000o\000l\000u\000t\000i\000o\000n\000\040\000o\000n\000\040\000S\000\050\000R\000n\000\051}{chapter.3}% 17
\BOOKMARK [1][-]{section.3.6}{\376\377\000T\000h\000e\000\040\000F\000o\000u\000r\000i\000e\000r\000\040\000T\000r\000a\000n\000s\000f\000o\000r\000m\000\040\000o\000n\000\040\000S\000\050\000R\000n\000\051}{chapter.3}% 18
\BOOKMARK [1][-]{section.3.7}{\376\377\000T\000e\000m\000p\000e\000r\000e\000d\000\040\000D\000i\000s\000t\000r\000i\000b\000u\000t\000i\000o\000n\000s}{chapter.3}% 19
\BOOKMARK [1][-]{section.3.8}{\376\377\000T\000h\000e\000\040\000F\000o\000u\000r\000i\000e\000r\000\040\000T\000r\000a\000n\000s\000f\000o\000r\000m\000\040\000o\000n\000\040\000M\000\050\000R\000\051}{chapter.3}% 20
\BOOKMARK [0][-]{chapter.4}{\376\377\000F\000o\000u\000r\000i\000e\000r\000\040\000A\000n\000a\000l\000y\000s\000i\000s\000\040\000o\000n\000\040\000R\000n}{}% 21
\BOOKMARK [1][-]{section.4.1}{\376\377\000S\000c\000h\000w\000a\000r\000t\000z\000\040\000S\000p\000a\000c\000e}{chapter.4}% 22
\BOOKMARK [1][-]{section.4.2}{\376\377\000T\000h\000e\000\040\000C\000o\000n\000v\000o\000l\000u\000t\000i\000o\000n}{chapter.4}% 23
\BOOKMARK [1][-]{section.4.3}{\376\377\000T\000h\000e\000\040\000F\000o\000u\000r\000i\000e\000r\000\040\000T\000r\000a\000n\000s\000f\000o\000r\000m}{chapter.4}% 24
\BOOKMARK [0][-]{chapter.5}{\376\377\000F\000o\000u\000r\000i\000e\000r\000\040\000A\000n\000a\000l\000y\000s\000i\000s\000\040\000o\000n\000\040\000L\000C\000A\000\040\000G\000r\000o\000u\000p\000s}{}% 25
\BOOKMARK [1][-]{section.5.1}{\376\377\000T\000h\000e\000\040\000C\000o\000n\000v\000o\000l\000u\000t\000i\000o\000n}{chapter.5}% 26
\BOOKMARK [0][-]{chapter.6}{\376\377\000F\000o\000u\000r\000i\000e\000r\000\040\000A\000n\000a\000l\000y\000s\000i\000s\000\040\000o\000n\000\040\000B\000a\000n\000a\000c\000h\000\040\000S\000p\000a\000c\000e\000s}{}% 27
\BOOKMARK [0][-]{chapter.7}{\376\377\000F\000o\000u\000r\000i\000e\000r\000\040\000A\000n\000a\000l\000y\000s\000i\000s\000\040\000o\000n\000\040\000B\000a\000n\000a\000c\000h\000\040\000S\000p\000a\000c\000e\000s}{}% 28
\BOOKMARK [0][-]{appendix.A}{\376\377\000S\000u\000m\000m\000a\000t\000i\000o\000n}{}% 29
\BOOKMARK [0][-]{appendix.B}{\376\377\000A\000s\000y\000m\000p\000t\000o\000t\000i\000c\000\040\000N\000o\000t\000a\000t\000i\000o\000n}{}% 30
